Pouilleux Replay Log — game 3 started at 2025-05-07 12:10:29

STEP 0: Player 1 initial purge: []
  Player 1 → [KING of DIAMONDS, SEVEN of HEARTS, FOUR of DIAMONDS, ACE of DIAMONDS, FIVE of SPADES, FOUR of CLUBS, FIVE of DIAMONDS, SIX of CLUBS, NINE of HEARTS, THREE of HEARTS, NINE of CLUBS, JACK of HEARTS, ACE of SPADES]
  Basic Bot 1 → [FOUR of SPADES, FIVE of HEARTS, TEN of DIAMONDS, JACK of DIAMONDS, TWO of SPADES, EIGHT of SPADES, TWO of HEARTS, ACE of CLUBS, EIGHT of DIAMONDS, QUEEN of DIAMONDS, QUEEN of SPADES, NINE of DIAMONDS, THREE of DIAMONDS]
  Basic Bot 2 → [TWO of DIAMONDS, QUEEN of CLUBS, JACK of SPADES, SEVEN of CLUBS, NINE of SPADES, TEN of CLUBS, SEVEN of DIAMONDS, THREE of CLUBS, ACE of HEARTS, KING of SPADES, TEN of HEARTS, SEVEN of SPADES, KING of HEARTS]
  Basic Bot 3 → [SIX of HEARTS, SIX of SPADES, EIGHT of CLUBS, KING of CLUBS, SIX of DIAMONDS, TEN of SPADES, EIGHT of HEARTS, TWO of CLUBS, QUEEN of HEARTS, FOUR of HEARTS, FIVE of CLUBS, THREE of SPADES]

STEP 1: Basic Bot 1 initial purge: []
  Player 1 → [KING of DIAMONDS, SEVEN of HEARTS, FOUR of DIAMONDS, ACE of DIAMONDS, FIVE of SPADES, FOUR of CLUBS, FIVE of DIAMONDS, SIX of CLUBS, NINE of HEARTS, THREE of HEARTS, NINE of CLUBS, JACK of HEARTS, ACE of SPADES]
  Basic Bot 1 → [FOUR of SPADES, FIVE of HEARTS, TEN of DIAMONDS, JACK of DIAMONDS, TWO of SPADES, EIGHT of SPADES, TWO of HEARTS, ACE of CLUBS, EIGHT of DIAMONDS, QUEEN of DIAMONDS, QUEEN of SPADES, NINE of DIAMONDS, THREE of DIAMONDS]
  Basic Bot 2 → [TWO of DIAMONDS, QUEEN of CLUBS, JACK of SPADES, SEVEN of CLUBS, NINE of SPADES, TEN of CLUBS, SEVEN of DIAMONDS, THREE of CLUBS, ACE of HEARTS, KING of SPADES, TEN of HEARTS, SEVEN of SPADES, KING of HEARTS]
  Basic Bot 3 → [SIX of HEARTS, SIX of SPADES, EIGHT of CLUBS, KING of CLUBS, SIX of DIAMONDS, TEN of SPADES, EIGHT of HEARTS, TWO of CLUBS, QUEEN of HEARTS, FOUR of HEARTS, FIVE of CLUBS, THREE of SPADES]

STEP 2: Basic Bot 2 initial purge: [SEVEN of CLUBS, SEVEN of SPADES]
  Player 1 → [KING of DIAMONDS, SEVEN of HEARTS, FOUR of DIAMONDS, ACE of DIAMONDS, FIVE of SPADES, FOUR of CLUBS, FIVE of DIAMONDS, SIX of CLUBS, NINE of HEARTS, THREE of HEARTS, NINE of CLUBS, JACK of HEARTS, ACE of SPADES]
  Basic Bot 1 → [FOUR of SPADES, FIVE of HEARTS, TEN of DIAMONDS, JACK of DIAMONDS, TWO of SPADES, EIGHT of SPADES, TWO of HEARTS, ACE of CLUBS, EIGHT of DIAMONDS, QUEEN of DIAMONDS, QUEEN of SPADES, NINE of DIAMONDS, THREE of DIAMONDS]
  Basic Bot 2 → [TWO of DIAMONDS, QUEEN of CLUBS, JACK of SPADES, NINE of SPADES, TEN of CLUBS, SEVEN of DIAMONDS, THREE of CLUBS, ACE of HEARTS, KING of SPADES, TEN of HEARTS, KING of HEARTS]
  Basic Bot 3 → [SIX of HEARTS, SIX of SPADES, EIGHT of CLUBS, KING of CLUBS, SIX of DIAMONDS, TEN of SPADES, EIGHT of HEARTS, TWO of CLUBS, QUEEN of HEARTS, FOUR of HEARTS, FIVE of CLUBS, THREE of SPADES]

STEP 3: Basic Bot 3 initial purge: [SIX of HEARTS, SIX of DIAMONDS]
  Player 1 → [KING of DIAMONDS, SEVEN of HEARTS, FOUR of DIAMONDS, ACE of DIAMONDS, FIVE of SPADES, FOUR of CLUBS, FIVE of DIAMONDS, SIX of CLUBS, NINE of HEARTS, THREE of HEARTS, NINE of CLUBS, JACK of HEARTS, ACE of SPADES]
  Basic Bot 1 → [FOUR of SPADES, FIVE of HEARTS, TEN of DIAMONDS, JACK of DIAMONDS, TWO of SPADES, EIGHT of SPADES, TWO of HEARTS, ACE of CLUBS, EIGHT of DIAMONDS, QUEEN of DIAMONDS, QUEEN of SPADES, NINE of DIAMONDS, THREE of DIAMONDS]
  Basic Bot 2 → [TWO of DIAMONDS, QUEEN of CLUBS, JACK of SPADES, NINE of SPADES, TEN of CLUBS, SEVEN of DIAMONDS, THREE of CLUBS, ACE of HEARTS, KING of SPADES, TEN of HEARTS, KING of HEARTS]
  Basic Bot 3 → [SIX of SPADES, EIGHT of CLUBS, KING of CLUBS, TEN of SPADES, EIGHT of HEARTS, TWO of CLUBS, QUEEN of HEARTS, FOUR of HEARTS, FIVE of CLUBS, THREE of SPADES]

STEP 4: Basic Bot 2 turn purge: []
  Player 1 → [KING of DIAMONDS, SEVEN of HEARTS, FOUR of DIAMONDS, ACE of DIAMONDS, FIVE of SPADES, FOUR of CLUBS, FIVE of DIAMONDS, SIX of CLUBS, NINE of HEARTS, THREE of HEARTS, NINE of CLUBS, JACK of HEARTS, ACE of SPADES]
  Basic Bot 1 → [FOUR of SPADES, FIVE of HEARTS, TEN of DIAMONDS, JACK of DIAMONDS, TWO of SPADES, EIGHT of SPADES, TWO of HEARTS, ACE of CLUBS, EIGHT of DIAMONDS, QUEEN of DIAMONDS, QUEEN of SPADES, NINE of DIAMONDS, THREE of DIAMONDS]
  Basic Bot 2 → [ACE of HEARTS, TWO of DIAMONDS, SEVEN of DIAMONDS, TEN of HEARTS, KING of HEARTS, THREE of CLUBS, NINE of SPADES, TEN of CLUBS, JACK of SPADES, QUEEN of CLUBS, KING of SPADES, EIGHT of HEARTS]
  Basic Bot 3 → [SIX of SPADES, EIGHT of CLUBS, KING of CLUBS, TEN of SPADES, TWO of CLUBS, QUEEN of HEARTS, FOUR of HEARTS, FIVE of CLUBS, THREE of SPADES]

STEP 5: Basic Bot 3 turn purge: []
  Player 1 → [KING of DIAMONDS, SEVEN of HEARTS, FOUR of DIAMONDS, FIVE of SPADES, FOUR of CLUBS, FIVE of DIAMONDS, SIX of CLUBS, NINE of HEARTS, THREE of HEARTS, NINE of CLUBS, JACK of HEARTS, ACE of SPADES]
  Basic Bot 1 → [FOUR of SPADES, FIVE of HEARTS, TEN of DIAMONDS, JACK of DIAMONDS, TWO of SPADES, EIGHT of SPADES, TWO of HEARTS, ACE of CLUBS, EIGHT of DIAMONDS, QUEEN of DIAMONDS, QUEEN of SPADES, NINE of DIAMONDS, THREE of DIAMONDS]
  Basic Bot 2 → [ACE of HEARTS, TWO of DIAMONDS, SEVEN of DIAMONDS, TEN of HEARTS, KING of HEARTS, THREE of CLUBS, NINE of SPADES, TEN of CLUBS, JACK of SPADES, QUEEN of CLUBS, KING of SPADES, EIGHT of HEARTS]
  Basic Bot 3 → [FOUR of HEARTS, QUEEN of HEARTS, TWO of CLUBS, THREE of SPADES, FIVE of CLUBS, SIX of SPADES, EIGHT of CLUBS, TEN of SPADES, KING of CLUBS, ACE of DIAMONDS]

STEP 6: Player 1 turn purge: []
  Player 1 → [KING of DIAMONDS, SEVEN of HEARTS, FOUR of DIAMONDS, FIVE of SPADES, FOUR of CLUBS, FIVE of DIAMONDS, SIX of CLUBS, NINE of HEARTS, THREE of HEARTS, NINE of CLUBS, JACK of HEARTS, ACE of SPADES, EIGHT of DIAMONDS]
  Basic Bot 1 → [FOUR of SPADES, FIVE of HEARTS, TEN of DIAMONDS, JACK of DIAMONDS, TWO of SPADES, EIGHT of SPADES, TWO of HEARTS, ACE of CLUBS, QUEEN of DIAMONDS, QUEEN of SPADES, NINE of DIAMONDS, THREE of DIAMONDS]
  Basic Bot 2 → [ACE of HEARTS, TWO of DIAMONDS, SEVEN of DIAMONDS, TEN of HEARTS, KING of HEARTS, THREE of CLUBS, NINE of SPADES, TEN of CLUBS, JACK of SPADES, QUEEN of CLUBS, KING of SPADES, EIGHT of HEARTS]
  Basic Bot 3 → [FOUR of HEARTS, QUEEN of HEARTS, TWO of CLUBS, THREE of SPADES, FIVE of CLUBS, SIX of SPADES, EIGHT of CLUBS, TEN of SPADES, KING of CLUBS, ACE of DIAMONDS]

STEP 7: Basic Bot 1 turn purge: []
  Player 1 → [KING of DIAMONDS, SEVEN of HEARTS, FOUR of DIAMONDS, FIVE of SPADES, FOUR of CLUBS, FIVE of DIAMONDS, SIX of CLUBS, NINE of HEARTS, THREE of HEARTS, NINE of CLUBS, JACK of HEARTS, ACE of SPADES, EIGHT of DIAMONDS]
  Basic Bot 1 → [ACE of CLUBS, TWO of HEARTS, TWO of SPADES, THREE of DIAMONDS, FOUR of SPADES, FIVE of HEARTS, EIGHT of SPADES, NINE of DIAMONDS, TEN of DIAMONDS, JACK of DIAMONDS, QUEEN of DIAMONDS, QUEEN of SPADES, NINE of SPADES]
  Basic Bot 2 → [ACE of HEARTS, TWO of DIAMONDS, SEVEN of DIAMONDS, TEN of HEARTS, KING of HEARTS, THREE of CLUBS, TEN of CLUBS, JACK of SPADES, QUEEN of CLUBS, KING of SPADES, EIGHT of HEARTS]
  Basic Bot 3 → [FOUR of HEARTS, QUEEN of HEARTS, TWO of CLUBS, THREE of SPADES, FIVE of CLUBS, SIX of SPADES, EIGHT of CLUBS, TEN of SPADES, KING of CLUBS, ACE of DIAMONDS]

STEP 8: Basic Bot 2 turn purge: [TEN of CLUBS, TEN of SPADES]
  Player 1 → [KING of DIAMONDS, SEVEN of HEARTS, FOUR of DIAMONDS, FIVE of SPADES, FOUR of CLUBS, FIVE of DIAMONDS, SIX of CLUBS, NINE of HEARTS, THREE of HEARTS, NINE of CLUBS, JACK of HEARTS, ACE of SPADES, EIGHT of DIAMONDS]
  Basic Bot 1 → [ACE of CLUBS, TWO of HEARTS, TWO of SPADES, THREE of DIAMONDS, FOUR of SPADES, FIVE of HEARTS, EIGHT of SPADES, NINE of DIAMONDS, TEN of DIAMONDS, JACK of DIAMONDS, QUEEN of DIAMONDS, QUEEN of SPADES, NINE of SPADES]
  Basic Bot 2 → [ACE of HEARTS, TWO of DIAMONDS, SEVEN of DIAMONDS, EIGHT of HEARTS, TEN of HEARTS, KING of HEARTS, THREE of CLUBS, JACK of SPADES, QUEEN of CLUBS, KING of SPADES]
  Basic Bot 3 → [FOUR of HEARTS, QUEEN of HEARTS, TWO of CLUBS, THREE of SPADES, FIVE of CLUBS, SIX of SPADES, EIGHT of CLUBS, KING of CLUBS, ACE of DIAMONDS]

STEP 9: Basic Bot 3 turn purge: []
  Player 1 → [KING of DIAMONDS, SEVEN of HEARTS, FOUR of DIAMONDS, FIVE of SPADES, FOUR of CLUBS, SIX of CLUBS, NINE of HEARTS, THREE of HEARTS, NINE of CLUBS, JACK of HEARTS, ACE of SPADES, EIGHT of DIAMONDS]
  Basic Bot 1 → [ACE of CLUBS, TWO of HEARTS, TWO of SPADES, THREE of DIAMONDS, FOUR of SPADES, FIVE of HEARTS, EIGHT of SPADES, NINE of DIAMONDS, TEN of DIAMONDS, JACK of DIAMONDS, QUEEN of DIAMONDS, QUEEN of SPADES, NINE of SPADES]
  Basic Bot 2 → [ACE of HEARTS, TWO of DIAMONDS, SEVEN of DIAMONDS, EIGHT of HEARTS, TEN of HEARTS, KING of HEARTS, THREE of CLUBS, JACK of SPADES, QUEEN of CLUBS, KING of SPADES]
  Basic Bot 3 → [ACE of DIAMONDS, FOUR of HEARTS, QUEEN of HEARTS, TWO of CLUBS, THREE of SPADES, FIVE of CLUBS, SIX of SPADES, EIGHT of CLUBS, KING of CLUBS, FIVE of DIAMONDS]

STEP 10: Player 1 turn purge: []
  Player 1 → [KING of DIAMONDS, SEVEN of HEARTS, FOUR of DIAMONDS, FIVE of SPADES, FOUR of CLUBS, SIX of CLUBS, NINE of HEARTS, THREE of HEARTS, NINE of CLUBS, JACK of HEARTS, ACE of SPADES, EIGHT of DIAMONDS, TWO of HEARTS]
  Basic Bot 1 → [ACE of CLUBS, TWO of SPADES, THREE of DIAMONDS, FOUR of SPADES, FIVE of HEARTS, EIGHT of SPADES, NINE of DIAMONDS, TEN of DIAMONDS, JACK of DIAMONDS, QUEEN of DIAMONDS, QUEEN of SPADES, NINE of SPADES]
  Basic Bot 2 → [ACE of HEARTS, TWO of DIAMONDS, SEVEN of DIAMONDS, EIGHT of HEARTS, TEN of HEARTS, KING of HEARTS, THREE of CLUBS, JACK of SPADES, QUEEN of CLUBS, KING of SPADES]
  Basic Bot 3 → [ACE of DIAMONDS, FOUR of HEARTS, QUEEN of HEARTS, TWO of CLUBS, THREE of SPADES, FIVE of CLUBS, SIX of SPADES, EIGHT of CLUBS, KING of CLUBS, FIVE of DIAMONDS]

STEP 11: Basic Bot 1 turn purge: []
  Player 1 → [KING of DIAMONDS, SEVEN of HEARTS, FOUR of DIAMONDS, FIVE of SPADES, FOUR of CLUBS, SIX of CLUBS, NINE of HEARTS, THREE of HEARTS, NINE of CLUBS, JACK of HEARTS, ACE of SPADES, EIGHT of DIAMONDS, TWO of HEARTS]
  Basic Bot 1 → [ACE of CLUBS, TWO of SPADES, THREE of DIAMONDS, FOUR of SPADES, FIVE of HEARTS, EIGHT of SPADES, NINE of DIAMONDS, NINE of SPADES, TEN of DIAMONDS, JACK of DIAMONDS, QUEEN of DIAMONDS, QUEEN of SPADES, KING of HEARTS]
  Basic Bot 2 → [ACE of HEARTS, TWO of DIAMONDS, SEVEN of DIAMONDS, EIGHT of HEARTS, TEN of HEARTS, THREE of CLUBS, JACK of SPADES, QUEEN of CLUBS, KING of SPADES]
  Basic Bot 3 → [ACE of DIAMONDS, FOUR of HEARTS, QUEEN of HEARTS, TWO of CLUBS, THREE of SPADES, FIVE of CLUBS, SIX of SPADES, EIGHT of CLUBS, KING of CLUBS, FIVE of DIAMONDS]

STEP 12: Basic Bot 2 turn purge: []
  Player 1 → [KING of DIAMONDS, SEVEN of HEARTS, FOUR of DIAMONDS, FIVE of SPADES, FOUR of CLUBS, SIX of CLUBS, NINE of HEARTS, THREE of HEARTS, NINE of CLUBS, JACK of HEARTS, ACE of SPADES, EIGHT of DIAMONDS, TWO of HEARTS]
  Basic Bot 1 → [ACE of CLUBS, TWO of SPADES, THREE of DIAMONDS, FOUR of SPADES, FIVE of HEARTS, EIGHT of SPADES, NINE of DIAMONDS, NINE of SPADES, TEN of DIAMONDS, JACK of DIAMONDS, QUEEN of DIAMONDS, QUEEN of SPADES, KING of HEARTS]
  Basic Bot 2 → [ACE of HEARTS, TWO of DIAMONDS, SEVEN of DIAMONDS, EIGHT of HEARTS, TEN of HEARTS, THREE of CLUBS, JACK of SPADES, QUEEN of CLUBS, KING of SPADES, TWO of CLUBS]
  Basic Bot 3 → [ACE of DIAMONDS, FOUR of HEARTS, QUEEN of HEARTS, THREE of SPADES, FIVE of CLUBS, SIX of SPADES, EIGHT of CLUBS, KING of CLUBS, FIVE of DIAMONDS]

STEP 13: Basic Bot 3 turn purge: []
  Player 1 → [KING of DIAMONDS, SEVEN of HEARTS, FOUR of DIAMONDS, FIVE of SPADES, FOUR of CLUBS, SIX of CLUBS, NINE of HEARTS, NINE of CLUBS, JACK of HEARTS, ACE of SPADES, EIGHT of DIAMONDS, TWO of HEARTS]
  Basic Bot 1 → [ACE of CLUBS, TWO of SPADES, THREE of DIAMONDS, FOUR of SPADES, FIVE of HEARTS, EIGHT of SPADES, NINE of DIAMONDS, NINE of SPADES, TEN of DIAMONDS, JACK of DIAMONDS, QUEEN of DIAMONDS, QUEEN of SPADES, KING of HEARTS]
  Basic Bot 2 → [ACE of HEARTS, TWO of DIAMONDS, SEVEN of DIAMONDS, EIGHT of HEARTS, TEN of HEARTS, THREE of CLUBS, JACK of SPADES, QUEEN of CLUBS, KING of SPADES, TWO of CLUBS]
  Basic Bot 3 → [ACE of DIAMONDS, THREE of SPADES, FOUR of HEARTS, FIVE of CLUBS, FIVE of DIAMONDS, SIX of SPADES, EIGHT of CLUBS, QUEEN of HEARTS, KING of CLUBS, THREE of HEARTS]

STEP 14: Player 1 turn purge: []
  Player 1 → [KING of DIAMONDS, SEVEN of HEARTS, FOUR of DIAMONDS, FIVE of SPADES, FOUR of CLUBS, SIX of CLUBS, NINE of HEARTS, NINE of CLUBS, JACK of HEARTS, ACE of SPADES, EIGHT of DIAMONDS, TWO of HEARTS, ACE of CLUBS]
  Basic Bot 1 → [TWO of SPADES, THREE of DIAMONDS, FOUR of SPADES, FIVE of HEARTS, EIGHT of SPADES, NINE of DIAMONDS, NINE of SPADES, TEN of DIAMONDS, JACK of DIAMONDS, QUEEN of DIAMONDS, QUEEN of SPADES, KING of HEARTS]
  Basic Bot 2 → [ACE of HEARTS, TWO of DIAMONDS, SEVEN of DIAMONDS, EIGHT of HEARTS, TEN of HEARTS, THREE of CLUBS, JACK of SPADES, QUEEN of CLUBS, KING of SPADES, TWO of CLUBS]
  Basic Bot 3 → [ACE of DIAMONDS, THREE of SPADES, FOUR of HEARTS, FIVE of CLUBS, FIVE of DIAMONDS, SIX of SPADES, EIGHT of CLUBS, QUEEN of HEARTS, KING of CLUBS, THREE of HEARTS]

STEP 15: Basic Bot 1 turn purge: [QUEEN of SPADES, QUEEN of CLUBS]
  Player 1 → [KING of DIAMONDS, SEVEN of HEARTS, FOUR of DIAMONDS, FIVE of SPADES, FOUR of CLUBS, SIX of CLUBS, NINE of HEARTS, NINE of CLUBS, JACK of HEARTS, ACE of SPADES, EIGHT of DIAMONDS, TWO of HEARTS, ACE of CLUBS]
  Basic Bot 1 → [TWO of SPADES, THREE of DIAMONDS, FOUR of SPADES, FIVE of HEARTS, EIGHT of SPADES, NINE of DIAMONDS, NINE of SPADES, TEN of DIAMONDS, JACK of DIAMONDS, QUEEN of DIAMONDS, KING of HEARTS]
  Basic Bot 2 → [ACE of HEARTS, TWO of DIAMONDS, SEVEN of DIAMONDS, EIGHT of HEARTS, TEN of HEARTS, THREE of CLUBS, JACK of SPADES, KING of SPADES, TWO of CLUBS]
  Basic Bot 3 → [ACE of DIAMONDS, THREE of SPADES, FOUR of HEARTS, FIVE of CLUBS, FIVE of DIAMONDS, SIX of SPADES, EIGHT of CLUBS, QUEEN of HEARTS, KING of CLUBS, THREE of HEARTS]

STEP 16: Basic Bot 2 turn purge: [ACE of HEARTS, ACE of DIAMONDS]
  Player 1 → [KING of DIAMONDS, SEVEN of HEARTS, FOUR of DIAMONDS, FIVE of SPADES, FOUR of CLUBS, SIX of CLUBS, NINE of HEARTS, NINE of CLUBS, JACK of HEARTS, ACE of SPADES, EIGHT of DIAMONDS, TWO of HEARTS, ACE of CLUBS]
  Basic Bot 1 → [TWO of SPADES, THREE of DIAMONDS, FOUR of SPADES, FIVE of HEARTS, EIGHT of SPADES, NINE of DIAMONDS, NINE of SPADES, TEN of DIAMONDS, JACK of DIAMONDS, QUEEN of DIAMONDS, KING of HEARTS]
  Basic Bot 2 → [TWO of CLUBS, THREE of CLUBS, TWO of DIAMONDS, SEVEN of DIAMONDS, EIGHT of HEARTS, TEN of HEARTS, JACK of SPADES, KING of SPADES]
  Basic Bot 3 → [THREE of SPADES, FOUR of HEARTS, FIVE of CLUBS, FIVE of DIAMONDS, SIX of SPADES, EIGHT of CLUBS, QUEEN of HEARTS, KING of CLUBS, THREE of HEARTS]

STEP 17: Basic Bot 3 turn purge: []
  Player 1 → [KING of DIAMONDS, SEVEN of HEARTS, FOUR of DIAMONDS, FIVE of SPADES, FOUR of CLUBS, SIX of CLUBS, NINE of HEARTS, NINE of CLUBS, JACK of HEARTS, ACE of SPADES, TWO of HEARTS, ACE of CLUBS]
  Basic Bot 1 → [TWO of SPADES, THREE of DIAMONDS, FOUR of SPADES, FIVE of HEARTS, EIGHT of SPADES, NINE of DIAMONDS, NINE of SPADES, TEN of DIAMONDS, JACK of DIAMONDS, QUEEN of DIAMONDS, KING of HEARTS]
  Basic Bot 2 → [TWO of CLUBS, THREE of CLUBS, TWO of DIAMONDS, SEVEN of DIAMONDS, EIGHT of HEARTS, TEN of HEARTS, JACK of SPADES, KING of SPADES]
  Basic Bot 3 → [THREE of HEARTS, THREE of SPADES, FOUR of HEARTS, FIVE of CLUBS, FIVE of DIAMONDS, SIX of SPADES, EIGHT of CLUBS, QUEEN of HEARTS, KING of CLUBS, EIGHT of DIAMONDS]

STEP 18: Player 1 turn purge: []
  Player 1 → [KING of DIAMONDS, SEVEN of HEARTS, FOUR of DIAMONDS, FIVE of SPADES, FOUR of CLUBS, SIX of CLUBS, NINE of HEARTS, NINE of CLUBS, JACK of HEARTS, ACE of SPADES, TWO of HEARTS, ACE of CLUBS, KING of HEARTS]
  Basic Bot 1 → [TWO of SPADES, THREE of DIAMONDS, FOUR of SPADES, FIVE of HEARTS, EIGHT of SPADES, NINE of DIAMONDS, NINE of SPADES, TEN of DIAMONDS, JACK of DIAMONDS, QUEEN of DIAMONDS]
  Basic Bot 2 → [TWO of CLUBS, THREE of CLUBS, TWO of DIAMONDS, SEVEN of DIAMONDS, EIGHT of HEARTS, TEN of HEARTS, JACK of SPADES, KING of SPADES]
  Basic Bot 3 → [THREE of HEARTS, THREE of SPADES, FOUR of HEARTS, FIVE of CLUBS, FIVE of DIAMONDS, SIX of SPADES, EIGHT of CLUBS, QUEEN of HEARTS, KING of CLUBS, EIGHT of DIAMONDS]

STEP 19: Basic Bot 1 turn purge: [TEN of DIAMONDS, TEN of HEARTS]
  Player 1 → [KING of DIAMONDS, SEVEN of HEARTS, FOUR of DIAMONDS, FIVE of SPADES, FOUR of CLUBS, SIX of CLUBS, NINE of HEARTS, NINE of CLUBS, JACK of HEARTS, ACE of SPADES, TWO of HEARTS, ACE of CLUBS, KING of HEARTS]
  Basic Bot 1 → [THREE of DIAMONDS, NINE of DIAMONDS, JACK of DIAMONDS, QUEEN of DIAMONDS, FIVE of HEARTS, TWO of SPADES, FOUR of SPADES, EIGHT of SPADES, NINE of SPADES]
  Basic Bot 2 → [TWO of CLUBS, THREE of CLUBS, TWO of DIAMONDS, SEVEN of DIAMONDS, EIGHT of HEARTS, JACK of SPADES, KING of SPADES]
  Basic Bot 3 → [THREE of HEARTS, THREE of SPADES, FOUR of HEARTS, FIVE of CLUBS, FIVE of DIAMONDS, SIX of SPADES, EIGHT of CLUBS, QUEEN of HEARTS, KING of CLUBS, EIGHT of DIAMONDS]

STEP 20: Basic Bot 2 turn purge: []
  Player 1 → [KING of DIAMONDS, SEVEN of HEARTS, FOUR of DIAMONDS, FIVE of SPADES, FOUR of CLUBS, SIX of CLUBS, NINE of HEARTS, NINE of CLUBS, JACK of HEARTS, ACE of SPADES, TWO of HEARTS, ACE of CLUBS, KING of HEARTS]
  Basic Bot 1 → [THREE of DIAMONDS, NINE of DIAMONDS, JACK of DIAMONDS, QUEEN of DIAMONDS, FIVE of HEARTS, TWO of SPADES, FOUR of SPADES, EIGHT of SPADES, NINE of SPADES]
  Basic Bot 2 → [TWO of DIAMONDS, SEVEN of DIAMONDS, EIGHT of HEARTS, TWO of CLUBS, THREE of CLUBS, JACK of SPADES, KING of SPADES, EIGHT of CLUBS]
  Basic Bot 3 → [THREE of HEARTS, THREE of SPADES, FOUR of HEARTS, FIVE of CLUBS, FIVE of DIAMONDS, SIX of SPADES, QUEEN of HEARTS, KING of CLUBS, EIGHT of DIAMONDS]

STEP 21: Basic Bot 3 turn purge: []
  Player 1 → [KING of DIAMONDS, SEVEN of HEARTS, FOUR of DIAMONDS, FIVE of SPADES, FOUR of CLUBS, SIX of CLUBS, NINE of HEARTS, NINE of CLUBS, JACK of HEARTS, ACE of SPADES, ACE of CLUBS, KING of HEARTS]
  Basic Bot 1 → [THREE of DIAMONDS, NINE of DIAMONDS, JACK of DIAMONDS, QUEEN of DIAMONDS, FIVE of HEARTS, TWO of SPADES, FOUR of SPADES, EIGHT of SPADES, NINE of SPADES]
  Basic Bot 2 → [TWO of DIAMONDS, SEVEN of DIAMONDS, EIGHT of HEARTS, TWO of CLUBS, THREE of CLUBS, JACK of SPADES, KING of SPADES, EIGHT of CLUBS]
  Basic Bot 3 → [THREE of HEARTS, THREE of SPADES, FOUR of HEARTS, FIVE of CLUBS, FIVE of DIAMONDS, SIX of SPADES, EIGHT of DIAMONDS, QUEEN of HEARTS, KING of CLUBS, TWO of HEARTS]

STEP 22: Player 1 turn purge: []
  Player 1 → [KING of DIAMONDS, SEVEN of HEARTS, FOUR of DIAMONDS, FIVE of SPADES, FOUR of CLUBS, SIX of CLUBS, NINE of HEARTS, NINE of CLUBS, JACK of HEARTS, ACE of SPADES, ACE of CLUBS, KING of HEARTS, FOUR of SPADES]
  Basic Bot 1 → [THREE of DIAMONDS, NINE of DIAMONDS, JACK of DIAMONDS, QUEEN of DIAMONDS, FIVE of HEARTS, TWO of SPADES, EIGHT of SPADES, NINE of SPADES]
  Basic Bot 2 → [TWO of DIAMONDS, SEVEN of DIAMONDS, EIGHT of HEARTS, TWO of CLUBS, THREE of CLUBS, JACK of SPADES, KING of SPADES, EIGHT of CLUBS]
  Basic Bot 3 → [THREE of HEARTS, THREE of SPADES, FOUR of HEARTS, FIVE of CLUBS, FIVE of DIAMONDS, SIX of SPADES, EIGHT of DIAMONDS, QUEEN of HEARTS, KING of CLUBS, TWO of HEARTS]

STEP 23: Basic Bot 1 turn purge: []
  Player 1 → [KING of DIAMONDS, SEVEN of HEARTS, FOUR of DIAMONDS, FIVE of SPADES, FOUR of CLUBS, SIX of CLUBS, NINE of HEARTS, NINE of CLUBS, JACK of HEARTS, ACE of SPADES, ACE of CLUBS, KING of HEARTS, FOUR of SPADES]
  Basic Bot 1 → [THREE of DIAMONDS, FIVE of HEARTS, NINE of DIAMONDS, JACK of DIAMONDS, QUEEN of DIAMONDS, TWO of SPADES, EIGHT of SPADES, NINE of SPADES, THREE of CLUBS]
  Basic Bot 2 → [TWO of DIAMONDS, SEVEN of DIAMONDS, EIGHT of HEARTS, TWO of CLUBS, JACK of SPADES, KING of SPADES, EIGHT of CLUBS]
  Basic Bot 3 → [THREE of HEARTS, THREE of SPADES, FOUR of HEARTS, FIVE of CLUBS, FIVE of DIAMONDS, SIX of SPADES, EIGHT of DIAMONDS, QUEEN of HEARTS, KING of CLUBS, TWO of HEARTS]

STEP 24: Basic Bot 2 turn purge: []
  Player 1 → [KING of DIAMONDS, SEVEN of HEARTS, FOUR of DIAMONDS, FIVE of SPADES, FOUR of CLUBS, SIX of CLUBS, NINE of HEARTS, NINE of CLUBS, JACK of HEARTS, ACE of SPADES, ACE of CLUBS, KING of HEARTS, FOUR of SPADES]
  Basic Bot 1 → [THREE of DIAMONDS, FIVE of HEARTS, NINE of DIAMONDS, JACK of DIAMONDS, QUEEN of DIAMONDS, TWO of SPADES, EIGHT of SPADES, NINE of SPADES, THREE of CLUBS]
  Basic Bot 2 → [TWO of CLUBS, EIGHT of CLUBS, TWO of DIAMONDS, SEVEN of DIAMONDS, EIGHT of HEARTS, JACK of SPADES, KING of SPADES, THREE of HEARTS]
  Basic Bot 3 → [THREE of SPADES, FOUR of HEARTS, FIVE of CLUBS, FIVE of DIAMONDS, SIX of SPADES, EIGHT of DIAMONDS, QUEEN of HEARTS, KING of CLUBS, TWO of HEARTS]

STEP 25: Basic Bot 3 turn purge: []
  Player 1 → [KING of DIAMONDS, SEVEN of HEARTS, FOUR of DIAMONDS, FIVE of SPADES, FOUR of CLUBS, SIX of CLUBS, NINE of HEARTS, NINE of CLUBS, JACK of HEARTS, ACE of SPADES, KING of HEARTS, FOUR of SPADES]
  Basic Bot 1 → [THREE of DIAMONDS, FIVE of HEARTS, NINE of DIAMONDS, JACK of DIAMONDS, QUEEN of DIAMONDS, TWO of SPADES, EIGHT of SPADES, NINE of SPADES, THREE of CLUBS]
  Basic Bot 2 → [TWO of CLUBS, EIGHT of CLUBS, TWO of DIAMONDS, SEVEN of DIAMONDS, EIGHT of HEARTS, JACK of SPADES, KING of SPADES, THREE of HEARTS]
  Basic Bot 3 → [TWO of HEARTS, FOUR of HEARTS, FIVE of DIAMONDS, EIGHT of DIAMONDS, QUEEN of HEARTS, THREE of SPADES, FIVE of CLUBS, SIX of SPADES, KING of CLUBS, ACE of CLUBS]

STEP 26: Player 1 turn purge: []
  Player 1 → [KING of DIAMONDS, SEVEN of HEARTS, FOUR of DIAMONDS, FIVE of SPADES, FOUR of CLUBS, SIX of CLUBS, NINE of HEARTS, NINE of CLUBS, JACK of HEARTS, ACE of SPADES, KING of HEARTS, FOUR of SPADES, NINE of DIAMONDS]
  Basic Bot 1 → [THREE of DIAMONDS, FIVE of HEARTS, JACK of DIAMONDS, QUEEN of DIAMONDS, TWO of SPADES, EIGHT of SPADES, NINE of SPADES, THREE of CLUBS]
  Basic Bot 2 → [TWO of CLUBS, EIGHT of CLUBS, TWO of DIAMONDS, SEVEN of DIAMONDS, EIGHT of HEARTS, JACK of SPADES, KING of SPADES, THREE of HEARTS]
  Basic Bot 3 → [TWO of HEARTS, FOUR of HEARTS, FIVE of DIAMONDS, EIGHT of DIAMONDS, QUEEN of HEARTS, THREE of SPADES, FIVE of CLUBS, SIX of SPADES, KING of CLUBS, ACE of CLUBS]

STEP 27: Basic Bot 1 turn purge: [TWO of SPADES, TWO of CLUBS]
  Player 1 → [KING of DIAMONDS, SEVEN of HEARTS, FOUR of DIAMONDS, FIVE of SPADES, FOUR of CLUBS, SIX of CLUBS, NINE of HEARTS, NINE of CLUBS, JACK of HEARTS, ACE of SPADES, KING of HEARTS, FOUR of SPADES, NINE of DIAMONDS]
  Basic Bot 1 → [THREE of DIAMONDS, FIVE of HEARTS, JACK of DIAMONDS, QUEEN of DIAMONDS, THREE of CLUBS, EIGHT of SPADES, NINE of SPADES]
  Basic Bot 2 → [EIGHT of CLUBS, TWO of DIAMONDS, SEVEN of DIAMONDS, EIGHT of HEARTS, JACK of SPADES, KING of SPADES, THREE of HEARTS]
  Basic Bot 3 → [TWO of HEARTS, FOUR of HEARTS, FIVE of DIAMONDS, EIGHT of DIAMONDS, QUEEN of HEARTS, THREE of SPADES, FIVE of CLUBS, SIX of SPADES, KING of CLUBS, ACE of CLUBS]

STEP 28: Basic Bot 2 turn purge: []
  Player 1 → [KING of DIAMONDS, SEVEN of HEARTS, FOUR of DIAMONDS, FIVE of SPADES, FOUR of CLUBS, SIX of CLUBS, NINE of HEARTS, NINE of CLUBS, JACK of HEARTS, ACE of SPADES, KING of HEARTS, FOUR of SPADES, NINE of DIAMONDS]
  Basic Bot 1 → [THREE of DIAMONDS, FIVE of HEARTS, JACK of DIAMONDS, QUEEN of DIAMONDS, THREE of CLUBS, EIGHT of SPADES, NINE of SPADES]
  Basic Bot 2 → [EIGHT of CLUBS, TWO of DIAMONDS, SEVEN of DIAMONDS, THREE of HEARTS, EIGHT of HEARTS, JACK of SPADES, KING of SPADES, ACE of CLUBS]
  Basic Bot 3 → [TWO of HEARTS, FOUR of HEARTS, FIVE of DIAMONDS, EIGHT of DIAMONDS, QUEEN of HEARTS, THREE of SPADES, FIVE of CLUBS, SIX of SPADES, KING of CLUBS]

STEP 29: Basic Bot 3 turn purge: [FOUR of HEARTS, FOUR of DIAMONDS]
  Player 1 → [KING of DIAMONDS, SEVEN of HEARTS, FIVE of SPADES, FOUR of CLUBS, SIX of CLUBS, NINE of HEARTS, NINE of CLUBS, JACK of HEARTS, ACE of SPADES, KING of HEARTS, FOUR of SPADES, NINE of DIAMONDS]
  Basic Bot 1 → [THREE of DIAMONDS, FIVE of HEARTS, JACK of DIAMONDS, QUEEN of DIAMONDS, THREE of CLUBS, EIGHT of SPADES, NINE of SPADES]
  Basic Bot 2 → [EIGHT of CLUBS, TWO of DIAMONDS, SEVEN of DIAMONDS, THREE of HEARTS, EIGHT of HEARTS, JACK of SPADES, KING of SPADES, ACE of CLUBS]
  Basic Bot 3 → [FIVE of CLUBS, KING of CLUBS, FIVE of DIAMONDS, EIGHT of DIAMONDS, TWO of HEARTS, QUEEN of HEARTS, THREE of SPADES, SIX of SPADES]

STEP 30: Player 1 turn purge: []
  Player 1 → [KING of DIAMONDS, SEVEN of HEARTS, FIVE of SPADES, FOUR of CLUBS, SIX of CLUBS, NINE of HEARTS, NINE of CLUBS, JACK of HEARTS, ACE of SPADES, KING of HEARTS, FOUR of SPADES, NINE of DIAMONDS, THREE of CLUBS]
  Basic Bot 1 → [THREE of DIAMONDS, FIVE of HEARTS, JACK of DIAMONDS, QUEEN of DIAMONDS, EIGHT of SPADES, NINE of SPADES]
  Basic Bot 2 → [EIGHT of CLUBS, TWO of DIAMONDS, SEVEN of DIAMONDS, THREE of HEARTS, EIGHT of HEARTS, JACK of SPADES, KING of SPADES, ACE of CLUBS]
  Basic Bot 3 → [FIVE of CLUBS, KING of CLUBS, FIVE of DIAMONDS, EIGHT of DIAMONDS, TWO of HEARTS, QUEEN of HEARTS, THREE of SPADES, SIX of SPADES]

STEP 31: Basic Bot 1 turn purge: []
  Player 1 → [KING of DIAMONDS, SEVEN of HEARTS, FIVE of SPADES, FOUR of CLUBS, SIX of CLUBS, NINE of HEARTS, NINE of CLUBS, JACK of HEARTS, ACE of SPADES, KING of HEARTS, FOUR of SPADES, NINE of DIAMONDS, THREE of CLUBS]
  Basic Bot 1 → [THREE of DIAMONDS, FIVE of HEARTS, JACK of DIAMONDS, QUEEN of DIAMONDS, EIGHT of SPADES, NINE of SPADES, TWO of DIAMONDS]
  Basic Bot 2 → [EIGHT of CLUBS, SEVEN of DIAMONDS, THREE of HEARTS, EIGHT of HEARTS, JACK of SPADES, KING of SPADES, ACE of CLUBS]
  Basic Bot 3 → [FIVE of CLUBS, KING of CLUBS, FIVE of DIAMONDS, EIGHT of DIAMONDS, TWO of HEARTS, QUEEN of HEARTS, THREE of SPADES, SIX of SPADES]

STEP 32: Basic Bot 2 turn purge: [KING of SPADES, KING of CLUBS]
  Player 1 → [KING of DIAMONDS, SEVEN of HEARTS, FIVE of SPADES, FOUR of CLUBS, SIX of CLUBS, NINE of HEARTS, NINE of CLUBS, JACK of HEARTS, ACE of SPADES, KING of HEARTS, FOUR of SPADES, NINE of DIAMONDS, THREE of CLUBS]
  Basic Bot 1 → [THREE of DIAMONDS, FIVE of HEARTS, JACK of DIAMONDS, QUEEN of DIAMONDS, EIGHT of SPADES, NINE of SPADES, TWO of DIAMONDS]
  Basic Bot 2 → [THREE of HEARTS, SEVEN of DIAMONDS, EIGHT of HEARTS, ACE of CLUBS, EIGHT of CLUBS, JACK of SPADES]
  Basic Bot 3 → [FIVE of CLUBS, FIVE of DIAMONDS, EIGHT of DIAMONDS, TWO of HEARTS, QUEEN of HEARTS, THREE of SPADES, SIX of SPADES]

STEP 33: Basic Bot 3 turn purge: [SIX of SPADES, SIX of CLUBS]
  Player 1 → [KING of DIAMONDS, SEVEN of HEARTS, FIVE of SPADES, FOUR of CLUBS, NINE of HEARTS, NINE of CLUBS, JACK of HEARTS, ACE of SPADES, KING of HEARTS, FOUR of SPADES, NINE of DIAMONDS, THREE of CLUBS]
  Basic Bot 1 → [THREE of DIAMONDS, FIVE of HEARTS, JACK of DIAMONDS, QUEEN of DIAMONDS, EIGHT of SPADES, NINE of SPADES, TWO of DIAMONDS]
  Basic Bot 2 → [THREE of HEARTS, SEVEN of DIAMONDS, EIGHT of HEARTS, ACE of CLUBS, EIGHT of CLUBS, JACK of SPADES]
  Basic Bot 3 → [TWO of HEARTS, FIVE of DIAMONDS, EIGHT of DIAMONDS, QUEEN of HEARTS, THREE of SPADES, FIVE of CLUBS]

STEP 34: Player 1 turn purge: []
  Player 1 → [KING of DIAMONDS, SEVEN of HEARTS, FIVE of SPADES, FOUR of CLUBS, NINE of HEARTS, NINE of CLUBS, JACK of HEARTS, ACE of SPADES, KING of HEARTS, FOUR of SPADES, NINE of DIAMONDS, THREE of CLUBS, EIGHT of SPADES]
  Basic Bot 1 → [THREE of DIAMONDS, FIVE of HEARTS, JACK of DIAMONDS, QUEEN of DIAMONDS, NINE of SPADES, TWO of DIAMONDS]
  Basic Bot 2 → [THREE of HEARTS, SEVEN of DIAMONDS, EIGHT of HEARTS, ACE of CLUBS, EIGHT of CLUBS, JACK of SPADES]
  Basic Bot 3 → [TWO of HEARTS, FIVE of DIAMONDS, EIGHT of DIAMONDS, QUEEN of HEARTS, THREE of SPADES, FIVE of CLUBS]

STEP 35: Basic Bot 1 turn purge: []
  Player 1 → [KING of DIAMONDS, SEVEN of HEARTS, FIVE of SPADES, FOUR of CLUBS, NINE of HEARTS, NINE of CLUBS, JACK of HEARTS, ACE of SPADES, KING of HEARTS, FOUR of SPADES, NINE of DIAMONDS, THREE of CLUBS, EIGHT of SPADES]
  Basic Bot 1 → [TWO of DIAMONDS, THREE of DIAMONDS, FIVE of HEARTS, JACK of DIAMONDS, QUEEN of DIAMONDS, NINE of SPADES, EIGHT of CLUBS]
  Basic Bot 2 → [THREE of HEARTS, SEVEN of DIAMONDS, EIGHT of HEARTS, ACE of CLUBS, JACK of SPADES]
  Basic Bot 3 → [TWO of HEARTS, FIVE of DIAMONDS, EIGHT of DIAMONDS, QUEEN of HEARTS, THREE of SPADES, FIVE of CLUBS]

STEP 36: Basic Bot 2 turn purge: []
  Player 1 → [KING of DIAMONDS, SEVEN of HEARTS, FIVE of SPADES, FOUR of CLUBS, NINE of HEARTS, NINE of CLUBS, JACK of HEARTS, ACE of SPADES, KING of HEARTS, FOUR of SPADES, NINE of DIAMONDS, THREE of CLUBS, EIGHT of SPADES]
  Basic Bot 1 → [TWO of DIAMONDS, THREE of DIAMONDS, FIVE of HEARTS, JACK of DIAMONDS, QUEEN of DIAMONDS, NINE of SPADES, EIGHT of CLUBS]
  Basic Bot 2 → [ACE of CLUBS, THREE of HEARTS, SEVEN of DIAMONDS, EIGHT of HEARTS, JACK of SPADES, THREE of SPADES]
  Basic Bot 3 → [TWO of HEARTS, FIVE of DIAMONDS, EIGHT of DIAMONDS, QUEEN of HEARTS, FIVE of CLUBS]

STEP 37: Basic Bot 3 turn purge: []
  Player 1 → [KING of DIAMONDS, SEVEN of HEARTS, FIVE of SPADES, FOUR of CLUBS, NINE of HEARTS, NINE of CLUBS, JACK of HEARTS, ACE of SPADES, KING of HEARTS, NINE of DIAMONDS, THREE of CLUBS, EIGHT of SPADES]
  Basic Bot 1 → [TWO of DIAMONDS, THREE of DIAMONDS, FIVE of HEARTS, JACK of DIAMONDS, QUEEN of DIAMONDS, NINE of SPADES, EIGHT of CLUBS]
  Basic Bot 2 → [ACE of CLUBS, THREE of HEARTS, SEVEN of DIAMONDS, EIGHT of HEARTS, JACK of SPADES, THREE of SPADES]
  Basic Bot 3 → [FIVE of CLUBS, FIVE of DIAMONDS, EIGHT of DIAMONDS, TWO of HEARTS, QUEEN of HEARTS, FOUR of SPADES]

STEP 38: Player 1 turn purge: []
  Player 1 → [KING of DIAMONDS, SEVEN of HEARTS, FIVE of SPADES, FOUR of CLUBS, NINE of HEARTS, NINE of CLUBS, JACK of HEARTS, ACE of SPADES, KING of HEARTS, NINE of DIAMONDS, THREE of CLUBS, EIGHT of SPADES, QUEEN of DIAMONDS]
  Basic Bot 1 → [TWO of DIAMONDS, THREE of DIAMONDS, FIVE of HEARTS, JACK of DIAMONDS, NINE of SPADES, EIGHT of CLUBS]
  Basic Bot 2 → [ACE of CLUBS, THREE of HEARTS, SEVEN of DIAMONDS, EIGHT of HEARTS, JACK of SPADES, THREE of SPADES]
  Basic Bot 3 → [FIVE of CLUBS, FIVE of DIAMONDS, EIGHT of DIAMONDS, TWO of HEARTS, QUEEN of HEARTS, FOUR of SPADES]

STEP 39: Basic Bot 1 turn purge: []
  Player 1 → [KING of DIAMONDS, SEVEN of HEARTS, FIVE of SPADES, FOUR of CLUBS, NINE of HEARTS, NINE of CLUBS, JACK of HEARTS, ACE of SPADES, KING of HEARTS, NINE of DIAMONDS, THREE of CLUBS, EIGHT of SPADES, QUEEN of DIAMONDS]
  Basic Bot 1 → [TWO of DIAMONDS, THREE of DIAMONDS, FIVE of HEARTS, EIGHT of CLUBS, NINE of SPADES, JACK of DIAMONDS, ACE of CLUBS]
  Basic Bot 2 → [THREE of HEARTS, SEVEN of DIAMONDS, EIGHT of HEARTS, JACK of SPADES, THREE of SPADES]
  Basic Bot 3 → [FIVE of CLUBS, FIVE of DIAMONDS, EIGHT of DIAMONDS, TWO of HEARTS, QUEEN of HEARTS, FOUR of SPADES]

STEP 40: Basic Bot 2 turn purge: []
  Player 1 → [KING of DIAMONDS, SEVEN of HEARTS, FIVE of SPADES, FOUR of CLUBS, NINE of HEARTS, NINE of CLUBS, JACK of HEARTS, ACE of SPADES, KING of HEARTS, NINE of DIAMONDS, THREE of CLUBS, EIGHT of SPADES, QUEEN of DIAMONDS]
  Basic Bot 1 → [TWO of DIAMONDS, THREE of DIAMONDS, FIVE of HEARTS, EIGHT of CLUBS, NINE of SPADES, JACK of DIAMONDS, ACE of CLUBS]
  Basic Bot 2 → [THREE of HEARTS, SEVEN of DIAMONDS, EIGHT of HEARTS, THREE of SPADES, JACK of SPADES, FIVE of CLUBS]
  Basic Bot 3 → [FIVE of DIAMONDS, EIGHT of DIAMONDS, TWO of HEARTS, QUEEN of HEARTS, FOUR of SPADES]

STEP 41: Basic Bot 3 turn purge: []
  Player 1 → [SEVEN of HEARTS, FIVE of SPADES, FOUR of CLUBS, NINE of HEARTS, NINE of CLUBS, JACK of HEARTS, ACE of SPADES, KING of HEARTS, NINE of DIAMONDS, THREE of CLUBS, EIGHT of SPADES, QUEEN of DIAMONDS]
  Basic Bot 1 → [TWO of DIAMONDS, THREE of DIAMONDS, FIVE of HEARTS, EIGHT of CLUBS, NINE of SPADES, JACK of DIAMONDS, ACE of CLUBS]
  Basic Bot 2 → [THREE of HEARTS, SEVEN of DIAMONDS, EIGHT of HEARTS, THREE of SPADES, JACK of SPADES, FIVE of CLUBS]
  Basic Bot 3 → [FIVE of DIAMONDS, EIGHT of DIAMONDS, TWO of HEARTS, QUEEN of HEARTS, FOUR of SPADES, KING of DIAMONDS]

STEP 42: Player 1 turn purge: [NINE of HEARTS, NINE of DIAMONDS]
  Player 1 → [SEVEN of HEARTS, FIVE of SPADES, FOUR of CLUBS, NINE of CLUBS, JACK of HEARTS, ACE of SPADES, KING of HEARTS, THREE of CLUBS, EIGHT of SPADES, QUEEN of DIAMONDS, EIGHT of CLUBS]
  Basic Bot 1 → [TWO of DIAMONDS, THREE of DIAMONDS, FIVE of HEARTS, NINE of SPADES, JACK of DIAMONDS, ACE of CLUBS]
  Basic Bot 2 → [THREE of HEARTS, SEVEN of DIAMONDS, EIGHT of HEARTS, THREE of SPADES, JACK of SPADES, FIVE of CLUBS]
  Basic Bot 3 → [FIVE of DIAMONDS, EIGHT of DIAMONDS, TWO of HEARTS, QUEEN of HEARTS, FOUR of SPADES, KING of DIAMONDS]

STEP 43: Basic Bot 1 turn purge: []
  Player 1 → [SEVEN of HEARTS, FIVE of SPADES, FOUR of CLUBS, NINE of CLUBS, JACK of HEARTS, ACE of SPADES, KING of HEARTS, THREE of CLUBS, EIGHT of SPADES, QUEEN of DIAMONDS, EIGHT of CLUBS]
  Basic Bot 1 → [TWO of DIAMONDS, THREE of DIAMONDS, FIVE of HEARTS, JACK of DIAMONDS, ACE of CLUBS, NINE of SPADES, SEVEN of DIAMONDS]
  Basic Bot 2 → [THREE of HEARTS, EIGHT of HEARTS, THREE of SPADES, JACK of SPADES, FIVE of CLUBS]
  Basic Bot 3 → [FIVE of DIAMONDS, EIGHT of DIAMONDS, TWO of HEARTS, QUEEN of HEARTS, FOUR of SPADES, KING of DIAMONDS]

STEP 44: Basic Bot 2 turn purge: []
  Player 1 → [SEVEN of HEARTS, FIVE of SPADES, FOUR of CLUBS, NINE of CLUBS, JACK of HEARTS, ACE of SPADES, KING of HEARTS, THREE of CLUBS, EIGHT of SPADES, QUEEN of DIAMONDS, EIGHT of CLUBS]
  Basic Bot 1 → [TWO of DIAMONDS, THREE of DIAMONDS, FIVE of HEARTS, JACK of DIAMONDS, ACE of CLUBS, NINE of SPADES, SEVEN of DIAMONDS]
  Basic Bot 2 → [THREE of HEARTS, THREE of SPADES, FIVE of CLUBS, EIGHT of HEARTS, JACK of SPADES, TWO of HEARTS]
  Basic Bot 3 → [FIVE of DIAMONDS, EIGHT of DIAMONDS, QUEEN of HEARTS, FOUR of SPADES, KING of DIAMONDS]

STEP 45: Basic Bot 3 turn purge: []
  Player 1 → [SEVEN of HEARTS, FIVE of SPADES, FOUR of CLUBS, NINE of CLUBS, JACK of HEARTS, ACE of SPADES, KING of HEARTS, THREE of CLUBS, QUEEN of DIAMONDS, EIGHT of CLUBS]
  Basic Bot 1 → [TWO of DIAMONDS, THREE of DIAMONDS, FIVE of HEARTS, JACK of DIAMONDS, ACE of CLUBS, NINE of SPADES, SEVEN of DIAMONDS]
  Basic Bot 2 → [THREE of HEARTS, THREE of SPADES, FIVE of CLUBS, EIGHT of HEARTS, JACK of SPADES, TWO of HEARTS]
  Basic Bot 3 → [FOUR of SPADES, FIVE of DIAMONDS, EIGHT of DIAMONDS, QUEEN of HEARTS, KING of DIAMONDS, EIGHT of SPADES]

STEP 46: Player 1 turn purge: []
  Player 1 → [SEVEN of HEARTS, FIVE of SPADES, FOUR of CLUBS, NINE of CLUBS, JACK of HEARTS, ACE of SPADES, KING of HEARTS, THREE of CLUBS, QUEEN of DIAMONDS, EIGHT of CLUBS, TWO of DIAMONDS]
  Basic Bot 1 → [THREE of DIAMONDS, FIVE of HEARTS, JACK of DIAMONDS, ACE of CLUBS, NINE of SPADES, SEVEN of DIAMONDS]
  Basic Bot 2 → [THREE of HEARTS, THREE of SPADES, FIVE of CLUBS, EIGHT of HEARTS, JACK of SPADES, TWO of HEARTS]
  Basic Bot 3 → [FOUR of SPADES, FIVE of DIAMONDS, EIGHT of DIAMONDS, QUEEN of HEARTS, KING of DIAMONDS, EIGHT of SPADES]

STEP 47: Basic Bot 1 turn purge: []
  Player 1 → [SEVEN of HEARTS, FIVE of SPADES, FOUR of CLUBS, NINE of CLUBS, JACK of HEARTS, ACE of SPADES, KING of HEARTS, THREE of CLUBS, QUEEN of DIAMONDS, EIGHT of CLUBS, TWO of DIAMONDS]
  Basic Bot 1 → [ACE of CLUBS, THREE of DIAMONDS, FIVE of HEARTS, SEVEN of DIAMONDS, NINE of SPADES, JACK of DIAMONDS, EIGHT of HEARTS]
  Basic Bot 2 → [THREE of HEARTS, THREE of SPADES, FIVE of CLUBS, JACK of SPADES, TWO of HEARTS]
  Basic Bot 3 → [FOUR of SPADES, FIVE of DIAMONDS, EIGHT of DIAMONDS, QUEEN of HEARTS, KING of DIAMONDS, EIGHT of SPADES]

STEP 48: Basic Bot 2 turn purge: []
  Player 1 → [SEVEN of HEARTS, FIVE of SPADES, FOUR of CLUBS, NINE of CLUBS, JACK of HEARTS, ACE of SPADES, KING of HEARTS, THREE of CLUBS, QUEEN of DIAMONDS, EIGHT of CLUBS, TWO of DIAMONDS]
  Basic Bot 1 → [ACE of CLUBS, THREE of DIAMONDS, FIVE of HEARTS, SEVEN of DIAMONDS, NINE of SPADES, JACK of DIAMONDS, EIGHT of HEARTS]
  Basic Bot 2 → [TWO of HEARTS, THREE of HEARTS, THREE of SPADES, FIVE of CLUBS, JACK of SPADES, QUEEN of HEARTS]
  Basic Bot 3 → [FOUR of SPADES, FIVE of DIAMONDS, EIGHT of DIAMONDS, KING of DIAMONDS, EIGHT of SPADES]

STEP 49: Basic Bot 3 turn purge: []
  Player 1 → [SEVEN of HEARTS, FIVE of SPADES, FOUR of CLUBS, JACK of HEARTS, ACE of SPADES, KING of HEARTS, THREE of CLUBS, QUEEN of DIAMONDS, EIGHT of CLUBS, TWO of DIAMONDS]
  Basic Bot 1 → [ACE of CLUBS, THREE of DIAMONDS, FIVE of HEARTS, SEVEN of DIAMONDS, NINE of SPADES, JACK of DIAMONDS, EIGHT of HEARTS]
  Basic Bot 2 → [TWO of HEARTS, THREE of HEARTS, THREE of SPADES, FIVE of CLUBS, JACK of SPADES, QUEEN of HEARTS]
  Basic Bot 3 → [FIVE of DIAMONDS, EIGHT of DIAMONDS, KING of DIAMONDS, FOUR of SPADES, EIGHT of SPADES, NINE of CLUBS]

STEP 50: Player 1 turn purge: []
  Player 1 → [SEVEN of HEARTS, FIVE of SPADES, FOUR of CLUBS, JACK of HEARTS, ACE of SPADES, KING of HEARTS, THREE of CLUBS, QUEEN of DIAMONDS, EIGHT of CLUBS, TWO of DIAMONDS, FIVE of HEARTS]
  Basic Bot 1 → [ACE of CLUBS, THREE of DIAMONDS, SEVEN of DIAMONDS, NINE of SPADES, JACK of DIAMONDS, EIGHT of HEARTS]
  Basic Bot 2 → [TWO of HEARTS, THREE of HEARTS, THREE of SPADES, FIVE of CLUBS, JACK of SPADES, QUEEN of HEARTS]
  Basic Bot 3 → [FIVE of DIAMONDS, EIGHT of DIAMONDS, KING of DIAMONDS, FOUR of SPADES, EIGHT of SPADES, NINE of CLUBS]

STEP 51: Basic Bot 1 turn purge: []
  Player 1 → [SEVEN of HEARTS, FIVE of SPADES, FOUR of CLUBS, JACK of HEARTS, ACE of SPADES, KING of HEARTS, THREE of CLUBS, QUEEN of DIAMONDS, EIGHT of CLUBS, TWO of DIAMONDS, FIVE of HEARTS]
  Basic Bot 1 → [ACE of CLUBS, THREE of DIAMONDS, SEVEN of DIAMONDS, EIGHT of HEARTS, NINE of SPADES, JACK of DIAMONDS, TWO of HEARTS]
  Basic Bot 2 → [THREE of HEARTS, THREE of SPADES, FIVE of CLUBS, JACK of SPADES, QUEEN of HEARTS]
  Basic Bot 3 → [FIVE of DIAMONDS, EIGHT of DIAMONDS, KING of DIAMONDS, FOUR of SPADES, EIGHT of SPADES, NINE of CLUBS]

STEP 52: Basic Bot 2 turn purge: []
  Player 1 → [SEVEN of HEARTS, FIVE of SPADES, FOUR of CLUBS, JACK of HEARTS, ACE of SPADES, KING of HEARTS, THREE of CLUBS, QUEEN of DIAMONDS, EIGHT of CLUBS, TWO of DIAMONDS, FIVE of HEARTS]
  Basic Bot 1 → [ACE of CLUBS, THREE of DIAMONDS, SEVEN of DIAMONDS, EIGHT of HEARTS, NINE of SPADES, JACK of DIAMONDS, TWO of HEARTS]
  Basic Bot 2 → [THREE of HEARTS, QUEEN of HEARTS, THREE of SPADES, FIVE of CLUBS, JACK of SPADES, EIGHT of SPADES]
  Basic Bot 3 → [FIVE of DIAMONDS, EIGHT of DIAMONDS, KING of DIAMONDS, FOUR of SPADES, NINE of CLUBS]

STEP 53: Basic Bot 3 turn purge: []
  Player 1 → [SEVEN of HEARTS, FIVE of SPADES, FOUR of CLUBS, JACK of HEARTS, ACE of SPADES, KING of HEARTS, THREE of CLUBS, EIGHT of CLUBS, TWO of DIAMONDS, FIVE of HEARTS]
  Basic Bot 1 → [ACE of CLUBS, THREE of DIAMONDS, SEVEN of DIAMONDS, EIGHT of HEARTS, NINE of SPADES, JACK of DIAMONDS, TWO of HEARTS]
  Basic Bot 2 → [THREE of HEARTS, QUEEN of HEARTS, THREE of SPADES, FIVE of CLUBS, JACK of SPADES, EIGHT of SPADES]
  Basic Bot 3 → [FOUR of SPADES, FIVE of DIAMONDS, EIGHT of DIAMONDS, NINE of CLUBS, KING of DIAMONDS, QUEEN of DIAMONDS]

STEP 54: Player 1 turn purge: []
  Player 1 → [SEVEN of HEARTS, FIVE of SPADES, FOUR of CLUBS, JACK of HEARTS, ACE of SPADES, KING of HEARTS, THREE of CLUBS, EIGHT of CLUBS, TWO of DIAMONDS, FIVE of HEARTS, SEVEN of DIAMONDS]
  Basic Bot 1 → [ACE of CLUBS, THREE of DIAMONDS, EIGHT of HEARTS, NINE of SPADES, JACK of DIAMONDS, TWO of HEARTS]
  Basic Bot 2 → [THREE of HEARTS, QUEEN of HEARTS, THREE of SPADES, FIVE of CLUBS, JACK of SPADES, EIGHT of SPADES]
  Basic Bot 3 → [FOUR of SPADES, FIVE of DIAMONDS, EIGHT of DIAMONDS, NINE of CLUBS, KING of DIAMONDS, QUEEN of DIAMONDS]

STEP 55: Basic Bot 1 turn purge: []
  Player 1 → [SEVEN of HEARTS, FIVE of SPADES, FOUR of CLUBS, JACK of HEARTS, ACE of SPADES, KING of HEARTS, THREE of CLUBS, EIGHT of CLUBS, TWO of DIAMONDS, FIVE of HEARTS, SEVEN of DIAMONDS]
  Basic Bot 1 → [TWO of HEARTS, THREE of DIAMONDS, EIGHT of HEARTS, JACK of DIAMONDS, ACE of CLUBS, NINE of SPADES, JACK of SPADES]
  Basic Bot 2 → [THREE of HEARTS, QUEEN of HEARTS, THREE of SPADES, FIVE of CLUBS, EIGHT of SPADES]
  Basic Bot 3 → [FOUR of SPADES, FIVE of DIAMONDS, EIGHT of DIAMONDS, NINE of CLUBS, KING of DIAMONDS, QUEEN of DIAMONDS]

STEP 56: Basic Bot 2 turn purge: []
  Player 1 → [SEVEN of HEARTS, FIVE of SPADES, FOUR of CLUBS, JACK of HEARTS, ACE of SPADES, KING of HEARTS, THREE of CLUBS, EIGHT of CLUBS, TWO of DIAMONDS, FIVE of HEARTS, SEVEN of DIAMONDS]
  Basic Bot 1 → [TWO of HEARTS, THREE of DIAMONDS, EIGHT of HEARTS, JACK of DIAMONDS, ACE of CLUBS, NINE of SPADES, JACK of SPADES]
  Basic Bot 2 → [THREE of HEARTS, QUEEN of HEARTS, THREE of SPADES, FIVE of CLUBS, EIGHT of SPADES, KING of DIAMONDS]
  Basic Bot 3 → [FOUR of SPADES, FIVE of DIAMONDS, EIGHT of DIAMONDS, NINE of CLUBS, QUEEN of DIAMONDS]

STEP 57: Basic Bot 3 turn purge: []
  Player 1 → [SEVEN of HEARTS, FIVE of SPADES, FOUR of CLUBS, JACK of HEARTS, KING of HEARTS, THREE of CLUBS, EIGHT of CLUBS, TWO of DIAMONDS, FIVE of HEARTS, SEVEN of DIAMONDS]
  Basic Bot 1 → [TWO of HEARTS, THREE of DIAMONDS, EIGHT of HEARTS, JACK of DIAMONDS, ACE of CLUBS, NINE of SPADES, JACK of SPADES]
  Basic Bot 2 → [THREE of HEARTS, QUEEN of HEARTS, THREE of SPADES, FIVE of CLUBS, EIGHT of SPADES, KING of DIAMONDS]
  Basic Bot 3 → [NINE of CLUBS, FIVE of DIAMONDS, EIGHT of DIAMONDS, QUEEN of DIAMONDS, FOUR of SPADES, ACE of SPADES]

STEP 58: Player 1 turn purge: []
  Player 1 → [SEVEN of HEARTS, FIVE of SPADES, FOUR of CLUBS, JACK of HEARTS, KING of HEARTS, THREE of CLUBS, EIGHT of CLUBS, TWO of DIAMONDS, FIVE of HEARTS, SEVEN of DIAMONDS, JACK of DIAMONDS]
  Basic Bot 1 → [TWO of HEARTS, THREE of DIAMONDS, EIGHT of HEARTS, ACE of CLUBS, NINE of SPADES, JACK of SPADES]
  Basic Bot 2 → [THREE of HEARTS, QUEEN of HEARTS, THREE of SPADES, FIVE of CLUBS, EIGHT of SPADES, KING of DIAMONDS]
  Basic Bot 3 → [NINE of CLUBS, FIVE of DIAMONDS, EIGHT of DIAMONDS, QUEEN of DIAMONDS, FOUR of SPADES, ACE of SPADES]

STEP 59: Basic Bot 1 turn purge: []
  Player 1 → [SEVEN of HEARTS, FIVE of SPADES, FOUR of CLUBS, JACK of HEARTS, KING of HEARTS, THREE of CLUBS, EIGHT of CLUBS, TWO of DIAMONDS, FIVE of HEARTS, SEVEN of DIAMONDS, JACK of DIAMONDS]
  Basic Bot 1 → [ACE of CLUBS, THREE of DIAMONDS, TWO of HEARTS, EIGHT of HEARTS, NINE of SPADES, JACK of SPADES, THREE of SPADES]
  Basic Bot 2 → [THREE of HEARTS, QUEEN of HEARTS, FIVE of CLUBS, EIGHT of SPADES, KING of DIAMONDS]
  Basic Bot 3 → [NINE of CLUBS, FIVE of DIAMONDS, EIGHT of DIAMONDS, QUEEN of DIAMONDS, FOUR of SPADES, ACE of SPADES]

STEP 60: Basic Bot 2 turn purge: []
  Player 1 → [SEVEN of HEARTS, FIVE of SPADES, FOUR of CLUBS, JACK of HEARTS, KING of HEARTS, THREE of CLUBS, EIGHT of CLUBS, TWO of DIAMONDS, FIVE of HEARTS, SEVEN of DIAMONDS, JACK of DIAMONDS]
  Basic Bot 1 → [ACE of CLUBS, THREE of DIAMONDS, TWO of HEARTS, EIGHT of HEARTS, NINE of SPADES, JACK of SPADES, THREE of SPADES]
  Basic Bot 2 → [FIVE of CLUBS, KING of DIAMONDS, THREE of HEARTS, QUEEN of HEARTS, EIGHT of SPADES, EIGHT of DIAMONDS]
  Basic Bot 3 → [NINE of CLUBS, FIVE of DIAMONDS, QUEEN of DIAMONDS, FOUR of SPADES, ACE of SPADES]

STEP 61: Basic Bot 3 turn purge: []
  Player 1 → [SEVEN of HEARTS, FIVE of SPADES, FOUR of CLUBS, JACK of HEARTS, KING of HEARTS, THREE of CLUBS, TWO of DIAMONDS, FIVE of HEARTS, SEVEN of DIAMONDS, JACK of DIAMONDS]
  Basic Bot 1 → [ACE of CLUBS, THREE of DIAMONDS, TWO of HEARTS, EIGHT of HEARTS, NINE of SPADES, JACK of SPADES, THREE of SPADES]
  Basic Bot 2 → [FIVE of CLUBS, KING of DIAMONDS, THREE of HEARTS, QUEEN of HEARTS, EIGHT of SPADES, EIGHT of DIAMONDS]
  Basic Bot 3 → [NINE of CLUBS, FIVE of DIAMONDS, QUEEN of DIAMONDS, ACE of SPADES, FOUR of SPADES, EIGHT of CLUBS]

STEP 62: Player 1 turn purge: [SEVEN of HEARTS, SEVEN of DIAMONDS, JACK of HEARTS, JACK of DIAMONDS]
  Player 1 → [FIVE of SPADES, FOUR of CLUBS, KING of HEARTS, THREE of CLUBS, TWO of DIAMONDS, FIVE of HEARTS, ACE of CLUBS]
  Basic Bot 1 → [THREE of DIAMONDS, TWO of HEARTS, EIGHT of HEARTS, NINE of SPADES, JACK of SPADES, THREE of SPADES]
  Basic Bot 2 → [FIVE of CLUBS, KING of DIAMONDS, THREE of HEARTS, QUEEN of HEARTS, EIGHT of SPADES, EIGHT of DIAMONDS]
  Basic Bot 3 → [NINE of CLUBS, FIVE of DIAMONDS, QUEEN of DIAMONDS, ACE of SPADES, FOUR of SPADES, EIGHT of CLUBS]

STEP 63: Basic Bot 1 turn purge: []
  Player 1 → [FIVE of SPADES, FOUR of CLUBS, KING of HEARTS, THREE of CLUBS, TWO of DIAMONDS, FIVE of HEARTS, ACE of CLUBS]
  Basic Bot 1 → [TWO of HEARTS, THREE of DIAMONDS, THREE of SPADES, EIGHT of HEARTS, NINE of SPADES, JACK of SPADES, EIGHT of SPADES]
  Basic Bot 2 → [FIVE of CLUBS, KING of DIAMONDS, THREE of HEARTS, QUEEN of HEARTS, EIGHT of DIAMONDS]
  Basic Bot 3 → [NINE of CLUBS, FIVE of DIAMONDS, QUEEN of DIAMONDS, ACE of SPADES, FOUR of SPADES, EIGHT of CLUBS]

STEP 64: Basic Bot 2 turn purge: []
  Player 1 → [FIVE of SPADES, FOUR of CLUBS, KING of HEARTS, THREE of CLUBS, TWO of DIAMONDS, FIVE of HEARTS, ACE of CLUBS]
  Basic Bot 1 → [TWO of HEARTS, THREE of DIAMONDS, THREE of SPADES, EIGHT of HEARTS, NINE of SPADES, JACK of SPADES, EIGHT of SPADES]
  Basic Bot 2 → [FIVE of CLUBS, EIGHT of DIAMONDS, KING of DIAMONDS, THREE of HEARTS, QUEEN of HEARTS, NINE of CLUBS]
  Basic Bot 3 → [FIVE of DIAMONDS, QUEEN of DIAMONDS, ACE of SPADES, FOUR of SPADES, EIGHT of CLUBS]

STEP 65: Basic Bot 3 turn purge: []
  Player 1 → [FIVE of SPADES, FOUR of CLUBS, THREE of CLUBS, TWO of DIAMONDS, FIVE of HEARTS, ACE of CLUBS]
  Basic Bot 1 → [TWO of HEARTS, THREE of DIAMONDS, THREE of SPADES, EIGHT of HEARTS, NINE of SPADES, JACK of SPADES, EIGHT of SPADES]
  Basic Bot 2 → [FIVE of CLUBS, EIGHT of DIAMONDS, KING of DIAMONDS, THREE of HEARTS, QUEEN of HEARTS, NINE of CLUBS]
  Basic Bot 3 → [FIVE of DIAMONDS, QUEEN of DIAMONDS, ACE of SPADES, FOUR of SPADES, EIGHT of CLUBS, KING of HEARTS]

STEP 66: Player 1 turn purge: []
  Player 1 → [FIVE of SPADES, FOUR of CLUBS, THREE of CLUBS, TWO of DIAMONDS, FIVE of HEARTS, ACE of CLUBS, NINE of SPADES]
  Basic Bot 1 → [TWO of HEARTS, THREE of DIAMONDS, THREE of SPADES, EIGHT of HEARTS, JACK of SPADES, EIGHT of SPADES]
  Basic Bot 2 → [FIVE of CLUBS, EIGHT of DIAMONDS, KING of DIAMONDS, THREE of HEARTS, QUEEN of HEARTS, NINE of CLUBS]
  Basic Bot 3 → [FIVE of DIAMONDS, QUEEN of DIAMONDS, ACE of SPADES, FOUR of SPADES, EIGHT of CLUBS, KING of HEARTS]

STEP 67: Basic Bot 1 turn purge: []
  Player 1 → [FIVE of SPADES, FOUR of CLUBS, THREE of CLUBS, TWO of DIAMONDS, FIVE of HEARTS, ACE of CLUBS, NINE of SPADES]
  Basic Bot 1 → [TWO of HEARTS, THREE of DIAMONDS, THREE of SPADES, EIGHT of HEARTS, EIGHT of SPADES, JACK of SPADES, QUEEN of HEARTS]
  Basic Bot 2 → [FIVE of CLUBS, EIGHT of DIAMONDS, KING of DIAMONDS, THREE of HEARTS, NINE of CLUBS]
  Basic Bot 3 → [FIVE of DIAMONDS, QUEEN of DIAMONDS, ACE of SPADES, FOUR of SPADES, EIGHT of CLUBS, KING of HEARTS]

STEP 68: Basic Bot 2 turn purge: []
  Player 1 → [FIVE of SPADES, FOUR of CLUBS, THREE of CLUBS, TWO of DIAMONDS, FIVE of HEARTS, ACE of CLUBS, NINE of SPADES]
  Basic Bot 1 → [TWO of HEARTS, THREE of DIAMONDS, THREE of SPADES, EIGHT of HEARTS, EIGHT of SPADES, JACK of SPADES, QUEEN of HEARTS]
  Basic Bot 2 → [THREE of HEARTS, EIGHT of DIAMONDS, KING of DIAMONDS, FIVE of CLUBS, NINE of CLUBS, QUEEN of DIAMONDS]
  Basic Bot 3 → [FIVE of DIAMONDS, ACE of SPADES, FOUR of SPADES, EIGHT of CLUBS, KING of HEARTS]

STEP 69: Basic Bot 3 turn purge: []
  Player 1 → [FIVE of SPADES, FOUR of CLUBS, THREE of CLUBS, TWO of DIAMONDS, FIVE of HEARTS, ACE of CLUBS]
  Basic Bot 1 → [TWO of HEARTS, THREE of DIAMONDS, THREE of SPADES, EIGHT of HEARTS, EIGHT of SPADES, JACK of SPADES, QUEEN of HEARTS]
  Basic Bot 2 → [THREE of HEARTS, EIGHT of DIAMONDS, KING of DIAMONDS, FIVE of CLUBS, NINE of CLUBS, QUEEN of DIAMONDS]
  Basic Bot 3 → [ACE of SPADES, FOUR of SPADES, FIVE of DIAMONDS, EIGHT of CLUBS, KING of HEARTS, NINE of SPADES]

STEP 70: Player 1 turn purge: []
  Player 1 → [FIVE of SPADES, FOUR of CLUBS, THREE of CLUBS, TWO of DIAMONDS, FIVE of HEARTS, ACE of CLUBS, QUEEN of HEARTS]
  Basic Bot 1 → [TWO of HEARTS, THREE of DIAMONDS, THREE of SPADES, EIGHT of HEARTS, EIGHT of SPADES, JACK of SPADES]
  Basic Bot 2 → [THREE of HEARTS, EIGHT of DIAMONDS, KING of DIAMONDS, FIVE of CLUBS, NINE of CLUBS, QUEEN of DIAMONDS]
  Basic Bot 3 → [ACE of SPADES, FOUR of SPADES, FIVE of DIAMONDS, EIGHT of CLUBS, KING of HEARTS, NINE of SPADES]

STEP 71: Basic Bot 1 turn purge: []
  Player 1 → [FIVE of SPADES, FOUR of CLUBS, THREE of CLUBS, TWO of DIAMONDS, FIVE of HEARTS, ACE of CLUBS, QUEEN of HEARTS]
  Basic Bot 1 → [TWO of HEARTS, THREE of DIAMONDS, THREE of SPADES, EIGHT of HEARTS, EIGHT of SPADES, JACK of SPADES, FIVE of CLUBS]
  Basic Bot 2 → [THREE of HEARTS, EIGHT of DIAMONDS, KING of DIAMONDS, NINE of CLUBS, QUEEN of DIAMONDS]
  Basic Bot 3 → [ACE of SPADES, FOUR of SPADES, FIVE of DIAMONDS, EIGHT of CLUBS, KING of HEARTS, NINE of SPADES]

STEP 72: Basic Bot 2 turn purge: []
  Player 1 → [FIVE of SPADES, FOUR of CLUBS, THREE of CLUBS, TWO of DIAMONDS, FIVE of HEARTS, ACE of CLUBS, QUEEN of HEARTS]
  Basic Bot 1 → [TWO of HEARTS, THREE of DIAMONDS, THREE of SPADES, EIGHT of HEARTS, EIGHT of SPADES, JACK of SPADES, FIVE of CLUBS]
  Basic Bot 2 → [THREE of HEARTS, EIGHT of DIAMONDS, NINE of CLUBS, QUEEN of DIAMONDS, KING of DIAMONDS, ACE of SPADES]
  Basic Bot 3 → [FOUR of SPADES, FIVE of DIAMONDS, EIGHT of CLUBS, KING of HEARTS, NINE of SPADES]

STEP 73: Basic Bot 3 turn purge: []
  Player 1 → [FIVE of SPADES, FOUR of CLUBS, THREE of CLUBS, TWO of DIAMONDS, FIVE of HEARTS, QUEEN of HEARTS]
  Basic Bot 1 → [TWO of HEARTS, THREE of DIAMONDS, THREE of SPADES, EIGHT of HEARTS, EIGHT of SPADES, JACK of SPADES, FIVE of CLUBS]
  Basic Bot 2 → [THREE of HEARTS, EIGHT of DIAMONDS, NINE of CLUBS, QUEEN of DIAMONDS, KING of DIAMONDS, ACE of SPADES]
  Basic Bot 3 → [EIGHT of CLUBS, FIVE of DIAMONDS, KING of HEARTS, FOUR of SPADES, NINE of SPADES, ACE of CLUBS]

STEP 74: Player 1 turn purge: []
  Player 1 → [FIVE of SPADES, FOUR of CLUBS, THREE of CLUBS, TWO of DIAMONDS, FIVE of HEARTS, QUEEN of HEARTS, THREE of SPADES]
  Basic Bot 1 → [TWO of HEARTS, THREE of DIAMONDS, EIGHT of HEARTS, EIGHT of SPADES, JACK of SPADES, FIVE of CLUBS]
  Basic Bot 2 → [THREE of HEARTS, EIGHT of DIAMONDS, NINE of CLUBS, QUEEN of DIAMONDS, KING of DIAMONDS, ACE of SPADES]
  Basic Bot 3 → [EIGHT of CLUBS, FIVE of DIAMONDS, KING of HEARTS, FOUR of SPADES, NINE of SPADES, ACE of CLUBS]

STEP 75: Basic Bot 1 turn purge: []
  Player 1 → [FIVE of SPADES, FOUR of CLUBS, THREE of CLUBS, TWO of DIAMONDS, FIVE of HEARTS, QUEEN of HEARTS, THREE of SPADES]
  Basic Bot 1 → [TWO of HEARTS, THREE of DIAMONDS, EIGHT of HEARTS, FIVE of CLUBS, EIGHT of SPADES, JACK of SPADES, ACE of SPADES]
  Basic Bot 2 → [THREE of HEARTS, EIGHT of DIAMONDS, NINE of CLUBS, QUEEN of DIAMONDS, KING of DIAMONDS]
  Basic Bot 3 → [EIGHT of CLUBS, FIVE of DIAMONDS, KING of HEARTS, FOUR of SPADES, NINE of SPADES, ACE of CLUBS]

STEP 76: Basic Bot 2 turn purge: []
  Player 1 → [FIVE of SPADES, FOUR of CLUBS, THREE of CLUBS, TWO of DIAMONDS, FIVE of HEARTS, QUEEN of HEARTS, THREE of SPADES]
  Basic Bot 1 → [TWO of HEARTS, THREE of DIAMONDS, EIGHT of HEARTS, FIVE of CLUBS, EIGHT of SPADES, JACK of SPADES, ACE of SPADES]
  Basic Bot 2 → [THREE of HEARTS, EIGHT of DIAMONDS, QUEEN of DIAMONDS, KING of DIAMONDS, NINE of CLUBS, FIVE of DIAMONDS]
  Basic Bot 3 → [EIGHT of CLUBS, KING of HEARTS, FOUR of SPADES, NINE of SPADES, ACE of CLUBS]

STEP 77: Basic Bot 3 turn purge: []
  Player 1 → [FIVE of SPADES, FOUR of CLUBS, THREE of CLUBS, TWO of DIAMONDS, FIVE of HEARTS, THREE of SPADES]
  Basic Bot 1 → [TWO of HEARTS, THREE of DIAMONDS, EIGHT of HEARTS, FIVE of CLUBS, EIGHT of SPADES, JACK of SPADES, ACE of SPADES]
  Basic Bot 2 → [THREE of HEARTS, EIGHT of DIAMONDS, QUEEN of DIAMONDS, KING of DIAMONDS, NINE of CLUBS, FIVE of DIAMONDS]
  Basic Bot 3 → [KING of HEARTS, ACE of CLUBS, FOUR of SPADES, EIGHT of CLUBS, NINE of SPADES, QUEEN of HEARTS]

STEP 78: Player 1 turn purge: [THREE of CLUBS, THREE of SPADES]
  Player 1 → [FIVE of SPADES, FOUR of CLUBS, TWO of DIAMONDS, FIVE of HEARTS, JACK of SPADES]
  Basic Bot 1 → [TWO of HEARTS, THREE of DIAMONDS, EIGHT of HEARTS, FIVE of CLUBS, EIGHT of SPADES, ACE of SPADES]
  Basic Bot 2 → [THREE of HEARTS, EIGHT of DIAMONDS, QUEEN of DIAMONDS, KING of DIAMONDS, NINE of CLUBS, FIVE of DIAMONDS]
  Basic Bot 3 → [KING of HEARTS, ACE of CLUBS, FOUR of SPADES, EIGHT of CLUBS, NINE of SPADES, QUEEN of HEARTS]

STEP 79: Basic Bot 1 turn purge: []
  Player 1 → [FIVE of SPADES, FOUR of CLUBS, TWO of DIAMONDS, FIVE of HEARTS, JACK of SPADES]
  Basic Bot 1 → [ACE of SPADES, TWO of HEARTS, THREE of DIAMONDS, FIVE of CLUBS, EIGHT of HEARTS, EIGHT of SPADES, KING of DIAMONDS]
  Basic Bot 2 → [THREE of HEARTS, EIGHT of DIAMONDS, QUEEN of DIAMONDS, NINE of CLUBS, FIVE of DIAMONDS]
  Basic Bot 3 → [KING of HEARTS, ACE of CLUBS, FOUR of SPADES, EIGHT of CLUBS, NINE of SPADES, QUEEN of HEARTS]

STEP 80: Basic Bot 2 turn purge: []
  Player 1 → [FIVE of SPADES, FOUR of CLUBS, TWO of DIAMONDS, FIVE of HEARTS, JACK of SPADES]
  Basic Bot 1 → [ACE of SPADES, TWO of HEARTS, THREE of DIAMONDS, FIVE of CLUBS, EIGHT of HEARTS, EIGHT of SPADES, KING of DIAMONDS]
  Basic Bot 2 → [THREE of HEARTS, FIVE of DIAMONDS, EIGHT of DIAMONDS, NINE of CLUBS, QUEEN of DIAMONDS, KING of HEARTS]
  Basic Bot 3 → [ACE of CLUBS, FOUR of SPADES, EIGHT of CLUBS, NINE of SPADES, QUEEN of HEARTS]

STEP 81: Basic Bot 3 turn purge: []
  Player 1 → [FIVE of SPADES, FOUR of CLUBS, FIVE of HEARTS, JACK of SPADES]
  Basic Bot 1 → [ACE of SPADES, TWO of HEARTS, THREE of DIAMONDS, FIVE of CLUBS, EIGHT of HEARTS, EIGHT of SPADES, KING of DIAMONDS]
  Basic Bot 2 → [THREE of HEARTS, FIVE of DIAMONDS, EIGHT of DIAMONDS, NINE of CLUBS, QUEEN of DIAMONDS, KING of HEARTS]
  Basic Bot 3 → [ACE of CLUBS, FOUR of SPADES, EIGHT of CLUBS, NINE of SPADES, QUEEN of HEARTS, TWO of DIAMONDS]

STEP 82: Player 1 turn purge: []
  Player 1 → [FIVE of SPADES, FOUR of CLUBS, FIVE of HEARTS, JACK of SPADES, THREE of DIAMONDS]
  Basic Bot 1 → [ACE of SPADES, TWO of HEARTS, FIVE of CLUBS, EIGHT of HEARTS, EIGHT of SPADES, KING of DIAMONDS]
  Basic Bot 2 → [THREE of HEARTS, FIVE of DIAMONDS, EIGHT of DIAMONDS, NINE of CLUBS, QUEEN of DIAMONDS, KING of HEARTS]
  Basic Bot 3 → [ACE of CLUBS, FOUR of SPADES, EIGHT of CLUBS, NINE of SPADES, QUEEN of HEARTS, TWO of DIAMONDS]

STEP 83: Basic Bot 1 turn purge: []
  Player 1 → [FIVE of SPADES, FOUR of CLUBS, FIVE of HEARTS, JACK of SPADES, THREE of DIAMONDS]
  Basic Bot 1 → [TWO of HEARTS, EIGHT of HEARTS, KING of DIAMONDS, ACE of SPADES, FIVE of CLUBS, EIGHT of SPADES, QUEEN of DIAMONDS]
  Basic Bot 2 → [THREE of HEARTS, FIVE of DIAMONDS, EIGHT of DIAMONDS, NINE of CLUBS, KING of HEARTS]
  Basic Bot 3 → [ACE of CLUBS, FOUR of SPADES, EIGHT of CLUBS, NINE of SPADES, QUEEN of HEARTS, TWO of DIAMONDS]

STEP 84: Basic Bot 2 turn purge: []
  Player 1 → [FIVE of SPADES, FOUR of CLUBS, FIVE of HEARTS, JACK of SPADES, THREE of DIAMONDS]
  Basic Bot 1 → [TWO of HEARTS, EIGHT of HEARTS, KING of DIAMONDS, ACE of SPADES, FIVE of CLUBS, EIGHT of SPADES, QUEEN of DIAMONDS]
  Basic Bot 2 → [NINE of CLUBS, FIVE of DIAMONDS, EIGHT of DIAMONDS, THREE of HEARTS, KING of HEARTS, QUEEN of HEARTS]
  Basic Bot 3 → [ACE of CLUBS, FOUR of SPADES, EIGHT of CLUBS, NINE of SPADES, TWO of DIAMONDS]

STEP 85: Basic Bot 3 turn purge: [FOUR of SPADES, FOUR of CLUBS]
  Player 1 → [FIVE of SPADES, FIVE of HEARTS, JACK of SPADES, THREE of DIAMONDS]
  Basic Bot 1 → [TWO of HEARTS, EIGHT of HEARTS, KING of DIAMONDS, ACE of SPADES, FIVE of CLUBS, EIGHT of SPADES, QUEEN of DIAMONDS]
  Basic Bot 2 → [NINE of CLUBS, FIVE of DIAMONDS, EIGHT of DIAMONDS, THREE of HEARTS, KING of HEARTS, QUEEN of HEARTS]
  Basic Bot 3 → [TWO of DIAMONDS, ACE of CLUBS, EIGHT of CLUBS, NINE of SPADES]

STEP 86: Player 1 turn purge: []
  Player 1 → [FIVE of SPADES, FIVE of HEARTS, JACK of SPADES, THREE of DIAMONDS, FIVE of CLUBS]
  Basic Bot 1 → [TWO of HEARTS, EIGHT of HEARTS, KING of DIAMONDS, ACE of SPADES, EIGHT of SPADES, QUEEN of DIAMONDS]
  Basic Bot 2 → [NINE of CLUBS, FIVE of DIAMONDS, EIGHT of DIAMONDS, THREE of HEARTS, KING of HEARTS, QUEEN of HEARTS]
  Basic Bot 3 → [TWO of DIAMONDS, ACE of CLUBS, EIGHT of CLUBS, NINE of SPADES]

STEP 87: Basic Bot 1 turn purge: [QUEEN of DIAMONDS, QUEEN of HEARTS]
  Player 1 → [FIVE of SPADES, FIVE of HEARTS, JACK of SPADES, THREE of DIAMONDS, FIVE of CLUBS]
  Basic Bot 1 → [ACE of SPADES, TWO of HEARTS, EIGHT of HEARTS, EIGHT of SPADES, KING of DIAMONDS]
  Basic Bot 2 → [NINE of CLUBS, FIVE of DIAMONDS, EIGHT of DIAMONDS, THREE of HEARTS, KING of HEARTS]
  Basic Bot 3 → [TWO of DIAMONDS, ACE of CLUBS, EIGHT of CLUBS, NINE of SPADES]

STEP 88: Basic Bot 2 turn purge: []
  Player 1 → [FIVE of SPADES, FIVE of HEARTS, JACK of SPADES, THREE of DIAMONDS, FIVE of CLUBS]
  Basic Bot 1 → [ACE of SPADES, TWO of HEARTS, EIGHT of HEARTS, EIGHT of SPADES, KING of DIAMONDS]
  Basic Bot 2 → [NINE of CLUBS, FIVE of DIAMONDS, EIGHT of DIAMONDS, THREE of HEARTS, KING of HEARTS, TWO of DIAMONDS]
  Basic Bot 3 → [ACE of CLUBS, EIGHT of CLUBS, NINE of SPADES]

STEP 89: Basic Bot 3 turn purge: []
  Player 1 → [FIVE of SPADES, FIVE of HEARTS, JACK of SPADES, FIVE of CLUBS]
  Basic Bot 1 → [ACE of SPADES, TWO of HEARTS, EIGHT of HEARTS, EIGHT of SPADES, KING of DIAMONDS]
  Basic Bot 2 → [NINE of CLUBS, FIVE of DIAMONDS, EIGHT of DIAMONDS, THREE of HEARTS, KING of HEARTS, TWO of DIAMONDS]
  Basic Bot 3 → [ACE of CLUBS, EIGHT of CLUBS, NINE of SPADES, THREE of DIAMONDS]

STEP 90: Player 1 turn purge: [FIVE of SPADES, FIVE of CLUBS]
  Player 1 → [FIVE of HEARTS, JACK of SPADES, ACE of SPADES]
  Basic Bot 1 → [TWO of HEARTS, EIGHT of HEARTS, EIGHT of SPADES, KING of DIAMONDS]
  Basic Bot 2 → [NINE of CLUBS, FIVE of DIAMONDS, EIGHT of DIAMONDS, THREE of HEARTS, KING of HEARTS, TWO of DIAMONDS]
  Basic Bot 3 → [ACE of CLUBS, EIGHT of CLUBS, NINE of SPADES, THREE of DIAMONDS]

STEP 91: Basic Bot 1 turn purge: [TWO of HEARTS, TWO of DIAMONDS]
  Player 1 → [FIVE of HEARTS, JACK of SPADES, ACE of SPADES]
  Basic Bot 1 → [KING of DIAMONDS, EIGHT of HEARTS, EIGHT of SPADES]
  Basic Bot 2 → [NINE of CLUBS, FIVE of DIAMONDS, EIGHT of DIAMONDS, THREE of HEARTS, KING of HEARTS]
  Basic Bot 3 → [ACE of CLUBS, EIGHT of CLUBS, NINE of SPADES, THREE of DIAMONDS]

STEP 92: Basic Bot 2 turn purge: []
  Player 1 → [FIVE of HEARTS, JACK of SPADES, ACE of SPADES]
  Basic Bot 1 → [KING of DIAMONDS, EIGHT of HEARTS, EIGHT of SPADES]
  Basic Bot 2 → [NINE of CLUBS, FIVE of DIAMONDS, EIGHT of DIAMONDS, THREE of HEARTS, KING of HEARTS, EIGHT of CLUBS]
  Basic Bot 3 → [ACE of CLUBS, NINE of SPADES, THREE of DIAMONDS]

STEP 93: Basic Bot 3 turn purge: []
  Player 1 → [FIVE of HEARTS, ACE of SPADES]
  Basic Bot 1 → [KING of DIAMONDS, EIGHT of HEARTS, EIGHT of SPADES]
  Basic Bot 2 → [NINE of CLUBS, FIVE of DIAMONDS, EIGHT of DIAMONDS, THREE of HEARTS, KING of HEARTS, EIGHT of CLUBS]
  Basic Bot 3 → [THREE of DIAMONDS, ACE of CLUBS, NINE of SPADES, JACK of SPADES]

STEP 94: Player 1 turn purge: []
  Player 1 → [FIVE of HEARTS, ACE of SPADES, EIGHT of HEARTS]
  Basic Bot 1 → [KING of DIAMONDS, EIGHT of SPADES]
  Basic Bot 2 → [NINE of CLUBS, FIVE of DIAMONDS, EIGHT of DIAMONDS, THREE of HEARTS, KING of HEARTS, EIGHT of CLUBS]
  Basic Bot 3 → [THREE of DIAMONDS, ACE of CLUBS, NINE of SPADES, JACK of SPADES]

STEP 95: Basic Bot 1 turn purge: [EIGHT of SPADES, EIGHT of CLUBS]
  Player 1 → [FIVE of HEARTS, ACE of SPADES, EIGHT of HEARTS]
  Basic Bot 1 → [KING of DIAMONDS]
  Basic Bot 2 → [NINE of CLUBS, FIVE of DIAMONDS, EIGHT of DIAMONDS, THREE of HEARTS, KING of HEARTS]
  Basic Bot 3 → [THREE of DIAMONDS, ACE of CLUBS, NINE of SPADES, JACK of SPADES]

STEP 96: Basic Bot 2 turn purge: []
  Player 1 → [FIVE of HEARTS, ACE of SPADES, EIGHT of HEARTS]
  Basic Bot 1 → [KING of DIAMONDS]
  Basic Bot 2 → [THREE of HEARTS, FIVE of DIAMONDS, EIGHT of DIAMONDS, NINE of CLUBS, KING of HEARTS, ACE of CLUBS]
  Basic Bot 3 → [THREE of DIAMONDS, NINE of SPADES, JACK of SPADES]

STEP 97: Basic Bot 3 turn purge: []
  Player 1 → [FIVE of HEARTS, EIGHT of HEARTS]
  Basic Bot 1 → [KING of DIAMONDS]
  Basic Bot 2 → [THREE of HEARTS, FIVE of DIAMONDS, EIGHT of DIAMONDS, NINE of CLUBS, KING of HEARTS, ACE of CLUBS]
  Basic Bot 3 → [THREE of DIAMONDS, NINE of SPADES, JACK of SPADES, ACE of SPADES]

STEP 98: Player 1 turn purge: []
  Player 1 → [FIVE of HEARTS, EIGHT of HEARTS, KING of DIAMONDS]
  Basic Bot 1 → []
  Basic Bot 2 → [THREE of HEARTS, FIVE of DIAMONDS, EIGHT of DIAMONDS, NINE of CLUBS, KING of HEARTS, ACE of CLUBS]
  Basic Bot 3 → [THREE of DIAMONDS, NINE of SPADES, JACK of SPADES, ACE of SPADES]

STEP 99: Basic Bot 2 turn purge: [ACE of CLUBS, ACE of SPADES]
  Player 1 → [FIVE of HEARTS, EIGHT of HEARTS, KING of DIAMONDS]
  Basic Bot 1 → []
  Basic Bot 2 → [THREE of HEARTS, FIVE of DIAMONDS, EIGHT of DIAMONDS, KING of HEARTS, NINE of CLUBS]
  Basic Bot 3 → [THREE of DIAMONDS, NINE of SPADES, JACK of SPADES]

STEP 100: Basic Bot 3 turn purge: []
  Player 1 → [FIVE of HEARTS, EIGHT of HEARTS]
  Basic Bot 1 → []
  Basic Bot 2 → [THREE of HEARTS, FIVE of DIAMONDS, EIGHT of DIAMONDS, KING of HEARTS, NINE of CLUBS]
  Basic Bot 3 → [THREE of DIAMONDS, NINE of SPADES, JACK of SPADES, KING of DIAMONDS]

STEP 101: Player 1 turn purge: []
  Player 1 → [FIVE of HEARTS, EIGHT of HEARTS, FIVE of DIAMONDS]
  Basic Bot 1 → []
  Basic Bot 2 → [THREE of HEARTS, EIGHT of DIAMONDS, KING of HEARTS, NINE of CLUBS]
  Basic Bot 3 → [THREE of DIAMONDS, NINE of SPADES, JACK of SPADES, KING of DIAMONDS]

STEP 102: Basic Bot 2 turn purge: [KING of HEARTS, KING of DIAMONDS]
  Player 1 → [FIVE of HEARTS, EIGHT of HEARTS, FIVE of DIAMONDS]
  Basic Bot 1 → []
  Basic Bot 2 → [THREE of HEARTS, EIGHT of DIAMONDS, NINE of CLUBS]
  Basic Bot 3 → [THREE of DIAMONDS, NINE of SPADES, JACK of SPADES]

STEP 103: Basic Bot 3 turn purge: []
  Player 1 → [FIVE of HEARTS, FIVE of DIAMONDS]
  Basic Bot 1 → []
  Basic Bot 2 → [THREE of HEARTS, EIGHT of DIAMONDS, NINE of CLUBS]
  Basic Bot 3 → [THREE of DIAMONDS, NINE of SPADES, JACK of SPADES, EIGHT of HEARTS]

STEP 104: Player 1 turn purge: [FIVE of HEARTS, FIVE of DIAMONDS]
  Player 1 → []
  Basic Bot 1 → []
  Basic Bot 2 → [THREE of HEARTS, EIGHT of DIAMONDS, NINE of CLUBS]
  Basic Bot 3 → [THREE of DIAMONDS, NINE of SPADES, JACK of SPADES, EIGHT of HEARTS]

STEP 105: Basic Bot 2 turn purge: [THREE of HEARTS, THREE of DIAMONDS]
  Player 1 → []
  Basic Bot 1 → []
  Basic Bot 2 → [NINE of CLUBS, EIGHT of DIAMONDS]
  Basic Bot 3 → [NINE of SPADES, JACK of SPADES, EIGHT of HEARTS]

STEP 106: Basic Bot 3 turn purge: [NINE of SPADES, NINE of CLUBS]
  Player 1 → []
  Basic Bot 1 → []
  Basic Bot 2 → [EIGHT of DIAMONDS]
  Basic Bot 3 → [EIGHT of HEARTS, JACK of SPADES]

STEP 107: Basic Bot 2 turn purge: [EIGHT of DIAMONDS, EIGHT of HEARTS]
  Player 1 → []
  Basic Bot 1 → []
  Basic Bot 2 → []
  Basic Bot 3 → [JACK of SPADES]

STEP 108: Game over
  Player 1 → []
  Basic Bot 1 → []
  Basic Bot 2 → []
  Basic Bot 3 → [JACK of SPADES]

End of replay at 2025-05-07 12:10:54
