Pouilleux Replay Log — game 2 started at 2025-05-07 12:09:39

STEP 0: Player 1 initial purge: [THREE of SPADES, THREE of CLUBS]
  Player 1 → [TEN of DIAMONDS, ACE of CLUBS, SEVEN of SPADES, KING of HEARTS, KING of SPADES, EIGHT of SPADES, TEN of CLUBS, TWO of CLUBS, JACK of HEARTS, EIGHT of HEARTS, TWO of HEARTS]
  Basic Bot 1 → [NINE of HEARTS, FOUR of CLUBS, SIX of SPADES, QUEEN of CLUBS, JACK of SPADES, FIVE of HEARTS, NINE of CLUBS, SIX of DIAMONDS, TEN of SPADES, KING of CLUBS, FIVE of CLUBS, TEN of HEARTS, TWO of DIAMONDS]
  Basic Bot 2 → [QUEEN of HEARTS, FOUR of HEARTS, FOUR of DIAMONDS, QUEEN of SPADES, EIGHT of DIAMONDS, SIX of CLUBS, NINE of DIAMONDS, FIVE of SPADES, ACE of SPADES, TWO of SPADES, NINE of SPADES, SEVEN of DIAMONDS, EIGHT of CLUBS]
  Basic Bot 3 → [KING of DIAMONDS, SEVEN of HEARTS, THREE of HEARTS, FOUR of SPADES, QUEEN of DIAMONDS, JACK of DIAMONDS, ACE of HEARTS, SEVEN of CLUBS, FIVE of DIAMONDS, SIX of HEARTS, THREE of DIAMONDS, ACE of DIAMONDS]

STEP 1: Basic Bot 1 initial purge: []
  Player 1 → [TEN of DIAMONDS, ACE of CLUBS, SEVEN of SPADES, KING of HEARTS, KING of SPADES, EIGHT of SPADES, TEN of CLUBS, TWO of CLUBS, JACK of HEARTS, EIGHT of HEARTS, TWO of HEARTS]
  Basic Bot 1 → [NINE of HEARTS, FOUR of CLUBS, SIX of SPADES, QUEEN of CLUBS, JACK of SPADES, FIVE of HEARTS, NINE of CLUBS, SIX of DIAMONDS, TEN of SPADES, KING of CLUBS, FIVE of CLUBS, TEN of HEARTS, TWO of DIAMONDS]
  Basic Bot 2 → [QUEEN of HEARTS, FOUR of HEARTS, FOUR of DIAMONDS, QUEEN of SPADES, EIGHT of DIAMONDS, SIX of CLUBS, NINE of DIAMONDS, FIVE of SPADES, ACE of SPADES, TWO of SPADES, NINE of SPADES, SEVEN of DIAMONDS, EIGHT of CLUBS]
  Basic Bot 3 → [KING of DIAMONDS, SEVEN of HEARTS, THREE of HEARTS, FOUR of SPADES, QUEEN of DIAMONDS, JACK of DIAMONDS, ACE of HEARTS, SEVEN of CLUBS, FIVE of DIAMONDS, SIX of HEARTS, THREE of DIAMONDS, ACE of DIAMONDS]

STEP 2: Basic Bot 2 initial purge: [FOUR of HEARTS, FOUR of DIAMONDS]
  Player 1 → [TEN of DIAMONDS, ACE of CLUBS, SEVEN of SPADES, KING of HEARTS, KING of SPADES, EIGHT of SPADES, TEN of CLUBS, TWO of CLUBS, JACK of HEARTS, EIGHT of HEARTS, TWO of HEARTS]
  Basic Bot 1 → [NINE of HEARTS, FOUR of CLUBS, SIX of SPADES, QUEEN of CLUBS, JACK of SPADES, FIVE of HEARTS, NINE of CLUBS, SIX of DIAMONDS, TEN of SPADES, KING of CLUBS, FIVE of CLUBS, TEN of HEARTS, TWO of DIAMONDS]
  Basic Bot 2 → [QUEEN of HEARTS, QUEEN of SPADES, EIGHT of DIAMONDS, SIX of CLUBS, NINE of DIAMONDS, FIVE of SPADES, ACE of SPADES, TWO of SPADES, NINE of SPADES, SEVEN of DIAMONDS, EIGHT of CLUBS]
  Basic Bot 3 → [KING of DIAMONDS, SEVEN of HEARTS, THREE of HEARTS, FOUR of SPADES, QUEEN of DIAMONDS, JACK of DIAMONDS, ACE of HEARTS, SEVEN of CLUBS, FIVE of DIAMONDS, SIX of HEARTS, THREE of DIAMONDS, ACE of DIAMONDS]

STEP 3: Basic Bot 3 initial purge: [ACE of HEARTS, ACE of DIAMONDS, THREE of HEARTS, THREE of DIAMONDS]
  Player 1 → [TEN of DIAMONDS, ACE of CLUBS, SEVEN of SPADES, KING of HEARTS, KING of SPADES, EIGHT of SPADES, TEN of CLUBS, TWO of CLUBS, JACK of HEARTS, EIGHT of HEARTS, TWO of HEARTS]
  Basic Bot 1 → [NINE of HEARTS, FOUR of CLUBS, SIX of SPADES, QUEEN of CLUBS, JACK of SPADES, FIVE of HEARTS, NINE of CLUBS, SIX of DIAMONDS, TEN of SPADES, KING of CLUBS, FIVE of CLUBS, TEN of HEARTS, TWO of DIAMONDS]
  Basic Bot 2 → [QUEEN of HEARTS, QUEEN of SPADES, EIGHT of DIAMONDS, SIX of CLUBS, NINE of DIAMONDS, FIVE of SPADES, ACE of SPADES, TWO of SPADES, NINE of SPADES, SEVEN of DIAMONDS, EIGHT of CLUBS]
  Basic Bot 3 → [KING of DIAMONDS, SEVEN of HEARTS, FOUR of SPADES, QUEEN of DIAMONDS, JACK of DIAMONDS, SEVEN of CLUBS, FIVE of DIAMONDS, SIX of HEARTS]

STEP 4: Basic Bot 2 turn purge: []
  Player 1 → [TEN of DIAMONDS, ACE of CLUBS, SEVEN of SPADES, KING of HEARTS, KING of SPADES, EIGHT of SPADES, TEN of CLUBS, TWO of CLUBS, JACK of HEARTS, EIGHT of HEARTS, TWO of HEARTS]
  Basic Bot 1 → [NINE of HEARTS, FOUR of CLUBS, SIX of SPADES, QUEEN of CLUBS, JACK of SPADES, FIVE of HEARTS, NINE of CLUBS, SIX of DIAMONDS, TEN of SPADES, KING of CLUBS, FIVE of CLUBS, TEN of HEARTS, TWO of DIAMONDS]
  Basic Bot 2 → [SEVEN of DIAMONDS, EIGHT of DIAMONDS, NINE of DIAMONDS, QUEEN of HEARTS, ACE of SPADES, TWO of SPADES, FIVE of SPADES, SIX of CLUBS, EIGHT of CLUBS, NINE of SPADES, QUEEN of SPADES, FOUR of SPADES]
  Basic Bot 3 → [KING of DIAMONDS, SEVEN of HEARTS, QUEEN of DIAMONDS, JACK of DIAMONDS, SEVEN of CLUBS, FIVE of DIAMONDS, SIX of HEARTS]

STEP 5: Basic Bot 3 turn purge: []
  Player 1 → [TEN of DIAMONDS, SEVEN of SPADES, KING of HEARTS, KING of SPADES, EIGHT of SPADES, TEN of CLUBS, TWO of CLUBS, JACK of HEARTS, EIGHT of HEARTS, TWO of HEARTS]
  Basic Bot 1 → [NINE of HEARTS, FOUR of CLUBS, SIX of SPADES, QUEEN of CLUBS, JACK of SPADES, FIVE of HEARTS, NINE of CLUBS, SIX of DIAMONDS, TEN of SPADES, KING of CLUBS, FIVE of CLUBS, TEN of HEARTS, TWO of DIAMONDS]
  Basic Bot 2 → [SEVEN of DIAMONDS, EIGHT of DIAMONDS, NINE of DIAMONDS, QUEEN of HEARTS, ACE of SPADES, TWO of SPADES, FIVE of SPADES, SIX of CLUBS, EIGHT of CLUBS, NINE of SPADES, QUEEN of SPADES, FOUR of SPADES]
  Basic Bot 3 → [SEVEN of CLUBS, FIVE of DIAMONDS, JACK of DIAMONDS, QUEEN of DIAMONDS, KING of DIAMONDS, SIX of HEARTS, SEVEN of HEARTS, ACE of CLUBS]

STEP 6: Player 1 turn purge: []
  Player 1 → [TEN of DIAMONDS, SEVEN of SPADES, KING of HEARTS, KING of SPADES, EIGHT of SPADES, TEN of CLUBS, TWO of CLUBS, JACK of HEARTS, EIGHT of HEARTS, TWO of HEARTS, TEN of HEARTS]
  Basic Bot 1 → [NINE of HEARTS, FOUR of CLUBS, SIX of SPADES, QUEEN of CLUBS, JACK of SPADES, FIVE of HEARTS, NINE of CLUBS, SIX of DIAMONDS, TEN of SPADES, KING of CLUBS, FIVE of CLUBS, TWO of DIAMONDS]
  Basic Bot 2 → [SEVEN of DIAMONDS, EIGHT of DIAMONDS, NINE of DIAMONDS, QUEEN of HEARTS, ACE of SPADES, TWO of SPADES, FIVE of SPADES, SIX of CLUBS, EIGHT of CLUBS, NINE of SPADES, QUEEN of SPADES, FOUR of SPADES]
  Basic Bot 3 → [SEVEN of CLUBS, FIVE of DIAMONDS, JACK of DIAMONDS, QUEEN of DIAMONDS, KING of DIAMONDS, SIX of HEARTS, SEVEN of HEARTS, ACE of CLUBS]

STEP 7: Basic Bot 1 turn purge: []
  Player 1 → [TEN of DIAMONDS, SEVEN of SPADES, KING of HEARTS, KING of SPADES, EIGHT of SPADES, TEN of CLUBS, TWO of CLUBS, JACK of HEARTS, EIGHT of HEARTS, TWO of HEARTS, TEN of HEARTS]
  Basic Bot 1 → [TWO of DIAMONDS, FOUR of CLUBS, FIVE of CLUBS, FIVE of HEARTS, SIX of DIAMONDS, SIX of SPADES, NINE of CLUBS, NINE of HEARTS, TEN of SPADES, JACK of SPADES, QUEEN of CLUBS, KING of CLUBS, ACE of SPADES]
  Basic Bot 2 → [SEVEN of DIAMONDS, EIGHT of DIAMONDS, NINE of DIAMONDS, QUEEN of HEARTS, TWO of SPADES, FIVE of SPADES, SIX of CLUBS, EIGHT of CLUBS, NINE of SPADES, QUEEN of SPADES, FOUR of SPADES]
  Basic Bot 3 → [SEVEN of CLUBS, FIVE of DIAMONDS, JACK of DIAMONDS, QUEEN of DIAMONDS, KING of DIAMONDS, SIX of HEARTS, SEVEN of HEARTS, ACE of CLUBS]

STEP 8: Basic Bot 2 turn purge: []
  Player 1 → [TEN of DIAMONDS, SEVEN of SPADES, KING of HEARTS, KING of SPADES, EIGHT of SPADES, TEN of CLUBS, TWO of CLUBS, JACK of HEARTS, EIGHT of HEARTS, TWO of HEARTS, TEN of HEARTS]
  Basic Bot 1 → [TWO of DIAMONDS, FOUR of CLUBS, FIVE of CLUBS, FIVE of HEARTS, SIX of DIAMONDS, SIX of SPADES, NINE of CLUBS, NINE of HEARTS, TEN of SPADES, JACK of SPADES, QUEEN of CLUBS, KING of CLUBS, ACE of SPADES]
  Basic Bot 2 → [SEVEN of DIAMONDS, EIGHT of DIAMONDS, NINE of DIAMONDS, QUEEN of HEARTS, TWO of SPADES, FOUR of SPADES, FIVE of SPADES, SIX of CLUBS, EIGHT of CLUBS, NINE of SPADES, QUEEN of SPADES, FIVE of DIAMONDS]
  Basic Bot 3 → [SEVEN of CLUBS, JACK of DIAMONDS, QUEEN of DIAMONDS, KING of DIAMONDS, SIX of HEARTS, SEVEN of HEARTS, ACE of CLUBS]

STEP 9: Basic Bot 3 turn purge: [JACK of DIAMONDS, JACK of HEARTS]
  Player 1 → [TEN of DIAMONDS, SEVEN of SPADES, KING of HEARTS, KING of SPADES, EIGHT of SPADES, TEN of CLUBS, TWO of CLUBS, EIGHT of HEARTS, TWO of HEARTS, TEN of HEARTS]
  Basic Bot 1 → [TWO of DIAMONDS, FOUR of CLUBS, FIVE of CLUBS, FIVE of HEARTS, SIX of DIAMONDS, SIX of SPADES, NINE of CLUBS, NINE of HEARTS, TEN of SPADES, JACK of SPADES, QUEEN of CLUBS, KING of CLUBS, ACE of SPADES]
  Basic Bot 2 → [SEVEN of DIAMONDS, EIGHT of DIAMONDS, NINE of DIAMONDS, QUEEN of HEARTS, TWO of SPADES, FOUR of SPADES, FIVE of SPADES, SIX of CLUBS, EIGHT of CLUBS, NINE of SPADES, QUEEN of SPADES, FIVE of DIAMONDS]
  Basic Bot 3 → [SIX of HEARTS, SEVEN of HEARTS, QUEEN of DIAMONDS, KING of DIAMONDS, ACE of CLUBS, SEVEN of CLUBS]

STEP 10: Player 1 turn purge: []
  Player 1 → [TEN of DIAMONDS, SEVEN of SPADES, KING of HEARTS, KING of SPADES, EIGHT of SPADES, TEN of CLUBS, TWO of CLUBS, EIGHT of HEARTS, TWO of HEARTS, TEN of HEARTS, FIVE of HEARTS]
  Basic Bot 1 → [TWO of DIAMONDS, FOUR of CLUBS, FIVE of CLUBS, SIX of DIAMONDS, SIX of SPADES, NINE of CLUBS, NINE of HEARTS, TEN of SPADES, JACK of SPADES, QUEEN of CLUBS, KING of CLUBS, ACE of SPADES]
  Basic Bot 2 → [SEVEN of DIAMONDS, EIGHT of DIAMONDS, NINE of DIAMONDS, QUEEN of HEARTS, TWO of SPADES, FOUR of SPADES, FIVE of SPADES, SIX of CLUBS, EIGHT of CLUBS, NINE of SPADES, QUEEN of SPADES, FIVE of DIAMONDS]
  Basic Bot 3 → [SIX of HEARTS, SEVEN of HEARTS, QUEEN of DIAMONDS, KING of DIAMONDS, ACE of CLUBS, SEVEN of CLUBS]

STEP 11: Basic Bot 1 turn purge: []
  Player 1 → [TEN of DIAMONDS, SEVEN of SPADES, KING of HEARTS, KING of SPADES, EIGHT of SPADES, TEN of CLUBS, TWO of CLUBS, EIGHT of HEARTS, TWO of HEARTS, TEN of HEARTS, FIVE of HEARTS]
  Basic Bot 1 → [ACE of SPADES, TWO of DIAMONDS, FOUR of CLUBS, FIVE of CLUBS, SIX of DIAMONDS, SIX of SPADES, NINE of CLUBS, NINE of HEARTS, TEN of SPADES, JACK of SPADES, QUEEN of CLUBS, KING of CLUBS, TWO of SPADES]
  Basic Bot 2 → [SEVEN of DIAMONDS, EIGHT of DIAMONDS, NINE of DIAMONDS, QUEEN of HEARTS, FOUR of SPADES, FIVE of SPADES, SIX of CLUBS, EIGHT of CLUBS, NINE of SPADES, QUEEN of SPADES, FIVE of DIAMONDS]
  Basic Bot 3 → [SIX of HEARTS, SEVEN of HEARTS, QUEEN of DIAMONDS, KING of DIAMONDS, ACE of CLUBS, SEVEN of CLUBS]

STEP 12: Basic Bot 2 turn purge: [SEVEN of DIAMONDS, SEVEN of HEARTS]
  Player 1 → [TEN of DIAMONDS, SEVEN of SPADES, KING of HEARTS, KING of SPADES, EIGHT of SPADES, TEN of CLUBS, TWO of CLUBS, EIGHT of HEARTS, TWO of HEARTS, TEN of HEARTS, FIVE of HEARTS]
  Basic Bot 1 → [ACE of SPADES, TWO of DIAMONDS, FOUR of CLUBS, FIVE of CLUBS, SIX of DIAMONDS, SIX of SPADES, NINE of CLUBS, NINE of HEARTS, TEN of SPADES, JACK of SPADES, QUEEN of CLUBS, KING of CLUBS, TWO of SPADES]
  Basic Bot 2 → [SIX of CLUBS, EIGHT of CLUBS, FIVE of DIAMONDS, EIGHT of DIAMONDS, NINE of DIAMONDS, QUEEN of HEARTS, FOUR of SPADES, FIVE of SPADES, NINE of SPADES, QUEEN of SPADES]
  Basic Bot 3 → [SIX of HEARTS, QUEEN of DIAMONDS, KING of DIAMONDS, ACE of CLUBS, SEVEN of CLUBS]

STEP 13: Basic Bot 3 turn purge: []
  Player 1 → [SEVEN of SPADES, KING of HEARTS, KING of SPADES, EIGHT of SPADES, TEN of CLUBS, TWO of CLUBS, EIGHT of HEARTS, TWO of HEARTS, TEN of HEARTS, FIVE of HEARTS]
  Basic Bot 1 → [ACE of SPADES, TWO of DIAMONDS, FOUR of CLUBS, FIVE of CLUBS, SIX of DIAMONDS, SIX of SPADES, NINE of CLUBS, NINE of HEARTS, TEN of SPADES, JACK of SPADES, QUEEN of CLUBS, KING of CLUBS, TWO of SPADES]
  Basic Bot 2 → [SIX of CLUBS, EIGHT of CLUBS, FIVE of DIAMONDS, EIGHT of DIAMONDS, NINE of DIAMONDS, QUEEN of HEARTS, FOUR of SPADES, FIVE of SPADES, NINE of SPADES, QUEEN of SPADES]
  Basic Bot 3 → [SIX of HEARTS, QUEEN of DIAMONDS, KING of DIAMONDS, ACE of CLUBS, SEVEN of CLUBS, TEN of DIAMONDS]

STEP 14: Player 1 turn purge: []
  Player 1 → [SEVEN of SPADES, KING of HEARTS, KING of SPADES, EIGHT of SPADES, TEN of CLUBS, TWO of CLUBS, EIGHT of HEARTS, TWO of HEARTS, TEN of HEARTS, FIVE of HEARTS, FOUR of CLUBS]
  Basic Bot 1 → [ACE of SPADES, TWO of DIAMONDS, FIVE of CLUBS, SIX of DIAMONDS, SIX of SPADES, NINE of CLUBS, NINE of HEARTS, TEN of SPADES, JACK of SPADES, QUEEN of CLUBS, KING of CLUBS, TWO of SPADES]
  Basic Bot 2 → [SIX of CLUBS, EIGHT of CLUBS, FIVE of DIAMONDS, EIGHT of DIAMONDS, NINE of DIAMONDS, QUEEN of HEARTS, FOUR of SPADES, FIVE of SPADES, NINE of SPADES, QUEEN of SPADES]
  Basic Bot 3 → [SIX of HEARTS, QUEEN of DIAMONDS, KING of DIAMONDS, ACE of CLUBS, SEVEN of CLUBS, TEN of DIAMONDS]

STEP 15: Basic Bot 1 turn purge: [NINE of HEARTS, NINE of DIAMONDS]
  Player 1 → [SEVEN of SPADES, KING of HEARTS, KING of SPADES, EIGHT of SPADES, TEN of CLUBS, TWO of CLUBS, EIGHT of HEARTS, TWO of HEARTS, TEN of HEARTS, FIVE of HEARTS, FOUR of CLUBS]
  Basic Bot 1 → [ACE of SPADES, TWO of DIAMONDS, TWO of SPADES, FIVE of CLUBS, SIX of DIAMONDS, SIX of SPADES, NINE of CLUBS, TEN of SPADES, JACK of SPADES, QUEEN of CLUBS, KING of CLUBS]
  Basic Bot 2 → [SIX of CLUBS, EIGHT of CLUBS, FIVE of DIAMONDS, EIGHT of DIAMONDS, QUEEN of HEARTS, FOUR of SPADES, FIVE of SPADES, NINE of SPADES, QUEEN of SPADES]
  Basic Bot 3 → [SIX of HEARTS, QUEEN of DIAMONDS, KING of DIAMONDS, ACE of CLUBS, SEVEN of CLUBS, TEN of DIAMONDS]

STEP 16: Basic Bot 2 turn purge: []
  Player 1 → [SEVEN of SPADES, KING of HEARTS, KING of SPADES, EIGHT of SPADES, TEN of CLUBS, TWO of CLUBS, EIGHT of HEARTS, TWO of HEARTS, TEN of HEARTS, FIVE of HEARTS, FOUR of CLUBS]
  Basic Bot 1 → [ACE of SPADES, TWO of DIAMONDS, TWO of SPADES, FIVE of CLUBS, SIX of DIAMONDS, SIX of SPADES, NINE of CLUBS, TEN of SPADES, JACK of SPADES, QUEEN of CLUBS, KING of CLUBS]
  Basic Bot 2 → [FIVE of DIAMONDS, EIGHT of DIAMONDS, QUEEN of HEARTS, FOUR of SPADES, FIVE of SPADES, SIX of CLUBS, EIGHT of CLUBS, NINE of SPADES, QUEEN of SPADES, TEN of DIAMONDS]
  Basic Bot 3 → [SIX of HEARTS, QUEEN of DIAMONDS, KING of DIAMONDS, ACE of CLUBS, SEVEN of CLUBS]

STEP 17: Basic Bot 3 turn purge: []
  Player 1 → [SEVEN of SPADES, KING of HEARTS, KING of SPADES, EIGHT of SPADES, TEN of CLUBS, TWO of CLUBS, EIGHT of HEARTS, TWO of HEARTS, TEN of HEARTS, FIVE of HEARTS]
  Basic Bot 1 → [ACE of SPADES, TWO of DIAMONDS, TWO of SPADES, FIVE of CLUBS, SIX of DIAMONDS, SIX of SPADES, NINE of CLUBS, TEN of SPADES, JACK of SPADES, QUEEN of CLUBS, KING of CLUBS]
  Basic Bot 2 → [FIVE of DIAMONDS, EIGHT of DIAMONDS, QUEEN of HEARTS, FOUR of SPADES, FIVE of SPADES, SIX of CLUBS, EIGHT of CLUBS, NINE of SPADES, QUEEN of SPADES, TEN of DIAMONDS]
  Basic Bot 3 → [ACE of CLUBS, SEVEN of CLUBS, QUEEN of DIAMONDS, KING of DIAMONDS, SIX of HEARTS, FOUR of CLUBS]

STEP 18: Player 1 turn purge: []
  Player 1 → [SEVEN of SPADES, KING of HEARTS, KING of SPADES, EIGHT of SPADES, TEN of CLUBS, TWO of CLUBS, EIGHT of HEARTS, TWO of HEARTS, TEN of HEARTS, FIVE of HEARTS, SIX of DIAMONDS]
  Basic Bot 1 → [ACE of SPADES, TWO of DIAMONDS, TWO of SPADES, FIVE of CLUBS, SIX of SPADES, NINE of CLUBS, TEN of SPADES, JACK of SPADES, QUEEN of CLUBS, KING of CLUBS]
  Basic Bot 2 → [FIVE of DIAMONDS, EIGHT of DIAMONDS, QUEEN of HEARTS, FOUR of SPADES, FIVE of SPADES, SIX of CLUBS, EIGHT of CLUBS, NINE of SPADES, QUEEN of SPADES, TEN of DIAMONDS]
  Basic Bot 3 → [ACE of CLUBS, SEVEN of CLUBS, QUEEN of DIAMONDS, KING of DIAMONDS, SIX of HEARTS, FOUR of CLUBS]

STEP 19: Basic Bot 1 turn purge: []
  Player 1 → [SEVEN of SPADES, KING of HEARTS, KING of SPADES, EIGHT of SPADES, TEN of CLUBS, TWO of CLUBS, EIGHT of HEARTS, TWO of HEARTS, TEN of HEARTS, FIVE of HEARTS, SIX of DIAMONDS]
  Basic Bot 1 → [TWO of DIAMONDS, ACE of SPADES, TWO of SPADES, FIVE of CLUBS, SIX of SPADES, NINE of CLUBS, TEN of SPADES, JACK of SPADES, QUEEN of CLUBS, KING of CLUBS, FIVE of DIAMONDS]
  Basic Bot 2 → [EIGHT of DIAMONDS, QUEEN of HEARTS, FOUR of SPADES, FIVE of SPADES, SIX of CLUBS, EIGHT of CLUBS, NINE of SPADES, QUEEN of SPADES, TEN of DIAMONDS]
  Basic Bot 3 → [ACE of CLUBS, SEVEN of CLUBS, QUEEN of DIAMONDS, KING of DIAMONDS, SIX of HEARTS, FOUR of CLUBS]

STEP 20: Basic Bot 2 turn purge: [QUEEN of HEARTS, QUEEN of DIAMONDS]
  Player 1 → [SEVEN of SPADES, KING of HEARTS, KING of SPADES, EIGHT of SPADES, TEN of CLUBS, TWO of CLUBS, EIGHT of HEARTS, TWO of HEARTS, TEN of HEARTS, FIVE of HEARTS, SIX of DIAMONDS]
  Basic Bot 1 → [TWO of DIAMONDS, ACE of SPADES, TWO of SPADES, FIVE of CLUBS, SIX of SPADES, NINE of CLUBS, TEN of SPADES, JACK of SPADES, QUEEN of CLUBS, KING of CLUBS, FIVE of DIAMONDS]
  Basic Bot 2 → [SIX of CLUBS, EIGHT of CLUBS, EIGHT of DIAMONDS, TEN of DIAMONDS, FOUR of SPADES, FIVE of SPADES, NINE of SPADES, QUEEN of SPADES]
  Basic Bot 3 → [ACE of CLUBS, SEVEN of CLUBS, KING of DIAMONDS, SIX of HEARTS, FOUR of CLUBS]

STEP 21: Basic Bot 3 turn purge: [SEVEN of CLUBS, SEVEN of SPADES]
  Player 1 → [KING of HEARTS, KING of SPADES, EIGHT of SPADES, TEN of CLUBS, TWO of CLUBS, EIGHT of HEARTS, TWO of HEARTS, TEN of HEARTS, FIVE of HEARTS, SIX of DIAMONDS]
  Basic Bot 1 → [TWO of DIAMONDS, ACE of SPADES, TWO of SPADES, FIVE of CLUBS, SIX of SPADES, NINE of CLUBS, TEN of SPADES, JACK of SPADES, QUEEN of CLUBS, KING of CLUBS, FIVE of DIAMONDS]
  Basic Bot 2 → [SIX of CLUBS, EIGHT of CLUBS, EIGHT of DIAMONDS, TEN of DIAMONDS, FOUR of SPADES, FIVE of SPADES, NINE of SPADES, QUEEN of SPADES]
  Basic Bot 3 → [SIX of HEARTS, KING of DIAMONDS, ACE of CLUBS, FOUR of CLUBS]

STEP 22: Player 1 turn purge: []
  Player 1 → [KING of HEARTS, KING of SPADES, EIGHT of SPADES, TEN of CLUBS, TWO of CLUBS, EIGHT of HEARTS, TWO of HEARTS, TEN of HEARTS, FIVE of HEARTS, SIX of DIAMONDS, FIVE of DIAMONDS]
  Basic Bot 1 → [TWO of DIAMONDS, ACE of SPADES, TWO of SPADES, FIVE of CLUBS, SIX of SPADES, NINE of CLUBS, TEN of SPADES, JACK of SPADES, QUEEN of CLUBS, KING of CLUBS]
  Basic Bot 2 → [SIX of CLUBS, EIGHT of CLUBS, EIGHT of DIAMONDS, TEN of DIAMONDS, FOUR of SPADES, FIVE of SPADES, NINE of SPADES, QUEEN of SPADES]
  Basic Bot 3 → [SIX of HEARTS, KING of DIAMONDS, ACE of CLUBS, FOUR of CLUBS]

STEP 23: Basic Bot 1 turn purge: []
  Player 1 → [KING of HEARTS, KING of SPADES, EIGHT of SPADES, TEN of CLUBS, TWO of CLUBS, EIGHT of HEARTS, TWO of HEARTS, TEN of HEARTS, FIVE of HEARTS, SIX of DIAMONDS, FIVE of DIAMONDS]
  Basic Bot 1 → [ACE of SPADES, TWO of DIAMONDS, TWO of SPADES, FIVE of CLUBS, SIX of SPADES, NINE of CLUBS, TEN of SPADES, JACK of SPADES, QUEEN of CLUBS, KING of CLUBS, TEN of DIAMONDS]
  Basic Bot 2 → [SIX of CLUBS, EIGHT of CLUBS, EIGHT of DIAMONDS, FOUR of SPADES, FIVE of SPADES, NINE of SPADES, QUEEN of SPADES]
  Basic Bot 3 → [SIX of HEARTS, KING of DIAMONDS, ACE of CLUBS, FOUR of CLUBS]

STEP 24: Basic Bot 2 turn purge: [FOUR of SPADES, FOUR of CLUBS]
  Player 1 → [KING of HEARTS, KING of SPADES, EIGHT of SPADES, TEN of CLUBS, TWO of CLUBS, EIGHT of HEARTS, TWO of HEARTS, TEN of HEARTS, FIVE of HEARTS, SIX of DIAMONDS, FIVE of DIAMONDS]
  Basic Bot 1 → [ACE of SPADES, TWO of DIAMONDS, TWO of SPADES, FIVE of CLUBS, SIX of SPADES, NINE of CLUBS, TEN of SPADES, JACK of SPADES, QUEEN of CLUBS, KING of CLUBS, TEN of DIAMONDS]
  Basic Bot 2 → [FIVE of SPADES, SIX of CLUBS, EIGHT of CLUBS, EIGHT of DIAMONDS, NINE of SPADES, QUEEN of SPADES]
  Basic Bot 3 → [SIX of HEARTS, KING of DIAMONDS, ACE of CLUBS]

STEP 25: Basic Bot 3 turn purge: [SIX of HEARTS, SIX of DIAMONDS]
  Player 1 → [KING of HEARTS, KING of SPADES, EIGHT of SPADES, TEN of CLUBS, TWO of CLUBS, EIGHT of HEARTS, TWO of HEARTS, TEN of HEARTS, FIVE of HEARTS, FIVE of DIAMONDS]
  Basic Bot 1 → [ACE of SPADES, TWO of DIAMONDS, TWO of SPADES, FIVE of CLUBS, SIX of SPADES, NINE of CLUBS, TEN of SPADES, JACK of SPADES, QUEEN of CLUBS, KING of CLUBS, TEN of DIAMONDS]
  Basic Bot 2 → [FIVE of SPADES, SIX of CLUBS, EIGHT of CLUBS, EIGHT of DIAMONDS, NINE of SPADES, QUEEN of SPADES]
  Basic Bot 3 → [ACE of CLUBS, KING of DIAMONDS]

STEP 26: Player 1 turn purge: []
  Player 1 → [KING of HEARTS, KING of SPADES, EIGHT of SPADES, TEN of CLUBS, TWO of CLUBS, EIGHT of HEARTS, TWO of HEARTS, TEN of HEARTS, FIVE of HEARTS, FIVE of DIAMONDS, FIVE of CLUBS]
  Basic Bot 1 → [ACE of SPADES, TWO of DIAMONDS, TWO of SPADES, SIX of SPADES, NINE of CLUBS, TEN of SPADES, JACK of SPADES, QUEEN of CLUBS, KING of CLUBS, TEN of DIAMONDS]
  Basic Bot 2 → [FIVE of SPADES, SIX of CLUBS, EIGHT of CLUBS, EIGHT of DIAMONDS, NINE of SPADES, QUEEN of SPADES]
  Basic Bot 3 → [ACE of CLUBS, KING of DIAMONDS]

STEP 27: Basic Bot 1 turn purge: []
  Player 1 → [KING of HEARTS, KING of SPADES, EIGHT of SPADES, TEN of CLUBS, TWO of CLUBS, EIGHT of HEARTS, TWO of HEARTS, TEN of HEARTS, FIVE of HEARTS, FIVE of DIAMONDS, FIVE of CLUBS]
  Basic Bot 1 → [NINE of CLUBS, QUEEN of CLUBS, KING of CLUBS, TWO of DIAMONDS, TEN of DIAMONDS, ACE of SPADES, TWO of SPADES, SIX of SPADES, TEN of SPADES, JACK of SPADES, EIGHT of DIAMONDS]
  Basic Bot 2 → [FIVE of SPADES, SIX of CLUBS, EIGHT of CLUBS, NINE of SPADES, QUEEN of SPADES]
  Basic Bot 3 → [ACE of CLUBS, KING of DIAMONDS]

STEP 28: Basic Bot 2 turn purge: []
  Player 1 → [KING of HEARTS, KING of SPADES, EIGHT of SPADES, TEN of CLUBS, TWO of CLUBS, EIGHT of HEARTS, TWO of HEARTS, TEN of HEARTS, FIVE of HEARTS, FIVE of DIAMONDS, FIVE of CLUBS]
  Basic Bot 1 → [NINE of CLUBS, QUEEN of CLUBS, KING of CLUBS, TWO of DIAMONDS, TEN of DIAMONDS, ACE of SPADES, TWO of SPADES, SIX of SPADES, TEN of SPADES, JACK of SPADES, EIGHT of DIAMONDS]
  Basic Bot 2 → [FIVE of SPADES, SIX of CLUBS, EIGHT of CLUBS, NINE of SPADES, QUEEN of SPADES, ACE of CLUBS]
  Basic Bot 3 → [KING of DIAMONDS]

STEP 29: Basic Bot 3 turn purge: []
  Player 1 → [KING of HEARTS, KING of SPADES, EIGHT of SPADES, TEN of CLUBS, TWO of CLUBS, EIGHT of HEARTS, TWO of HEARTS, TEN of HEARTS, FIVE of HEARTS, FIVE of CLUBS]
  Basic Bot 1 → [NINE of CLUBS, QUEEN of CLUBS, KING of CLUBS, TWO of DIAMONDS, TEN of DIAMONDS, ACE of SPADES, TWO of SPADES, SIX of SPADES, TEN of SPADES, JACK of SPADES, EIGHT of DIAMONDS]
  Basic Bot 2 → [FIVE of SPADES, SIX of CLUBS, EIGHT of CLUBS, NINE of SPADES, QUEEN of SPADES, ACE of CLUBS]
  Basic Bot 3 → [KING of DIAMONDS, FIVE of DIAMONDS]

STEP 30: Player 1 turn purge: []
  Player 1 → [KING of HEARTS, KING of SPADES, EIGHT of SPADES, TEN of CLUBS, TWO of CLUBS, EIGHT of HEARTS, TWO of HEARTS, TEN of HEARTS, FIVE of HEARTS, FIVE of CLUBS, ACE of SPADES]
  Basic Bot 1 → [NINE of CLUBS, QUEEN of CLUBS, KING of CLUBS, TWO of DIAMONDS, TEN of DIAMONDS, TWO of SPADES, SIX of SPADES, TEN of SPADES, JACK of SPADES, EIGHT of DIAMONDS]
  Basic Bot 2 → [FIVE of SPADES, SIX of CLUBS, EIGHT of CLUBS, NINE of SPADES, QUEEN of SPADES, ACE of CLUBS]
  Basic Bot 3 → [KING of DIAMONDS, FIVE of DIAMONDS]

STEP 31: Basic Bot 1 turn purge: []
  Player 1 → [KING of HEARTS, KING of SPADES, EIGHT of SPADES, TEN of CLUBS, TWO of CLUBS, EIGHT of HEARTS, TWO of HEARTS, TEN of HEARTS, FIVE of HEARTS, FIVE of CLUBS, ACE of SPADES]
  Basic Bot 1 → [TWO of DIAMONDS, TWO of SPADES, SIX of SPADES, EIGHT of DIAMONDS, NINE of CLUBS, TEN of DIAMONDS, TEN of SPADES, JACK of SPADES, QUEEN of CLUBS, KING of CLUBS, ACE of CLUBS]
  Basic Bot 2 → [FIVE of SPADES, SIX of CLUBS, EIGHT of CLUBS, NINE of SPADES, QUEEN of SPADES]
  Basic Bot 3 → [KING of DIAMONDS, FIVE of DIAMONDS]

STEP 32: Basic Bot 2 turn purge: []
  Player 1 → [KING of HEARTS, KING of SPADES, EIGHT of SPADES, TEN of CLUBS, TWO of CLUBS, EIGHT of HEARTS, TWO of HEARTS, TEN of HEARTS, FIVE of HEARTS, FIVE of CLUBS, ACE of SPADES]
  Basic Bot 1 → [TWO of DIAMONDS, TWO of SPADES, SIX of SPADES, EIGHT of DIAMONDS, NINE of CLUBS, TEN of DIAMONDS, TEN of SPADES, JACK of SPADES, QUEEN of CLUBS, KING of CLUBS, ACE of CLUBS]
  Basic Bot 2 → [FIVE of SPADES, SIX of CLUBS, EIGHT of CLUBS, NINE of SPADES, QUEEN of SPADES, FIVE of DIAMONDS]
  Basic Bot 3 → [KING of DIAMONDS]

STEP 33: Basic Bot 3 turn purge: []
  Player 1 → [KING of HEARTS, KING of SPADES, EIGHT of SPADES, TEN of CLUBS, TWO of CLUBS, EIGHT of HEARTS, TWO of HEARTS, TEN of HEARTS, FIVE of HEARTS, FIVE of CLUBS]
  Basic Bot 1 → [TWO of DIAMONDS, TWO of SPADES, SIX of SPADES, EIGHT of DIAMONDS, NINE of CLUBS, TEN of DIAMONDS, TEN of SPADES, JACK of SPADES, QUEEN of CLUBS, KING of CLUBS, ACE of CLUBS]
  Basic Bot 2 → [FIVE of SPADES, SIX of CLUBS, EIGHT of CLUBS, NINE of SPADES, QUEEN of SPADES, FIVE of DIAMONDS]
  Basic Bot 3 → [KING of DIAMONDS, ACE of SPADES]

STEP 34: Player 1 turn purge: []
  Player 1 → [KING of HEARTS, KING of SPADES, EIGHT of SPADES, TEN of CLUBS, TWO of CLUBS, EIGHT of HEARTS, TWO of HEARTS, TEN of HEARTS, FIVE of HEARTS, FIVE of CLUBS, TWO of DIAMONDS]
  Basic Bot 1 → [TWO of SPADES, SIX of SPADES, EIGHT of DIAMONDS, NINE of CLUBS, TEN of DIAMONDS, TEN of SPADES, JACK of SPADES, QUEEN of CLUBS, KING of CLUBS, ACE of CLUBS]
  Basic Bot 2 → [FIVE of SPADES, SIX of CLUBS, EIGHT of CLUBS, NINE of SPADES, QUEEN of SPADES, FIVE of DIAMONDS]
  Basic Bot 3 → [KING of DIAMONDS, ACE of SPADES]

STEP 35: Basic Bot 1 turn purge: []
  Player 1 → [KING of HEARTS, KING of SPADES, EIGHT of SPADES, TEN of CLUBS, TWO of CLUBS, EIGHT of HEARTS, TWO of HEARTS, TEN of HEARTS, FIVE of HEARTS, FIVE of CLUBS, TWO of DIAMONDS]
  Basic Bot 1 → [ACE of CLUBS, NINE of CLUBS, QUEEN of CLUBS, KING of CLUBS, EIGHT of DIAMONDS, TEN of DIAMONDS, TWO of SPADES, SIX of SPADES, TEN of SPADES, JACK of SPADES, EIGHT of CLUBS]
  Basic Bot 2 → [FIVE of SPADES, SIX of CLUBS, NINE of SPADES, QUEEN of SPADES, FIVE of DIAMONDS]
  Basic Bot 3 → [KING of DIAMONDS, ACE of SPADES]

STEP 36: Basic Bot 2 turn purge: []
  Player 1 → [KING of HEARTS, KING of SPADES, EIGHT of SPADES, TEN of CLUBS, TWO of CLUBS, EIGHT of HEARTS, TWO of HEARTS, TEN of HEARTS, FIVE of HEARTS, FIVE of CLUBS, TWO of DIAMONDS]
  Basic Bot 1 → [ACE of CLUBS, NINE of CLUBS, QUEEN of CLUBS, KING of CLUBS, EIGHT of DIAMONDS, TEN of DIAMONDS, TWO of SPADES, SIX of SPADES, TEN of SPADES, JACK of SPADES, EIGHT of CLUBS]
  Basic Bot 2 → [FIVE of DIAMONDS, FIVE of SPADES, SIX of CLUBS, NINE of SPADES, QUEEN of SPADES, ACE of SPADES]
  Basic Bot 3 → [KING of DIAMONDS]

STEP 37: Basic Bot 3 turn purge: []
  Player 1 → [KING of HEARTS, KING of SPADES, EIGHT of SPADES, TEN of CLUBS, TWO of CLUBS, EIGHT of HEARTS, TWO of HEARTS, TEN of HEARTS, FIVE of HEARTS, FIVE of CLUBS]
  Basic Bot 1 → [ACE of CLUBS, NINE of CLUBS, QUEEN of CLUBS, KING of CLUBS, EIGHT of DIAMONDS, TEN of DIAMONDS, TWO of SPADES, SIX of SPADES, TEN of SPADES, JACK of SPADES, EIGHT of CLUBS]
  Basic Bot 2 → [FIVE of DIAMONDS, FIVE of SPADES, SIX of CLUBS, NINE of SPADES, QUEEN of SPADES, ACE of SPADES]
  Basic Bot 3 → [KING of DIAMONDS, TWO of DIAMONDS]

STEP 38: Player 1 turn purge: []
  Player 1 → [KING of HEARTS, KING of SPADES, EIGHT of SPADES, TEN of CLUBS, TWO of CLUBS, EIGHT of HEARTS, TWO of HEARTS, TEN of HEARTS, FIVE of HEARTS, FIVE of CLUBS, EIGHT of DIAMONDS]
  Basic Bot 1 → [ACE of CLUBS, NINE of CLUBS, QUEEN of CLUBS, KING of CLUBS, TEN of DIAMONDS, TWO of SPADES, SIX of SPADES, TEN of SPADES, JACK of SPADES, EIGHT of CLUBS]
  Basic Bot 2 → [FIVE of DIAMONDS, FIVE of SPADES, SIX of CLUBS, NINE of SPADES, QUEEN of SPADES, ACE of SPADES]
  Basic Bot 3 → [KING of DIAMONDS, TWO of DIAMONDS]

STEP 39: Basic Bot 1 turn purge: [NINE of CLUBS, NINE of SPADES]
  Player 1 → [KING of HEARTS, KING of SPADES, EIGHT of SPADES, TEN of CLUBS, TWO of CLUBS, EIGHT of HEARTS, TWO of HEARTS, TEN of HEARTS, FIVE of HEARTS, FIVE of CLUBS, EIGHT of DIAMONDS]
  Basic Bot 1 → [TEN of DIAMONDS, ACE of CLUBS, TWO of SPADES, SIX of SPADES, EIGHT of CLUBS, TEN of SPADES, JACK of SPADES, QUEEN of CLUBS, KING of CLUBS]
  Basic Bot 2 → [FIVE of DIAMONDS, FIVE of SPADES, SIX of CLUBS, QUEEN of SPADES, ACE of SPADES]
  Basic Bot 3 → [KING of DIAMONDS, TWO of DIAMONDS]

STEP 40: Basic Bot 2 turn purge: []
  Player 1 → [KING of HEARTS, KING of SPADES, EIGHT of SPADES, TEN of CLUBS, TWO of CLUBS, EIGHT of HEARTS, TWO of HEARTS, TEN of HEARTS, FIVE of HEARTS, FIVE of CLUBS, EIGHT of DIAMONDS]
  Basic Bot 1 → [TEN of DIAMONDS, ACE of CLUBS, TWO of SPADES, SIX of SPADES, EIGHT of CLUBS, TEN of SPADES, JACK of SPADES, QUEEN of CLUBS, KING of CLUBS]
  Basic Bot 2 → [FIVE of DIAMONDS, ACE of SPADES, FIVE of SPADES, SIX of CLUBS, QUEEN of SPADES, KING of DIAMONDS]
  Basic Bot 3 → [TWO of DIAMONDS]

STEP 41: Basic Bot 3 turn purge: []
  Player 1 → [KING of HEARTS, KING of SPADES, EIGHT of SPADES, TEN of CLUBS, EIGHT of HEARTS, TWO of HEARTS, TEN of HEARTS, FIVE of HEARTS, FIVE of CLUBS, EIGHT of DIAMONDS]
  Basic Bot 1 → [TEN of DIAMONDS, ACE of CLUBS, TWO of SPADES, SIX of SPADES, EIGHT of CLUBS, TEN of SPADES, JACK of SPADES, QUEEN of CLUBS, KING of CLUBS]
  Basic Bot 2 → [FIVE of DIAMONDS, ACE of SPADES, FIVE of SPADES, SIX of CLUBS, QUEEN of SPADES, KING of DIAMONDS]
  Basic Bot 3 → [TWO of DIAMONDS, TWO of CLUBS]

STEP 42: Player 1 turn purge: []
  Player 1 → [KING of HEARTS, KING of SPADES, EIGHT of SPADES, TEN of CLUBS, EIGHT of HEARTS, TWO of HEARTS, TEN of HEARTS, FIVE of HEARTS, FIVE of CLUBS, EIGHT of DIAMONDS, KING of CLUBS]
  Basic Bot 1 → [TEN of DIAMONDS, ACE of CLUBS, TWO of SPADES, SIX of SPADES, EIGHT of CLUBS, TEN of SPADES, JACK of SPADES, QUEEN of CLUBS]
  Basic Bot 2 → [FIVE of DIAMONDS, ACE of SPADES, FIVE of SPADES, SIX of CLUBS, QUEEN of SPADES, KING of DIAMONDS]
  Basic Bot 3 → [TWO of DIAMONDS, TWO of CLUBS]

STEP 43: Basic Bot 1 turn purge: [SIX of SPADES, SIX of CLUBS]
  Player 1 → [KING of HEARTS, KING of SPADES, EIGHT of SPADES, TEN of CLUBS, EIGHT of HEARTS, TWO of HEARTS, TEN of HEARTS, FIVE of HEARTS, FIVE of CLUBS, EIGHT of DIAMONDS, KING of CLUBS]
  Basic Bot 1 → [TEN of DIAMONDS, ACE of CLUBS, TWO of SPADES, EIGHT of CLUBS, TEN of SPADES, JACK of SPADES, QUEEN of CLUBS]
  Basic Bot 2 → [FIVE of DIAMONDS, ACE of SPADES, FIVE of SPADES, QUEEN of SPADES, KING of DIAMONDS]
  Basic Bot 3 → [TWO of DIAMONDS, TWO of CLUBS]

STEP 44: Basic Bot 2 turn purge: []
  Player 1 → [KING of HEARTS, KING of SPADES, EIGHT of SPADES, TEN of CLUBS, EIGHT of HEARTS, TWO of HEARTS, TEN of HEARTS, FIVE of HEARTS, FIVE of CLUBS, EIGHT of DIAMONDS, KING of CLUBS]
  Basic Bot 1 → [TEN of DIAMONDS, ACE of CLUBS, TWO of SPADES, EIGHT of CLUBS, TEN of SPADES, JACK of SPADES, QUEEN of CLUBS]
  Basic Bot 2 → [FIVE of DIAMONDS, KING of DIAMONDS, ACE of SPADES, FIVE of SPADES, QUEEN of SPADES, TWO of CLUBS]
  Basic Bot 3 → [TWO of DIAMONDS]

STEP 45: Basic Bot 3 turn purge: []
  Player 1 → [KING of HEARTS, KING of SPADES, TEN of CLUBS, EIGHT of HEARTS, TWO of HEARTS, TEN of HEARTS, FIVE of HEARTS, FIVE of CLUBS, EIGHT of DIAMONDS, KING of CLUBS]
  Basic Bot 1 → [TEN of DIAMONDS, ACE of CLUBS, TWO of SPADES, EIGHT of CLUBS, TEN of SPADES, JACK of SPADES, QUEEN of CLUBS]
  Basic Bot 2 → [FIVE of DIAMONDS, KING of DIAMONDS, ACE of SPADES, FIVE of SPADES, QUEEN of SPADES, TWO of CLUBS]
  Basic Bot 3 → [TWO of DIAMONDS, EIGHT of SPADES]

STEP 46: Player 1 turn purge: []
  Player 1 → [KING of HEARTS, KING of SPADES, TEN of CLUBS, EIGHT of HEARTS, TWO of HEARTS, TEN of HEARTS, FIVE of HEARTS, FIVE of CLUBS, EIGHT of DIAMONDS, KING of CLUBS, TEN of DIAMONDS]
  Basic Bot 1 → [ACE of CLUBS, TWO of SPADES, EIGHT of CLUBS, TEN of SPADES, JACK of SPADES, QUEEN of CLUBS]
  Basic Bot 2 → [FIVE of DIAMONDS, KING of DIAMONDS, ACE of SPADES, FIVE of SPADES, QUEEN of SPADES, TWO of CLUBS]
  Basic Bot 3 → [TWO of DIAMONDS, EIGHT of SPADES]

STEP 47: Basic Bot 1 turn purge: []
  Player 1 → [KING of HEARTS, KING of SPADES, TEN of CLUBS, EIGHT of HEARTS, TWO of HEARTS, TEN of HEARTS, FIVE of HEARTS, FIVE of CLUBS, EIGHT of DIAMONDS, KING of CLUBS, TEN of DIAMONDS]
  Basic Bot 1 → [ACE of CLUBS, TWO of SPADES, EIGHT of CLUBS, TEN of SPADES, JACK of SPADES, QUEEN of CLUBS, FIVE of SPADES]
  Basic Bot 2 → [FIVE of DIAMONDS, KING of DIAMONDS, ACE of SPADES, QUEEN of SPADES, TWO of CLUBS]
  Basic Bot 3 → [TWO of DIAMONDS, EIGHT of SPADES]

STEP 48: Basic Bot 2 turn purge: []
  Player 1 → [KING of HEARTS, KING of SPADES, TEN of CLUBS, EIGHT of HEARTS, TWO of HEARTS, TEN of HEARTS, FIVE of HEARTS, FIVE of CLUBS, EIGHT of DIAMONDS, KING of CLUBS, TEN of DIAMONDS]
  Basic Bot 1 → [ACE of CLUBS, TWO of SPADES, EIGHT of CLUBS, TEN of SPADES, JACK of SPADES, QUEEN of CLUBS, FIVE of SPADES]
  Basic Bot 2 → [FIVE of DIAMONDS, KING of DIAMONDS, ACE of SPADES, TWO of CLUBS, QUEEN of SPADES, TWO of DIAMONDS]
  Basic Bot 3 → [EIGHT of SPADES]

STEP 49: Basic Bot 3 turn purge: []
  Player 1 → [KING of HEARTS, KING of SPADES, TEN of CLUBS, EIGHT of HEARTS, TWO of HEARTS, TEN of HEARTS, FIVE of HEARTS, FIVE of CLUBS, EIGHT of DIAMONDS, TEN of DIAMONDS]
  Basic Bot 1 → [ACE of CLUBS, TWO of SPADES, EIGHT of CLUBS, TEN of SPADES, JACK of SPADES, QUEEN of CLUBS, FIVE of SPADES]
  Basic Bot 2 → [FIVE of DIAMONDS, KING of DIAMONDS, ACE of SPADES, TWO of CLUBS, QUEEN of SPADES, TWO of DIAMONDS]
  Basic Bot 3 → [EIGHT of SPADES, KING of CLUBS]

STEP 50: Player 1 turn purge: []
  Player 1 → [KING of HEARTS, KING of SPADES, TEN of CLUBS, EIGHT of HEARTS, TWO of HEARTS, TEN of HEARTS, FIVE of HEARTS, FIVE of CLUBS, EIGHT of DIAMONDS, TEN of DIAMONDS, EIGHT of CLUBS]
  Basic Bot 1 → [ACE of CLUBS, TWO of SPADES, TEN of SPADES, JACK of SPADES, QUEEN of CLUBS, FIVE of SPADES]
  Basic Bot 2 → [FIVE of DIAMONDS, KING of DIAMONDS, ACE of SPADES, TWO of CLUBS, QUEEN of SPADES, TWO of DIAMONDS]
  Basic Bot 3 → [EIGHT of SPADES, KING of CLUBS]

STEP 51: Basic Bot 1 turn purge: [TWO of SPADES, TWO of CLUBS]
  Player 1 → [KING of HEARTS, KING of SPADES, TEN of CLUBS, EIGHT of HEARTS, TWO of HEARTS, TEN of HEARTS, FIVE of HEARTS, FIVE of CLUBS, EIGHT of DIAMONDS, TEN of DIAMONDS, EIGHT of CLUBS]
  Basic Bot 1 → [ACE of CLUBS, FIVE of SPADES, TEN of SPADES, JACK of SPADES, QUEEN of CLUBS]
  Basic Bot 2 → [FIVE of DIAMONDS, KING of DIAMONDS, ACE of SPADES, QUEEN of SPADES, TWO of DIAMONDS]
  Basic Bot 3 → [EIGHT of SPADES, KING of CLUBS]

STEP 52: Basic Bot 2 turn purge: []
  Player 1 → [KING of HEARTS, KING of SPADES, TEN of CLUBS, EIGHT of HEARTS, TWO of HEARTS, TEN of HEARTS, FIVE of HEARTS, FIVE of CLUBS, EIGHT of DIAMONDS, TEN of DIAMONDS, EIGHT of CLUBS]
  Basic Bot 1 → [ACE of CLUBS, FIVE of SPADES, TEN of SPADES, JACK of SPADES, QUEEN of CLUBS]
  Basic Bot 2 → [TWO of DIAMONDS, FIVE of DIAMONDS, KING of DIAMONDS, ACE of SPADES, QUEEN of SPADES, KING of CLUBS]
  Basic Bot 3 → [EIGHT of SPADES]

STEP 53: Basic Bot 3 turn purge: []
  Player 1 → [KING of HEARTS, KING of SPADES, TEN of CLUBS, EIGHT of HEARTS, TEN of HEARTS, FIVE of HEARTS, FIVE of CLUBS, EIGHT of DIAMONDS, TEN of DIAMONDS, EIGHT of CLUBS]
  Basic Bot 1 → [ACE of CLUBS, FIVE of SPADES, TEN of SPADES, JACK of SPADES, QUEEN of CLUBS]
  Basic Bot 2 → [TWO of DIAMONDS, FIVE of DIAMONDS, KING of DIAMONDS, ACE of SPADES, QUEEN of SPADES, KING of CLUBS]
  Basic Bot 3 → [EIGHT of SPADES, TWO of HEARTS]

STEP 54: Player 1 turn purge: []
  Player 1 → [KING of HEARTS, KING of SPADES, TEN of CLUBS, EIGHT of HEARTS, TEN of HEARTS, FIVE of HEARTS, FIVE of CLUBS, EIGHT of DIAMONDS, TEN of DIAMONDS, EIGHT of CLUBS, TEN of SPADES]
  Basic Bot 1 → [ACE of CLUBS, FIVE of SPADES, JACK of SPADES, QUEEN of CLUBS]
  Basic Bot 2 → [TWO of DIAMONDS, FIVE of DIAMONDS, KING of DIAMONDS, ACE of SPADES, QUEEN of SPADES, KING of CLUBS]
  Basic Bot 3 → [EIGHT of SPADES, TWO of HEARTS]

STEP 55: Basic Bot 1 turn purge: [QUEEN of CLUBS, QUEEN of SPADES]
  Player 1 → [KING of HEARTS, KING of SPADES, TEN of CLUBS, EIGHT of HEARTS, TEN of HEARTS, FIVE of HEARTS, FIVE of CLUBS, EIGHT of DIAMONDS, TEN of DIAMONDS, EIGHT of CLUBS, TEN of SPADES]
  Basic Bot 1 → [ACE of CLUBS, FIVE of SPADES, JACK of SPADES]
  Basic Bot 2 → [TWO of DIAMONDS, FIVE of DIAMONDS, KING of DIAMONDS, ACE of SPADES, KING of CLUBS]
  Basic Bot 3 → [EIGHT of SPADES, TWO of HEARTS]

STEP 56: Basic Bot 2 turn purge: []
  Player 1 → [KING of HEARTS, KING of SPADES, TEN of CLUBS, EIGHT of HEARTS, TEN of HEARTS, FIVE of HEARTS, FIVE of CLUBS, EIGHT of DIAMONDS, TEN of DIAMONDS, EIGHT of CLUBS, TEN of SPADES]
  Basic Bot 1 → [ACE of CLUBS, FIVE of SPADES, JACK of SPADES]
  Basic Bot 2 → [KING of CLUBS, TWO of DIAMONDS, FIVE of DIAMONDS, KING of DIAMONDS, ACE of SPADES, EIGHT of SPADES]
  Basic Bot 3 → [TWO of HEARTS]

STEP 57: Basic Bot 3 turn purge: []
  Player 1 → [KING of HEARTS, KING of SPADES, TEN of CLUBS, EIGHT of HEARTS, TEN of HEARTS, FIVE of HEARTS, FIVE of CLUBS, EIGHT of DIAMONDS, TEN of DIAMONDS, TEN of SPADES]
  Basic Bot 1 → [ACE of CLUBS, FIVE of SPADES, JACK of SPADES]
  Basic Bot 2 → [KING of CLUBS, TWO of DIAMONDS, FIVE of DIAMONDS, KING of DIAMONDS, ACE of SPADES, EIGHT of SPADES]
  Basic Bot 3 → [TWO of HEARTS, EIGHT of CLUBS]

STEP 58: Player 1 turn purge: []
  Player 1 → [KING of HEARTS, KING of SPADES, TEN of CLUBS, EIGHT of HEARTS, TEN of HEARTS, FIVE of HEARTS, FIVE of CLUBS, EIGHT of DIAMONDS, TEN of DIAMONDS, TEN of SPADES, FIVE of SPADES]
  Basic Bot 1 → [ACE of CLUBS, JACK of SPADES]
  Basic Bot 2 → [KING of CLUBS, TWO of DIAMONDS, FIVE of DIAMONDS, KING of DIAMONDS, ACE of SPADES, EIGHT of SPADES]
  Basic Bot 3 → [TWO of HEARTS, EIGHT of CLUBS]

STEP 59: Basic Bot 1 turn purge: [ACE of CLUBS, ACE of SPADES]
  Player 1 → [KING of HEARTS, KING of SPADES, TEN of CLUBS, EIGHT of HEARTS, TEN of HEARTS, FIVE of HEARTS, FIVE of CLUBS, EIGHT of DIAMONDS, TEN of DIAMONDS, TEN of SPADES, FIVE of SPADES]
  Basic Bot 1 → [JACK of SPADES]
  Basic Bot 2 → [KING of CLUBS, TWO of DIAMONDS, FIVE of DIAMONDS, KING of DIAMONDS, EIGHT of SPADES]
  Basic Bot 3 → [TWO of HEARTS, EIGHT of CLUBS]

STEP 60: Basic Bot 2 turn purge: [EIGHT of SPADES, EIGHT of CLUBS]
  Player 1 → [KING of HEARTS, KING of SPADES, TEN of CLUBS, EIGHT of HEARTS, TEN of HEARTS, FIVE of HEARTS, FIVE of CLUBS, EIGHT of DIAMONDS, TEN of DIAMONDS, TEN of SPADES, FIVE of SPADES]
  Basic Bot 1 → [JACK of SPADES]
  Basic Bot 2 → [TWO of DIAMONDS, FIVE of DIAMONDS, KING of CLUBS, KING of DIAMONDS]
  Basic Bot 3 → [TWO of HEARTS]

STEP 61: Basic Bot 3 turn purge: []
  Player 1 → [KING of HEARTS, TEN of CLUBS, EIGHT of HEARTS, TEN of HEARTS, FIVE of HEARTS, FIVE of CLUBS, EIGHT of DIAMONDS, TEN of DIAMONDS, TEN of SPADES, FIVE of SPADES]
  Basic Bot 1 → [JACK of SPADES]
  Basic Bot 2 → [TWO of DIAMONDS, FIVE of DIAMONDS, KING of CLUBS, KING of DIAMONDS]
  Basic Bot 3 → [TWO of HEARTS, KING of SPADES]

STEP 62: Player 1 turn purge: []
  Player 1 → [KING of HEARTS, TEN of CLUBS, EIGHT of HEARTS, TEN of HEARTS, FIVE of HEARTS, FIVE of CLUBS, EIGHT of DIAMONDS, TEN of DIAMONDS, TEN of SPADES, FIVE of SPADES, JACK of SPADES]
  Basic Bot 1 → []
  Basic Bot 2 → [TWO of DIAMONDS, FIVE of DIAMONDS, KING of CLUBS, KING of DIAMONDS]
  Basic Bot 3 → [TWO of HEARTS, KING of SPADES]

STEP 63: Basic Bot 2 turn purge: [TWO of DIAMONDS, TWO of HEARTS]
  Player 1 → [KING of HEARTS, TEN of CLUBS, EIGHT of HEARTS, TEN of HEARTS, FIVE of HEARTS, FIVE of CLUBS, EIGHT of DIAMONDS, TEN of DIAMONDS, TEN of SPADES, FIVE of SPADES, JACK of SPADES]
  Basic Bot 1 → []
  Basic Bot 2 → [FIVE of DIAMONDS, KING of DIAMONDS, KING of CLUBS]
  Basic Bot 3 → [KING of SPADES]

STEP 64: Basic Bot 3 turn purge: []
  Player 1 → [TEN of CLUBS, EIGHT of HEARTS, TEN of HEARTS, FIVE of HEARTS, FIVE of CLUBS, EIGHT of DIAMONDS, TEN of DIAMONDS, TEN of SPADES, FIVE of SPADES, JACK of SPADES]
  Basic Bot 1 → []
  Basic Bot 2 → [FIVE of DIAMONDS, KING of DIAMONDS, KING of CLUBS]
  Basic Bot 3 → [KING of SPADES, KING of HEARTS]

STEP 65: Player 1 turn purge: []
  Player 1 → [TEN of CLUBS, EIGHT of HEARTS, TEN of HEARTS, FIVE of HEARTS, FIVE of CLUBS, EIGHT of DIAMONDS, TEN of DIAMONDS, TEN of SPADES, FIVE of SPADES, JACK of SPADES, KING of CLUBS]
  Basic Bot 1 → []
  Basic Bot 2 → [FIVE of DIAMONDS, KING of DIAMONDS]
  Basic Bot 3 → [KING of SPADES, KING of HEARTS]

STEP 66: Basic Bot 2 turn purge: [KING of DIAMONDS, KING of HEARTS]
  Player 1 → [TEN of CLUBS, EIGHT of HEARTS, TEN of HEARTS, FIVE of HEARTS, FIVE of CLUBS, EIGHT of DIAMONDS, TEN of DIAMONDS, TEN of SPADES, FIVE of SPADES, JACK of SPADES, KING of CLUBS]
  Basic Bot 1 → []
  Basic Bot 2 → [FIVE of DIAMONDS]
  Basic Bot 3 → [KING of SPADES]

STEP 67: Basic Bot 3 turn purge: []
  Player 1 → [TEN of CLUBS, EIGHT of HEARTS, TEN of HEARTS, FIVE of HEARTS, FIVE of CLUBS, EIGHT of DIAMONDS, TEN of SPADES, FIVE of SPADES, JACK of SPADES, KING of CLUBS]
  Basic Bot 1 → []
  Basic Bot 2 → [FIVE of DIAMONDS]
  Basic Bot 3 → [KING of SPADES, TEN of DIAMONDS]

STEP 68: Player 1 turn purge: []
  Player 1 → [TEN of CLUBS, EIGHT of HEARTS, TEN of HEARTS, FIVE of HEARTS, FIVE of CLUBS, EIGHT of DIAMONDS, TEN of SPADES, FIVE of SPADES, JACK of SPADES, KING of CLUBS, FIVE of DIAMONDS]
  Basic Bot 1 → []
  Basic Bot 2 → []
  Basic Bot 3 → [KING of SPADES, TEN of DIAMONDS]

STEP 69: Basic Bot 3 turn purge: []
  Player 1 → [EIGHT of HEARTS, TEN of HEARTS, FIVE of HEARTS, FIVE of CLUBS, EIGHT of DIAMONDS, TEN of SPADES, FIVE of SPADES, JACK of SPADES, KING of CLUBS, FIVE of DIAMONDS]
  Basic Bot 1 → []
  Basic Bot 2 → []
  Basic Bot 3 → [TEN of DIAMONDS, KING of SPADES, TEN of CLUBS]

STEP 70: Player 1 turn purge: []
  Player 1 → [EIGHT of HEARTS, TEN of HEARTS, FIVE of HEARTS, FIVE of CLUBS, EIGHT of DIAMONDS, TEN of SPADES, FIVE of SPADES, JACK of SPADES, KING of CLUBS, FIVE of DIAMONDS, TEN of DIAMONDS]
  Basic Bot 1 → []
  Basic Bot 2 → []
  Basic Bot 3 → [KING of SPADES, TEN of CLUBS]

STEP 71: Basic Bot 3 turn purge: []
  Player 1 → [EIGHT of HEARTS, TEN of HEARTS, FIVE of CLUBS, EIGHT of DIAMONDS, TEN of SPADES, FIVE of SPADES, JACK of SPADES, KING of CLUBS, FIVE of DIAMONDS, TEN of DIAMONDS]
  Basic Bot 1 → []
  Basic Bot 2 → []
  Basic Bot 3 → [TEN of CLUBS, KING of SPADES, FIVE of HEARTS]

STEP 72: Player 1 turn purge: []
  Player 1 → [EIGHT of HEARTS, TEN of HEARTS, FIVE of CLUBS, EIGHT of DIAMONDS, TEN of SPADES, FIVE of SPADES, JACK of SPADES, KING of CLUBS, FIVE of DIAMONDS, TEN of DIAMONDS, FIVE of HEARTS]
  Basic Bot 1 → []
  Basic Bot 2 → []
  Basic Bot 3 → [TEN of CLUBS, KING of SPADES]

STEP 73: Basic Bot 3 turn purge: []
  Player 1 → [EIGHT of HEARTS, TEN of HEARTS, EIGHT of DIAMONDS, TEN of SPADES, FIVE of SPADES, JACK of SPADES, KING of CLUBS, FIVE of DIAMONDS, TEN of DIAMONDS, FIVE of HEARTS]
  Basic Bot 1 → []
  Basic Bot 2 → []
  Basic Bot 3 → [TEN of CLUBS, KING of SPADES, FIVE of CLUBS]

STEP 74: Player 1 turn purge: [TEN of HEARTS, TEN of DIAMONDS, EIGHT of HEARTS, EIGHT of DIAMONDS, FIVE of DIAMONDS, FIVE of HEARTS]
  Player 1 → [TEN of SPADES, FIVE of SPADES, JACK of SPADES, KING of CLUBS, KING of SPADES]
  Basic Bot 1 → []
  Basic Bot 2 → []
  Basic Bot 3 → [TEN of CLUBS, FIVE of CLUBS]

STEP 75: Basic Bot 3 turn purge: []
  Player 1 → [TEN of SPADES, FIVE of SPADES, JACK of SPADES, KING of CLUBS]
  Basic Bot 1 → []
  Basic Bot 2 → []
  Basic Bot 3 → [FIVE of CLUBS, TEN of CLUBS, KING of SPADES]

STEP 76: Player 1 turn purge: []
  Player 1 → [TEN of SPADES, FIVE of SPADES, JACK of SPADES, KING of CLUBS, TEN of CLUBS]
  Basic Bot 1 → []
  Basic Bot 2 → []
  Basic Bot 3 → [FIVE of CLUBS, KING of SPADES]

STEP 77: Basic Bot 3 turn purge: [KING of SPADES, KING of CLUBS]
  Player 1 → [TEN of SPADES, FIVE of SPADES, JACK of SPADES, TEN of CLUBS]
  Basic Bot 1 → []
  Basic Bot 2 → []
  Basic Bot 3 → [FIVE of CLUBS]

STEP 78: Player 1 turn purge: [TEN of SPADES, TEN of CLUBS]
  Player 1 → [FIVE of SPADES, JACK of SPADES, FIVE of CLUBS]
  Basic Bot 1 → []
  Basic Bot 2 → []
  Basic Bot 3 → []

STEP 79: Game over
  Player 1 → [FIVE of SPADES, JACK of SPADES, FIVE of CLUBS]
  Basic Bot 1 → []
  Basic Bot 2 → []
  Basic Bot 3 → []

End of replay at 2025-05-07 12:09:52
