Pouilleux Replay Log — game 1 started at 2025-05-07 12:03:20

STEP 0: Player 1 initial purge: [QUEEN of CLUBS, QUEEN of SPADES]
  Player 1 → [KING of HEARTS, TEN of HEARTS, THREE of HEARTS, NINE of HEARTS, FIVE of SPADES, THREE of SPADES, TWO of DIAMONDS, FIVE of HEARTS, SIX of HEARTS, TWO of CLUBS, KING of SPADES]
  Basic Bot 1 → [THREE of DIAMONDS, THREE of CLUBS, QUEEN of DIAMONDS, JACK of HEARTS, ACE of SPADES, FOUR of SPADES, ACE of DIAMONDS, QUEEN of HEARTS, SIX of CLUBS, SEVEN of CLUBS, EIGHT of HEARTS, FOUR of DIAMONDS, KING of CLUBS]
  Basic Bot 2 → [EIGHT of DIAMONDS, FIVE of CLUBS, NINE of CLUBS, FIVE of DIAMONDS, TEN of DIAMONDS, TEN of SPADES, EIGHT of SPADES, ACE of CLUBS, SIX of DIAMONDS, FOUR of CLUBS, TWO of SPADES, SIX of SPADES, NINE of DIAMONDS]
  Basic Bot 3 → [SEVEN of DIAMONDS, JACK of DIAMONDS, NINE of SPADES, TEN of CLUBS, JACK of SPADES, KING of DIAMONDS, ACE of HEARTS, EIGHT of CLUBS, TWO of HEARTS, SEVEN of HEARTS, FOUR of HEARTS, SEVEN of SPADES]

STEP 1: Basic Bot 1 initial purge: [QUEEN of DIAMONDS, QUEEN of HEARTS]
  Player 1 → [KING of HEARTS, TEN of HEARTS, THREE of HEARTS, NINE of HEARTS, FIVE of SPADES, THREE of SPADES, TWO of DIAMONDS, FIVE of HEARTS, SIX of HEARTS, TWO of CLUBS, KING of SPADES]
  Basic Bot 1 → [THREE of DIAMONDS, THREE of CLUBS, JACK of HEARTS, ACE of SPADES, FOUR of SPADES, ACE of DIAMONDS, SIX of CLUBS, SEVEN of CLUBS, EIGHT of HEARTS, FOUR of DIAMONDS, KING of CLUBS]
  Basic Bot 2 → [EIGHT of DIAMONDS, FIVE of CLUBS, NINE of CLUBS, FIVE of DIAMONDS, TEN of DIAMONDS, TEN of SPADES, EIGHT of SPADES, ACE of CLUBS, SIX of DIAMONDS, FOUR of CLUBS, TWO of SPADES, SIX of SPADES, NINE of DIAMONDS]
  Basic Bot 3 → [SEVEN of DIAMONDS, JACK of DIAMONDS, NINE of SPADES, TEN of CLUBS, JACK of SPADES, KING of DIAMONDS, ACE of HEARTS, EIGHT of CLUBS, TWO of HEARTS, SEVEN of HEARTS, FOUR of HEARTS, SEVEN of SPADES]

STEP 2: Basic Bot 2 initial purge: []
  Player 1 → [KING of HEARTS, TEN of HEARTS, THREE of HEARTS, NINE of HEARTS, FIVE of SPADES, THREE of SPADES, TWO of DIAMONDS, FIVE of HEARTS, SIX of HEARTS, TWO of CLUBS, KING of SPADES]
  Basic Bot 1 → [THREE of DIAMONDS, THREE of CLUBS, JACK of HEARTS, ACE of SPADES, FOUR of SPADES, ACE of DIAMONDS, SIX of CLUBS, SEVEN of CLUBS, EIGHT of HEARTS, FOUR of DIAMONDS, KING of CLUBS]
  Basic Bot 2 → [EIGHT of DIAMONDS, FIVE of CLUBS, NINE of CLUBS, FIVE of DIAMONDS, TEN of DIAMONDS, TEN of SPADES, EIGHT of SPADES, ACE of CLUBS, SIX of DIAMONDS, FOUR of CLUBS, TWO of SPADES, SIX of SPADES, NINE of DIAMONDS]
  Basic Bot 3 → [SEVEN of DIAMONDS, JACK of DIAMONDS, NINE of SPADES, TEN of CLUBS, JACK of SPADES, KING of DIAMONDS, ACE of HEARTS, EIGHT of CLUBS, TWO of HEARTS, SEVEN of HEARTS, FOUR of HEARTS, SEVEN of SPADES]

STEP 3: Basic Bot 3 initial purge: [SEVEN of DIAMONDS, SEVEN of HEARTS]
  Player 1 → [KING of HEARTS, TEN of HEARTS, THREE of HEARTS, NINE of HEARTS, FIVE of SPADES, THREE of SPADES, TWO of DIAMONDS, FIVE of HEARTS, SIX of HEARTS, TWO of CLUBS, KING of SPADES]
  Basic Bot 1 → [THREE of DIAMONDS, THREE of CLUBS, JACK of HEARTS, ACE of SPADES, FOUR of SPADES, ACE of DIAMONDS, SIX of CLUBS, SEVEN of CLUBS, EIGHT of HEARTS, FOUR of DIAMONDS, KING of CLUBS]
  Basic Bot 2 → [EIGHT of DIAMONDS, FIVE of CLUBS, NINE of CLUBS, FIVE of DIAMONDS, TEN of DIAMONDS, TEN of SPADES, EIGHT of SPADES, ACE of CLUBS, SIX of DIAMONDS, FOUR of CLUBS, TWO of SPADES, SIX of SPADES, NINE of DIAMONDS]
  Basic Bot 3 → [JACK of DIAMONDS, NINE of SPADES, TEN of CLUBS, JACK of SPADES, KING of DIAMONDS, ACE of HEARTS, EIGHT of CLUBS, TWO of HEARTS, FOUR of HEARTS, SEVEN of SPADES]

STEP 4: Basic Bot 2 turn purge: [EIGHT of SPADES, EIGHT of CLUBS]
  Player 1 → [KING of HEARTS, TEN of HEARTS, THREE of HEARTS, NINE of HEARTS, FIVE of SPADES, THREE of SPADES, TWO of DIAMONDS, FIVE of HEARTS, SIX of HEARTS, TWO of CLUBS, KING of SPADES]
  Basic Bot 1 → [THREE of DIAMONDS, THREE of CLUBS, JACK of HEARTS, ACE of SPADES, FOUR of SPADES, ACE of DIAMONDS, SIX of CLUBS, SEVEN of CLUBS, EIGHT of HEARTS, FOUR of DIAMONDS, KING of CLUBS]
  Basic Bot 2 → [ACE of CLUBS, TWO of SPADES, FOUR of CLUBS, FIVE of CLUBS, FIVE of DIAMONDS, SIX of DIAMONDS, SIX of SPADES, EIGHT of DIAMONDS, NINE of CLUBS, NINE of DIAMONDS, TEN of DIAMONDS, TEN of SPADES]
  Basic Bot 3 → [JACK of DIAMONDS, NINE of SPADES, TEN of CLUBS, JACK of SPADES, KING of DIAMONDS, ACE of HEARTS, TWO of HEARTS, FOUR of HEARTS, SEVEN of SPADES]

STEP 5: Basic Bot 3 turn purge: []
  Player 1 → [KING of HEARTS, THREE of HEARTS, NINE of HEARTS, FIVE of SPADES, THREE of SPADES, TWO of DIAMONDS, FIVE of HEARTS, SIX of HEARTS, TWO of CLUBS, KING of SPADES]
  Basic Bot 1 → [THREE of DIAMONDS, THREE of CLUBS, JACK of HEARTS, ACE of SPADES, FOUR of SPADES, ACE of DIAMONDS, SIX of CLUBS, SEVEN of CLUBS, EIGHT of HEARTS, FOUR of DIAMONDS, KING of CLUBS]
  Basic Bot 2 → [ACE of CLUBS, TWO of SPADES, FOUR of CLUBS, FIVE of CLUBS, FIVE of DIAMONDS, SIX of DIAMONDS, SIX of SPADES, EIGHT of DIAMONDS, NINE of CLUBS, NINE of DIAMONDS, TEN of DIAMONDS, TEN of SPADES]
  Basic Bot 3 → [TEN of CLUBS, JACK of DIAMONDS, KING of DIAMONDS, ACE of HEARTS, TWO of HEARTS, FOUR of HEARTS, SEVEN of SPADES, NINE of SPADES, JACK of SPADES, TEN of HEARTS]

STEP 6: Player 1 turn purge: []
  Player 1 → [TWO of CLUBS, TWO of DIAMONDS, THREE of HEARTS, THREE of SPADES, FIVE of HEARTS, FIVE of SPADES, SIX of HEARTS, NINE of HEARTS, KING of HEARTS, KING of SPADES, KING of CLUBS]
  Basic Bot 1 → [THREE of DIAMONDS, THREE of CLUBS, JACK of HEARTS, ACE of SPADES, FOUR of SPADES, ACE of DIAMONDS, SIX of CLUBS, SEVEN of CLUBS, EIGHT of HEARTS, FOUR of DIAMONDS]
  Basic Bot 2 → [ACE of CLUBS, TWO of SPADES, FOUR of CLUBS, FIVE of CLUBS, FIVE of DIAMONDS, SIX of DIAMONDS, SIX of SPADES, EIGHT of DIAMONDS, NINE of CLUBS, NINE of DIAMONDS, TEN of DIAMONDS, TEN of SPADES]
  Basic Bot 3 → [TEN of CLUBS, JACK of DIAMONDS, KING of DIAMONDS, ACE of HEARTS, TWO of HEARTS, FOUR of HEARTS, SEVEN of SPADES, NINE of SPADES, JACK of SPADES, TEN of HEARTS]

STEP 7: Basic Bot 1 turn purge: []
  Player 1 → [TWO of CLUBS, TWO of DIAMONDS, THREE of HEARTS, THREE of SPADES, FIVE of HEARTS, FIVE of SPADES, SIX of HEARTS, NINE of HEARTS, KING of HEARTS, KING of SPADES, KING of CLUBS]
  Basic Bot 1 → [THREE of DIAMONDS, THREE of CLUBS, JACK of HEARTS, ACE of SPADES, FOUR of SPADES, ACE of DIAMONDS, SIX of CLUBS, SEVEN of CLUBS, EIGHT of HEARTS, FOUR of DIAMONDS, TWO of SPADES]
  Basic Bot 2 → [ACE of CLUBS, FOUR of CLUBS, FIVE of CLUBS, FIVE of DIAMONDS, SIX of DIAMONDS, SIX of SPADES, EIGHT of DIAMONDS, NINE of CLUBS, NINE of DIAMONDS, TEN of DIAMONDS, TEN of SPADES]
  Basic Bot 3 → [TEN of CLUBS, JACK of DIAMONDS, KING of DIAMONDS, ACE of HEARTS, TWO of HEARTS, FOUR of HEARTS, SEVEN of SPADES, NINE of SPADES, JACK of SPADES, TEN of HEARTS]

STEP 8: Basic Bot 2 turn purge: []
  Player 1 → [TWO of CLUBS, TWO of DIAMONDS, THREE of HEARTS, THREE of SPADES, FIVE of HEARTS, FIVE of SPADES, SIX of HEARTS, NINE of HEARTS, KING of HEARTS, KING of SPADES, KING of CLUBS]
  Basic Bot 1 → [THREE of DIAMONDS, THREE of CLUBS, JACK of HEARTS, ACE of SPADES, FOUR of SPADES, ACE of DIAMONDS, SIX of CLUBS, SEVEN of CLUBS, EIGHT of HEARTS, FOUR of DIAMONDS, TWO of SPADES]
  Basic Bot 2 → [ACE of CLUBS, FOUR of CLUBS, FIVE of CLUBS, FIVE of DIAMONDS, SIX of DIAMONDS, SIX of SPADES, EIGHT of DIAMONDS, NINE of CLUBS, NINE of DIAMONDS, TEN of DIAMONDS, TEN of SPADES, JACK of SPADES]
  Basic Bot 3 → [TEN of CLUBS, JACK of DIAMONDS, KING of DIAMONDS, ACE of HEARTS, TWO of HEARTS, FOUR of HEARTS, SEVEN of SPADES, NINE of SPADES, TEN of HEARTS]

STEP 9: Basic Bot 3 turn purge: []
  Player 1 → [TWO of CLUBS, TWO of DIAMONDS, THREE of HEARTS, THREE of SPADES, FIVE of HEARTS, FIVE of SPADES, SIX of HEARTS, NINE of HEARTS, KING of HEARTS, KING of CLUBS]
  Basic Bot 1 → [THREE of DIAMONDS, THREE of CLUBS, JACK of HEARTS, ACE of SPADES, FOUR of SPADES, ACE of DIAMONDS, SIX of CLUBS, SEVEN of CLUBS, EIGHT of HEARTS, FOUR of DIAMONDS, TWO of SPADES]
  Basic Bot 2 → [ACE of CLUBS, FOUR of CLUBS, FIVE of CLUBS, FIVE of DIAMONDS, SIX of DIAMONDS, SIX of SPADES, EIGHT of DIAMONDS, NINE of CLUBS, NINE of DIAMONDS, TEN of DIAMONDS, TEN of SPADES, JACK of SPADES]
  Basic Bot 3 → [TEN of CLUBS, JACK of DIAMONDS, KING of DIAMONDS, ACE of HEARTS, TWO of HEARTS, FOUR of HEARTS, TEN of HEARTS, SEVEN of SPADES, NINE of SPADES, KING of SPADES]

STEP 10: Player 1 turn purge: []
  Player 1 → [TWO of CLUBS, TWO of DIAMONDS, THREE of HEARTS, THREE of SPADES, FIVE of HEARTS, FIVE of SPADES, SIX of HEARTS, NINE of HEARTS, KING of HEARTS, KING of CLUBS, THREE of CLUBS]
  Basic Bot 1 → [THREE of DIAMONDS, JACK of HEARTS, ACE of SPADES, FOUR of SPADES, ACE of DIAMONDS, SIX of CLUBS, SEVEN of CLUBS, EIGHT of HEARTS, FOUR of DIAMONDS, TWO of SPADES]
  Basic Bot 2 → [ACE of CLUBS, FOUR of CLUBS, FIVE of CLUBS, FIVE of DIAMONDS, SIX of DIAMONDS, SIX of SPADES, EIGHT of DIAMONDS, NINE of CLUBS, NINE of DIAMONDS, TEN of DIAMONDS, TEN of SPADES, JACK of SPADES]
  Basic Bot 3 → [TEN of CLUBS, JACK of DIAMONDS, KING of DIAMONDS, ACE of HEARTS, TWO of HEARTS, FOUR of HEARTS, TEN of HEARTS, SEVEN of SPADES, NINE of SPADES, KING of SPADES]

STEP 11: Basic Bot 1 turn purge: []
  Player 1 → [TWO of CLUBS, TWO of DIAMONDS, THREE of HEARTS, THREE of SPADES, FIVE of HEARTS, FIVE of SPADES, SIX of HEARTS, NINE of HEARTS, KING of HEARTS, KING of CLUBS, THREE of CLUBS]
  Basic Bot 1 → [THREE of DIAMONDS, JACK of HEARTS, ACE of SPADES, FOUR of SPADES, ACE of DIAMONDS, SIX of CLUBS, SEVEN of CLUBS, EIGHT of HEARTS, FOUR of DIAMONDS, TWO of SPADES, SIX of SPADES]
  Basic Bot 2 → [ACE of CLUBS, FOUR of CLUBS, FIVE of CLUBS, FIVE of DIAMONDS, SIX of DIAMONDS, EIGHT of DIAMONDS, NINE of CLUBS, NINE of DIAMONDS, TEN of DIAMONDS, TEN of SPADES, JACK of SPADES]
  Basic Bot 3 → [TEN of CLUBS, JACK of DIAMONDS, KING of DIAMONDS, ACE of HEARTS, TWO of HEARTS, FOUR of HEARTS, TEN of HEARTS, SEVEN of SPADES, NINE of SPADES, KING of SPADES]

STEP 12: Basic Bot 2 turn purge: []
  Player 1 → [TWO of CLUBS, TWO of DIAMONDS, THREE of HEARTS, THREE of SPADES, FIVE of HEARTS, FIVE of SPADES, SIX of HEARTS, NINE of HEARTS, KING of HEARTS, KING of CLUBS, THREE of CLUBS]
  Basic Bot 1 → [THREE of DIAMONDS, JACK of HEARTS, ACE of SPADES, FOUR of SPADES, ACE of DIAMONDS, SIX of CLUBS, SEVEN of CLUBS, EIGHT of HEARTS, FOUR of DIAMONDS, TWO of SPADES, SIX of SPADES]
  Basic Bot 2 → [FIVE of DIAMONDS, SIX of DIAMONDS, EIGHT of DIAMONDS, NINE of DIAMONDS, TEN of DIAMONDS, ACE of CLUBS, FOUR of CLUBS, FIVE of CLUBS, NINE of CLUBS, TEN of SPADES, JACK of SPADES, JACK of DIAMONDS]
  Basic Bot 3 → [TEN of CLUBS, KING of DIAMONDS, ACE of HEARTS, TWO of HEARTS, FOUR of HEARTS, TEN of HEARTS, SEVEN of SPADES, NINE of SPADES, KING of SPADES]

STEP 13: Basic Bot 3 turn purge: []
  Player 1 → [TWO of CLUBS, TWO of DIAMONDS, THREE of HEARTS, FIVE of HEARTS, FIVE of SPADES, SIX of HEARTS, NINE of HEARTS, KING of HEARTS, KING of CLUBS, THREE of CLUBS]
  Basic Bot 1 → [THREE of DIAMONDS, JACK of HEARTS, ACE of SPADES, FOUR of SPADES, ACE of DIAMONDS, SIX of CLUBS, SEVEN of CLUBS, EIGHT of HEARTS, FOUR of DIAMONDS, TWO of SPADES, SIX of SPADES]
  Basic Bot 2 → [FIVE of DIAMONDS, SIX of DIAMONDS, EIGHT of DIAMONDS, NINE of DIAMONDS, TEN of DIAMONDS, ACE of CLUBS, FOUR of CLUBS, FIVE of CLUBS, NINE of CLUBS, TEN of SPADES, JACK of SPADES, JACK of DIAMONDS]
  Basic Bot 3 → [ACE of HEARTS, TWO of HEARTS, FOUR of HEARTS, SEVEN of SPADES, NINE of SPADES, TEN of CLUBS, TEN of HEARTS, KING of DIAMONDS, KING of SPADES, THREE of SPADES]

STEP 14: Player 1 turn purge: []
  Player 1 → [TWO of CLUBS, TWO of DIAMONDS, THREE of HEARTS, FIVE of HEARTS, FIVE of SPADES, SIX of HEARTS, NINE of HEARTS, KING of HEARTS, KING of CLUBS, THREE of CLUBS, EIGHT of HEARTS]
  Basic Bot 1 → [THREE of DIAMONDS, JACK of HEARTS, ACE of SPADES, FOUR of SPADES, ACE of DIAMONDS, SIX of CLUBS, SEVEN of CLUBS, FOUR of DIAMONDS, TWO of SPADES, SIX of SPADES]
  Basic Bot 2 → [FIVE of DIAMONDS, SIX of DIAMONDS, EIGHT of DIAMONDS, NINE of DIAMONDS, TEN of DIAMONDS, ACE of CLUBS, FOUR of CLUBS, FIVE of CLUBS, NINE of CLUBS, TEN of SPADES, JACK of SPADES, JACK of DIAMONDS]
  Basic Bot 3 → [ACE of HEARTS, TWO of HEARTS, FOUR of HEARTS, SEVEN of SPADES, NINE of SPADES, TEN of CLUBS, TEN of HEARTS, KING of DIAMONDS, KING of SPADES, THREE of SPADES]

STEP 15: Basic Bot 1 turn purge: []
  Player 1 → [TWO of CLUBS, TWO of DIAMONDS, THREE of HEARTS, FIVE of HEARTS, FIVE of SPADES, SIX of HEARTS, NINE of HEARTS, KING of HEARTS, KING of CLUBS, THREE of CLUBS, EIGHT of HEARTS]
  Basic Bot 1 → [THREE of DIAMONDS, JACK of HEARTS, ACE of SPADES, FOUR of SPADES, ACE of DIAMONDS, SIX of CLUBS, SEVEN of CLUBS, FOUR of DIAMONDS, TWO of SPADES, SIX of SPADES, NINE of DIAMONDS]
  Basic Bot 2 → [FIVE of DIAMONDS, SIX of DIAMONDS, EIGHT of DIAMONDS, TEN of DIAMONDS, ACE of CLUBS, FOUR of CLUBS, FIVE of CLUBS, NINE of CLUBS, TEN of SPADES, JACK of SPADES, JACK of DIAMONDS]
  Basic Bot 3 → [ACE of HEARTS, TWO of HEARTS, FOUR of HEARTS, SEVEN of SPADES, NINE of SPADES, TEN of CLUBS, TEN of HEARTS, KING of DIAMONDS, KING of SPADES, THREE of SPADES]

STEP 16: Basic Bot 2 turn purge: []
  Player 1 → [TWO of CLUBS, TWO of DIAMONDS, THREE of HEARTS, FIVE of HEARTS, FIVE of SPADES, SIX of HEARTS, NINE of HEARTS, KING of HEARTS, KING of CLUBS, THREE of CLUBS, EIGHT of HEARTS]
  Basic Bot 1 → [THREE of DIAMONDS, JACK of HEARTS, ACE of SPADES, FOUR of SPADES, ACE of DIAMONDS, SIX of CLUBS, SEVEN of CLUBS, FOUR of DIAMONDS, TWO of SPADES, SIX of SPADES, NINE of DIAMONDS]
  Basic Bot 2 → [ACE of CLUBS, FOUR of CLUBS, FIVE of CLUBS, NINE of CLUBS, FIVE of DIAMONDS, SIX of DIAMONDS, EIGHT of DIAMONDS, TEN of DIAMONDS, JACK of DIAMONDS, TEN of SPADES, JACK of SPADES, THREE of SPADES]
  Basic Bot 3 → [ACE of HEARTS, TWO of HEARTS, FOUR of HEARTS, SEVEN of SPADES, NINE of SPADES, TEN of CLUBS, TEN of HEARTS, KING of DIAMONDS, KING of SPADES]

STEP 17: Basic Bot 3 turn purge: []
  Player 1 → [TWO of CLUBS, TWO of DIAMONDS, THREE of HEARTS, FIVE of HEARTS, FIVE of SPADES, SIX of HEARTS, NINE of HEARTS, KING of HEARTS, KING of CLUBS, THREE of CLUBS]
  Basic Bot 1 → [THREE of DIAMONDS, JACK of HEARTS, ACE of SPADES, FOUR of SPADES, ACE of DIAMONDS, SIX of CLUBS, SEVEN of CLUBS, FOUR of DIAMONDS, TWO of SPADES, SIX of SPADES, NINE of DIAMONDS]
  Basic Bot 2 → [ACE of CLUBS, FOUR of CLUBS, FIVE of CLUBS, NINE of CLUBS, FIVE of DIAMONDS, SIX of DIAMONDS, EIGHT of DIAMONDS, TEN of DIAMONDS, JACK of DIAMONDS, TEN of SPADES, JACK of SPADES, THREE of SPADES]
  Basic Bot 3 → [ACE of HEARTS, TWO of HEARTS, FOUR of HEARTS, TEN of HEARTS, KING of DIAMONDS, SEVEN of SPADES, NINE of SPADES, TEN of CLUBS, KING of SPADES, EIGHT of HEARTS]

STEP 18: Player 1 turn purge: []
  Player 1 → [TWO of CLUBS, TWO of DIAMONDS, THREE of HEARTS, FIVE of HEARTS, FIVE of SPADES, SIX of HEARTS, NINE of HEARTS, KING of HEARTS, KING of CLUBS, THREE of CLUBS, ACE of SPADES]
  Basic Bot 1 → [THREE of DIAMONDS, JACK of HEARTS, FOUR of SPADES, ACE of DIAMONDS, SIX of CLUBS, SEVEN of CLUBS, FOUR of DIAMONDS, TWO of SPADES, SIX of SPADES, NINE of DIAMONDS]
  Basic Bot 2 → [ACE of CLUBS, FOUR of CLUBS, FIVE of CLUBS, NINE of CLUBS, FIVE of DIAMONDS, SIX of DIAMONDS, EIGHT of DIAMONDS, TEN of DIAMONDS, JACK of DIAMONDS, TEN of SPADES, JACK of SPADES, THREE of SPADES]
  Basic Bot 3 → [ACE of HEARTS, TWO of HEARTS, FOUR of HEARTS, TEN of HEARTS, KING of DIAMONDS, SEVEN of SPADES, NINE of SPADES, TEN of CLUBS, KING of SPADES, EIGHT of HEARTS]

STEP 19: Basic Bot 1 turn purge: [SIX of CLUBS, SIX of SPADES]
  Player 1 → [TWO of CLUBS, TWO of DIAMONDS, THREE of HEARTS, FIVE of HEARTS, FIVE of SPADES, SIX of HEARTS, NINE of HEARTS, KING of HEARTS, KING of CLUBS, THREE of CLUBS, ACE of SPADES]
  Basic Bot 1 → [ACE of DIAMONDS, TWO of SPADES, THREE of DIAMONDS, FOUR of DIAMONDS, FOUR of SPADES, SEVEN of CLUBS, NINE of DIAMONDS, JACK of HEARTS, TEN of SPADES]
  Basic Bot 2 → [ACE of CLUBS, FOUR of CLUBS, FIVE of CLUBS, NINE of CLUBS, FIVE of DIAMONDS, SIX of DIAMONDS, EIGHT of DIAMONDS, TEN of DIAMONDS, JACK of DIAMONDS, JACK of SPADES, THREE of SPADES]
  Basic Bot 3 → [ACE of HEARTS, TWO of HEARTS, FOUR of HEARTS, TEN of HEARTS, KING of DIAMONDS, SEVEN of SPADES, NINE of SPADES, TEN of CLUBS, KING of SPADES, EIGHT of HEARTS]

STEP 20: Basic Bot 2 turn purge: [TEN of DIAMONDS, TEN of HEARTS]
  Player 1 → [TWO of CLUBS, TWO of DIAMONDS, THREE of HEARTS, FIVE of HEARTS, FIVE of SPADES, SIX of HEARTS, NINE of HEARTS, KING of HEARTS, KING of CLUBS, THREE of CLUBS, ACE of SPADES]
  Basic Bot 1 → [ACE of DIAMONDS, TWO of SPADES, THREE of DIAMONDS, FOUR of DIAMONDS, FOUR of SPADES, SEVEN of CLUBS, NINE of DIAMONDS, JACK of HEARTS, TEN of SPADES]
  Basic Bot 2 → [ACE of CLUBS, THREE of SPADES, FOUR of CLUBS, FIVE of CLUBS, FIVE of DIAMONDS, SIX of DIAMONDS, EIGHT of DIAMONDS, NINE of CLUBS, JACK of DIAMONDS, JACK of SPADES]
  Basic Bot 3 → [ACE of HEARTS, TWO of HEARTS, FOUR of HEARTS, KING of DIAMONDS, SEVEN of SPADES, NINE of SPADES, TEN of CLUBS, KING of SPADES, EIGHT of HEARTS]

STEP 21: Basic Bot 3 turn purge: []
  Player 1 → [TWO of CLUBS, TWO of DIAMONDS, THREE of HEARTS, FIVE of HEARTS, FIVE of SPADES, SIX of HEARTS, NINE of HEARTS, KING of HEARTS, KING of CLUBS, ACE of SPADES]
  Basic Bot 1 → [ACE of DIAMONDS, TWO of SPADES, THREE of DIAMONDS, FOUR of DIAMONDS, FOUR of SPADES, SEVEN of CLUBS, NINE of DIAMONDS, JACK of HEARTS, TEN of SPADES]
  Basic Bot 2 → [ACE of CLUBS, THREE of SPADES, FOUR of CLUBS, FIVE of CLUBS, FIVE of DIAMONDS, SIX of DIAMONDS, EIGHT of DIAMONDS, NINE of CLUBS, JACK of DIAMONDS, JACK of SPADES]
  Basic Bot 3 → [ACE of HEARTS, TWO of HEARTS, FOUR of HEARTS, SEVEN of SPADES, EIGHT of HEARTS, NINE of SPADES, TEN of CLUBS, KING of DIAMONDS, KING of SPADES, THREE of CLUBS]

STEP 22: Player 1 turn purge: []
  Player 1 → [TWO of CLUBS, TWO of DIAMONDS, THREE of HEARTS, FIVE of HEARTS, FIVE of SPADES, SIX of HEARTS, NINE of HEARTS, KING of HEARTS, KING of CLUBS, ACE of SPADES, JACK of HEARTS]
  Basic Bot 1 → [ACE of DIAMONDS, TWO of SPADES, THREE of DIAMONDS, FOUR of DIAMONDS, FOUR of SPADES, SEVEN of CLUBS, NINE of DIAMONDS, TEN of SPADES]
  Basic Bot 2 → [ACE of CLUBS, THREE of SPADES, FOUR of CLUBS, FIVE of CLUBS, FIVE of DIAMONDS, SIX of DIAMONDS, EIGHT of DIAMONDS, NINE of CLUBS, JACK of DIAMONDS, JACK of SPADES]
  Basic Bot 3 → [ACE of HEARTS, TWO of HEARTS, FOUR of HEARTS, SEVEN of SPADES, EIGHT of HEARTS, NINE of SPADES, TEN of CLUBS, KING of DIAMONDS, KING of SPADES, THREE of CLUBS]

STEP 23: Basic Bot 1 turn purge: []
  Player 1 → [TWO of CLUBS, TWO of DIAMONDS, THREE of HEARTS, FIVE of HEARTS, FIVE of SPADES, SIX of HEARTS, NINE of HEARTS, KING of HEARTS, KING of CLUBS, ACE of SPADES, JACK of HEARTS]
  Basic Bot 1 → [ACE of DIAMONDS, THREE of DIAMONDS, FOUR of DIAMONDS, NINE of DIAMONDS, TWO of SPADES, FOUR of SPADES, SEVEN of CLUBS, TEN of SPADES, JACK of DIAMONDS]
  Basic Bot 2 → [ACE of CLUBS, THREE of SPADES, FOUR of CLUBS, FIVE of CLUBS, FIVE of DIAMONDS, SIX of DIAMONDS, EIGHT of DIAMONDS, NINE of CLUBS, JACK of SPADES]
  Basic Bot 3 → [ACE of HEARTS, TWO of HEARTS, FOUR of HEARTS, SEVEN of SPADES, EIGHT of HEARTS, NINE of SPADES, TEN of CLUBS, KING of DIAMONDS, KING of SPADES, THREE of CLUBS]

STEP 24: Basic Bot 2 turn purge: [THREE of SPADES, THREE of CLUBS]
  Player 1 → [TWO of CLUBS, TWO of DIAMONDS, THREE of HEARTS, FIVE of HEARTS, FIVE of SPADES, SIX of HEARTS, NINE of HEARTS, KING of HEARTS, KING of CLUBS, ACE of SPADES, JACK of HEARTS]
  Basic Bot 1 → [ACE of DIAMONDS, THREE of DIAMONDS, FOUR of DIAMONDS, NINE of DIAMONDS, TWO of SPADES, FOUR of SPADES, SEVEN of CLUBS, TEN of SPADES, JACK of DIAMONDS]
  Basic Bot 2 → [ACE of CLUBS, FOUR of CLUBS, FIVE of CLUBS, FIVE of DIAMONDS, SIX of DIAMONDS, EIGHT of DIAMONDS, NINE of CLUBS, JACK of SPADES]
  Basic Bot 3 → [ACE of HEARTS, TWO of HEARTS, FOUR of HEARTS, SEVEN of SPADES, EIGHT of HEARTS, NINE of SPADES, TEN of CLUBS, KING of DIAMONDS, KING of SPADES]

STEP 25: Basic Bot 3 turn purge: [KING of DIAMONDS, KING of HEARTS]
  Player 1 → [TWO of CLUBS, TWO of DIAMONDS, THREE of HEARTS, FIVE of HEARTS, FIVE of SPADES, SIX of HEARTS, NINE of HEARTS, KING of CLUBS, ACE of SPADES, JACK of HEARTS]
  Basic Bot 1 → [ACE of DIAMONDS, THREE of DIAMONDS, FOUR of DIAMONDS, NINE of DIAMONDS, TWO of SPADES, FOUR of SPADES, SEVEN of CLUBS, TEN of SPADES, JACK of DIAMONDS]
  Basic Bot 2 → [ACE of CLUBS, FOUR of CLUBS, FIVE of CLUBS, FIVE of DIAMONDS, SIX of DIAMONDS, EIGHT of DIAMONDS, NINE of CLUBS, JACK of SPADES]
  Basic Bot 3 → [ACE of HEARTS, TWO of HEARTS, FOUR of HEARTS, EIGHT of HEARTS, SEVEN of SPADES, NINE of SPADES, TEN of CLUBS, KING of SPADES]

STEP 26: Player 1 turn purge: []
  Player 1 → [TWO of CLUBS, TWO of DIAMONDS, THREE of HEARTS, FIVE of HEARTS, FIVE of SPADES, SIX of HEARTS, NINE of HEARTS, KING of CLUBS, ACE of SPADES, JACK of HEARTS, THREE of DIAMONDS]
  Basic Bot 1 → [ACE of DIAMONDS, FOUR of DIAMONDS, NINE of DIAMONDS, TWO of SPADES, FOUR of SPADES, SEVEN of CLUBS, TEN of SPADES, JACK of DIAMONDS]
  Basic Bot 2 → [ACE of CLUBS, FOUR of CLUBS, FIVE of CLUBS, FIVE of DIAMONDS, SIX of DIAMONDS, EIGHT of DIAMONDS, NINE of CLUBS, JACK of SPADES]
  Basic Bot 3 → [ACE of HEARTS, TWO of HEARTS, FOUR of HEARTS, EIGHT of HEARTS, SEVEN of SPADES, NINE of SPADES, TEN of CLUBS, KING of SPADES]

STEP 27: Basic Bot 1 turn purge: []
  Player 1 → [TWO of CLUBS, TWO of DIAMONDS, THREE of HEARTS, FIVE of HEARTS, FIVE of SPADES, SIX of HEARTS, NINE of HEARTS, KING of CLUBS, ACE of SPADES, JACK of HEARTS, THREE of DIAMONDS]
  Basic Bot 1 → [SEVEN of CLUBS, ACE of DIAMONDS, FOUR of DIAMONDS, NINE of DIAMONDS, JACK of DIAMONDS, TWO of SPADES, FOUR of SPADES, TEN of SPADES, EIGHT of DIAMONDS]
  Basic Bot 2 → [ACE of CLUBS, FOUR of CLUBS, FIVE of CLUBS, FIVE of DIAMONDS, SIX of DIAMONDS, NINE of CLUBS, JACK of SPADES]
  Basic Bot 3 → [ACE of HEARTS, TWO of HEARTS, FOUR of HEARTS, EIGHT of HEARTS, SEVEN of SPADES, NINE of SPADES, TEN of CLUBS, KING of SPADES]

STEP 28: Basic Bot 2 turn purge: []
  Player 1 → [TWO of CLUBS, TWO of DIAMONDS, THREE of HEARTS, FIVE of HEARTS, FIVE of SPADES, SIX of HEARTS, NINE of HEARTS, KING of CLUBS, ACE of SPADES, JACK of HEARTS, THREE of DIAMONDS]
  Basic Bot 1 → [SEVEN of CLUBS, ACE of DIAMONDS, FOUR of DIAMONDS, NINE of DIAMONDS, JACK of DIAMONDS, TWO of SPADES, FOUR of SPADES, TEN of SPADES, EIGHT of DIAMONDS]
  Basic Bot 2 → [ACE of CLUBS, FOUR of CLUBS, FIVE of CLUBS, FIVE of DIAMONDS, SIX of DIAMONDS, NINE of CLUBS, JACK of SPADES, TWO of HEARTS]
  Basic Bot 3 → [ACE of HEARTS, FOUR of HEARTS, EIGHT of HEARTS, SEVEN of SPADES, NINE of SPADES, TEN of CLUBS, KING of SPADES]

STEP 29: Basic Bot 3 turn purge: []
  Player 1 → [TWO of CLUBS, TWO of DIAMONDS, THREE of HEARTS, FIVE of HEARTS, FIVE of SPADES, NINE of HEARTS, KING of CLUBS, ACE of SPADES, JACK of HEARTS, THREE of DIAMONDS]
  Basic Bot 1 → [SEVEN of CLUBS, ACE of DIAMONDS, FOUR of DIAMONDS, NINE of DIAMONDS, JACK of DIAMONDS, TWO of SPADES, FOUR of SPADES, TEN of SPADES, EIGHT of DIAMONDS]
  Basic Bot 2 → [ACE of CLUBS, FOUR of CLUBS, FIVE of CLUBS, FIVE of DIAMONDS, SIX of DIAMONDS, NINE of CLUBS, JACK of SPADES, TWO of HEARTS]
  Basic Bot 3 → [ACE of HEARTS, FOUR of HEARTS, EIGHT of HEARTS, SEVEN of SPADES, NINE of SPADES, TEN of CLUBS, KING of SPADES, SIX of HEARTS]

STEP 30: Player 1 turn purge: [THREE of HEARTS, THREE of DIAMONDS]
  Player 1 → [TWO of CLUBS, TWO of DIAMONDS, FIVE of HEARTS, FIVE of SPADES, NINE of HEARTS, KING of CLUBS, ACE of SPADES, JACK of HEARTS, EIGHT of DIAMONDS]
  Basic Bot 1 → [SEVEN of CLUBS, ACE of DIAMONDS, FOUR of DIAMONDS, NINE of DIAMONDS, JACK of DIAMONDS, TWO of SPADES, FOUR of SPADES, TEN of SPADES]
  Basic Bot 2 → [ACE of CLUBS, FOUR of CLUBS, FIVE of CLUBS, FIVE of DIAMONDS, SIX of DIAMONDS, NINE of CLUBS, JACK of SPADES, TWO of HEARTS]
  Basic Bot 3 → [ACE of HEARTS, FOUR of HEARTS, EIGHT of HEARTS, SEVEN of SPADES, NINE of SPADES, TEN of CLUBS, KING of SPADES, SIX of HEARTS]

STEP 31: Basic Bot 1 turn purge: []
  Player 1 → [TWO of CLUBS, TWO of DIAMONDS, FIVE of HEARTS, FIVE of SPADES, NINE of HEARTS, KING of CLUBS, ACE of SPADES, JACK of HEARTS, EIGHT of DIAMONDS]
  Basic Bot 1 → [SEVEN of CLUBS, ACE of DIAMONDS, FOUR of DIAMONDS, NINE of DIAMONDS, JACK of DIAMONDS, TWO of SPADES, FOUR of SPADES, TEN of SPADES, FOUR of CLUBS]
  Basic Bot 2 → [ACE of CLUBS, FIVE of CLUBS, FIVE of DIAMONDS, SIX of DIAMONDS, NINE of CLUBS, JACK of SPADES, TWO of HEARTS]
  Basic Bot 3 → [ACE of HEARTS, FOUR of HEARTS, EIGHT of HEARTS, SEVEN of SPADES, NINE of SPADES, TEN of CLUBS, KING of SPADES, SIX of HEARTS]

STEP 32: Basic Bot 2 turn purge: []
  Player 1 → [TWO of CLUBS, TWO of DIAMONDS, FIVE of HEARTS, FIVE of SPADES, NINE of HEARTS, KING of CLUBS, ACE of SPADES, JACK of HEARTS, EIGHT of DIAMONDS]
  Basic Bot 1 → [SEVEN of CLUBS, ACE of DIAMONDS, FOUR of DIAMONDS, NINE of DIAMONDS, JACK of DIAMONDS, TWO of SPADES, FOUR of SPADES, TEN of SPADES, FOUR of CLUBS]
  Basic Bot 2 → [ACE of CLUBS, TWO of HEARTS, FIVE of CLUBS, FIVE of DIAMONDS, SIX of DIAMONDS, NINE of CLUBS, JACK of SPADES, ACE of HEARTS]
  Basic Bot 3 → [FOUR of HEARTS, EIGHT of HEARTS, SEVEN of SPADES, NINE of SPADES, TEN of CLUBS, KING of SPADES, SIX of HEARTS]

STEP 33: Basic Bot 3 turn purge: []
  Player 1 → [TWO of CLUBS, TWO of DIAMONDS, FIVE of HEARTS, FIVE of SPADES, NINE of HEARTS, KING of CLUBS, ACE of SPADES, EIGHT of DIAMONDS]
  Basic Bot 1 → [SEVEN of CLUBS, ACE of DIAMONDS, FOUR of DIAMONDS, NINE of DIAMONDS, JACK of DIAMONDS, TWO of SPADES, FOUR of SPADES, TEN of SPADES, FOUR of CLUBS]
  Basic Bot 2 → [ACE of CLUBS, TWO of HEARTS, FIVE of CLUBS, FIVE of DIAMONDS, SIX of DIAMONDS, NINE of CLUBS, JACK of SPADES, ACE of HEARTS]
  Basic Bot 3 → [FOUR of HEARTS, SIX of HEARTS, EIGHT of HEARTS, SEVEN of SPADES, NINE of SPADES, TEN of CLUBS, KING of SPADES, JACK of HEARTS]

STEP 34: Player 1 turn purge: []
  Player 1 → [TWO of CLUBS, TWO of DIAMONDS, FIVE of HEARTS, FIVE of SPADES, NINE of HEARTS, KING of CLUBS, ACE of SPADES, EIGHT of DIAMONDS, ACE of DIAMONDS]
  Basic Bot 1 → [SEVEN of CLUBS, FOUR of DIAMONDS, NINE of DIAMONDS, JACK of DIAMONDS, TWO of SPADES, FOUR of SPADES, TEN of SPADES, FOUR of CLUBS]
  Basic Bot 2 → [ACE of CLUBS, TWO of HEARTS, FIVE of CLUBS, FIVE of DIAMONDS, SIX of DIAMONDS, NINE of CLUBS, JACK of SPADES, ACE of HEARTS]
  Basic Bot 3 → [FOUR of HEARTS, SIX of HEARTS, EIGHT of HEARTS, SEVEN of SPADES, NINE of SPADES, TEN of CLUBS, KING of SPADES, JACK of HEARTS]

STEP 35: Basic Bot 1 turn purge: [FOUR of CLUBS, FOUR of SPADES]
  Player 1 → [TWO of CLUBS, TWO of DIAMONDS, FIVE of HEARTS, FIVE of SPADES, NINE of HEARTS, KING of CLUBS, ACE of SPADES, EIGHT of DIAMONDS, ACE of DIAMONDS]
  Basic Bot 1 → [SEVEN of CLUBS, FOUR of DIAMONDS, NINE of DIAMONDS, JACK of DIAMONDS, TWO of SPADES, TEN of SPADES, ACE of HEARTS]
  Basic Bot 2 → [ACE of CLUBS, TWO of HEARTS, FIVE of CLUBS, FIVE of DIAMONDS, SIX of DIAMONDS, NINE of CLUBS, JACK of SPADES]
  Basic Bot 3 → [FOUR of HEARTS, SIX of HEARTS, EIGHT of HEARTS, SEVEN of SPADES, NINE of SPADES, TEN of CLUBS, KING of SPADES, JACK of HEARTS]

STEP 36: Basic Bot 2 turn purge: []
  Player 1 → [TWO of CLUBS, TWO of DIAMONDS, FIVE of HEARTS, FIVE of SPADES, NINE of HEARTS, KING of CLUBS, ACE of SPADES, EIGHT of DIAMONDS, ACE of DIAMONDS]
  Basic Bot 1 → [SEVEN of CLUBS, FOUR of DIAMONDS, NINE of DIAMONDS, JACK of DIAMONDS, TWO of SPADES, TEN of SPADES, ACE of HEARTS]
  Basic Bot 2 → [ACE of CLUBS, FIVE of CLUBS, NINE of CLUBS, FIVE of DIAMONDS, SIX of DIAMONDS, TWO of HEARTS, JACK of SPADES, TEN of CLUBS]
  Basic Bot 3 → [FOUR of HEARTS, SIX of HEARTS, EIGHT of HEARTS, SEVEN of SPADES, NINE of SPADES, KING of SPADES, JACK of HEARTS]

STEP 37: Basic Bot 3 turn purge: []
  Player 1 → [TWO of DIAMONDS, FIVE of HEARTS, FIVE of SPADES, NINE of HEARTS, KING of CLUBS, ACE of SPADES, EIGHT of DIAMONDS, ACE of DIAMONDS]
  Basic Bot 1 → [SEVEN of CLUBS, FOUR of DIAMONDS, NINE of DIAMONDS, JACK of DIAMONDS, TWO of SPADES, TEN of SPADES, ACE of HEARTS]
  Basic Bot 2 → [ACE of CLUBS, FIVE of CLUBS, NINE of CLUBS, FIVE of DIAMONDS, SIX of DIAMONDS, TWO of HEARTS, JACK of SPADES, TEN of CLUBS]
  Basic Bot 3 → [FOUR of HEARTS, SIX of HEARTS, SEVEN of SPADES, EIGHT of HEARTS, NINE of SPADES, JACK of HEARTS, KING of SPADES, TWO of CLUBS]

STEP 38: Player 1 turn purge: []
  Player 1 → [TWO of DIAMONDS, FIVE of HEARTS, FIVE of SPADES, NINE of HEARTS, KING of CLUBS, ACE of SPADES, EIGHT of DIAMONDS, ACE of DIAMONDS, FOUR of DIAMONDS]
  Basic Bot 1 → [SEVEN of CLUBS, NINE of DIAMONDS, JACK of DIAMONDS, TWO of SPADES, TEN of SPADES, ACE of HEARTS]
  Basic Bot 2 → [ACE of CLUBS, FIVE of CLUBS, NINE of CLUBS, FIVE of DIAMONDS, SIX of DIAMONDS, TWO of HEARTS, JACK of SPADES, TEN of CLUBS]
  Basic Bot 3 → [FOUR of HEARTS, SIX of HEARTS, SEVEN of SPADES, EIGHT of HEARTS, NINE of SPADES, JACK of HEARTS, KING of SPADES, TWO of CLUBS]

STEP 39: Basic Bot 1 turn purge: []
  Player 1 → [TWO of DIAMONDS, FIVE of HEARTS, FIVE of SPADES, NINE of HEARTS, KING of CLUBS, ACE of SPADES, EIGHT of DIAMONDS, ACE of DIAMONDS, FOUR of DIAMONDS]
  Basic Bot 1 → [SEVEN of CLUBS, NINE of DIAMONDS, JACK of DIAMONDS, TWO of SPADES, TEN of SPADES, ACE of HEARTS, TEN of CLUBS]
  Basic Bot 2 → [ACE of CLUBS, FIVE of CLUBS, NINE of CLUBS, FIVE of DIAMONDS, SIX of DIAMONDS, TWO of HEARTS, JACK of SPADES]
  Basic Bot 3 → [FOUR of HEARTS, SIX of HEARTS, SEVEN of SPADES, EIGHT of HEARTS, NINE of SPADES, JACK of HEARTS, KING of SPADES, TWO of CLUBS]

STEP 40: Basic Bot 2 turn purge: [NINE of CLUBS, NINE of SPADES]
  Player 1 → [TWO of DIAMONDS, FIVE of HEARTS, FIVE of SPADES, NINE of HEARTS, KING of CLUBS, ACE of SPADES, EIGHT of DIAMONDS, ACE of DIAMONDS, FOUR of DIAMONDS]
  Basic Bot 1 → [SEVEN of CLUBS, NINE of DIAMONDS, JACK of DIAMONDS, TWO of SPADES, TEN of SPADES, ACE of HEARTS, TEN of CLUBS]
  Basic Bot 2 → [ACE of CLUBS, FIVE of CLUBS, FIVE of DIAMONDS, SIX of DIAMONDS, TWO of HEARTS, JACK of SPADES]
  Basic Bot 3 → [FOUR of HEARTS, SIX of HEARTS, SEVEN of SPADES, EIGHT of HEARTS, JACK of HEARTS, KING of SPADES, TWO of CLUBS]

STEP 41: Basic Bot 3 turn purge: []
  Player 1 → [TWO of DIAMONDS, FIVE of HEARTS, FIVE of SPADES, KING of CLUBS, ACE of SPADES, EIGHT of DIAMONDS, ACE of DIAMONDS, FOUR of DIAMONDS]
  Basic Bot 1 → [SEVEN of CLUBS, NINE of DIAMONDS, JACK of DIAMONDS, TWO of SPADES, TEN of SPADES, ACE of HEARTS, TEN of CLUBS]
  Basic Bot 2 → [ACE of CLUBS, FIVE of CLUBS, FIVE of DIAMONDS, SIX of DIAMONDS, TWO of HEARTS, JACK of SPADES]
  Basic Bot 3 → [FOUR of HEARTS, SIX of HEARTS, EIGHT of HEARTS, JACK of HEARTS, TWO of CLUBS, SEVEN of SPADES, KING of SPADES, NINE of HEARTS]

STEP 42: Player 1 turn purge: []
  Player 1 → [TWO of DIAMONDS, FIVE of HEARTS, FIVE of SPADES, KING of CLUBS, ACE of SPADES, EIGHT of DIAMONDS, ACE of DIAMONDS, FOUR of DIAMONDS, SEVEN of CLUBS]
  Basic Bot 1 → [NINE of DIAMONDS, JACK of DIAMONDS, TWO of SPADES, TEN of SPADES, ACE of HEARTS, TEN of CLUBS]
  Basic Bot 2 → [ACE of CLUBS, FIVE of CLUBS, FIVE of DIAMONDS, SIX of DIAMONDS, TWO of HEARTS, JACK of SPADES]
  Basic Bot 3 → [FOUR of HEARTS, SIX of HEARTS, EIGHT of HEARTS, JACK of HEARTS, TWO of CLUBS, SEVEN of SPADES, KING of SPADES, NINE of HEARTS]

STEP 43: Basic Bot 1 turn purge: []
  Player 1 → [TWO of DIAMONDS, FIVE of HEARTS, FIVE of SPADES, KING of CLUBS, ACE of SPADES, EIGHT of DIAMONDS, ACE of DIAMONDS, FOUR of DIAMONDS, SEVEN of CLUBS]
  Basic Bot 1 → [NINE of DIAMONDS, JACK of DIAMONDS, TWO of SPADES, TEN of SPADES, ACE of HEARTS, TEN of CLUBS, ACE of CLUBS]
  Basic Bot 2 → [FIVE of CLUBS, FIVE of DIAMONDS, SIX of DIAMONDS, TWO of HEARTS, JACK of SPADES]
  Basic Bot 3 → [FOUR of HEARTS, SIX of HEARTS, EIGHT of HEARTS, JACK of HEARTS, TWO of CLUBS, SEVEN of SPADES, KING of SPADES, NINE of HEARTS]

STEP 44: Basic Bot 2 turn purge: []
  Player 1 → [TWO of DIAMONDS, FIVE of HEARTS, FIVE of SPADES, KING of CLUBS, ACE of SPADES, EIGHT of DIAMONDS, ACE of DIAMONDS, FOUR of DIAMONDS, SEVEN of CLUBS]
  Basic Bot 1 → [NINE of DIAMONDS, JACK of DIAMONDS, TWO of SPADES, TEN of SPADES, ACE of HEARTS, TEN of CLUBS, ACE of CLUBS]
  Basic Bot 2 → [FIVE of CLUBS, FIVE of DIAMONDS, SIX of DIAMONDS, TWO of HEARTS, JACK of SPADES, NINE of HEARTS]
  Basic Bot 3 → [FOUR of HEARTS, SIX of HEARTS, EIGHT of HEARTS, JACK of HEARTS, TWO of CLUBS, SEVEN of SPADES, KING of SPADES]

STEP 45: Basic Bot 3 turn purge: []
  Player 1 → [TWO of DIAMONDS, FIVE of HEARTS, KING of CLUBS, ACE of SPADES, EIGHT of DIAMONDS, ACE of DIAMONDS, FOUR of DIAMONDS, SEVEN of CLUBS]
  Basic Bot 1 → [NINE of DIAMONDS, JACK of DIAMONDS, TWO of SPADES, TEN of SPADES, ACE of HEARTS, TEN of CLUBS, ACE of CLUBS]
  Basic Bot 2 → [FIVE of CLUBS, FIVE of DIAMONDS, SIX of DIAMONDS, TWO of HEARTS, JACK of SPADES, NINE of HEARTS]
  Basic Bot 3 → [FOUR of HEARTS, SIX of HEARTS, EIGHT of HEARTS, JACK of HEARTS, TWO of CLUBS, SEVEN of SPADES, KING of SPADES, FIVE of SPADES]

STEP 46: Player 1 turn purge: []
  Player 1 → [ACE of DIAMONDS, TWO of DIAMONDS, FOUR of DIAMONDS, FIVE of HEARTS, EIGHT of DIAMONDS, ACE of SPADES, SEVEN of CLUBS, KING of CLUBS, ACE of CLUBS]
  Basic Bot 1 → [NINE of DIAMONDS, JACK of DIAMONDS, TWO of SPADES, TEN of SPADES, ACE of HEARTS, TEN of CLUBS]
  Basic Bot 2 → [FIVE of CLUBS, FIVE of DIAMONDS, SIX of DIAMONDS, TWO of HEARTS, JACK of SPADES, NINE of HEARTS]
  Basic Bot 3 → [FOUR of HEARTS, SIX of HEARTS, EIGHT of HEARTS, JACK of HEARTS, TWO of CLUBS, SEVEN of SPADES, KING of SPADES, FIVE of SPADES]

STEP 47: Basic Bot 1 turn purge: []
  Player 1 → [ACE of DIAMONDS, TWO of DIAMONDS, FOUR of DIAMONDS, FIVE of HEARTS, EIGHT of DIAMONDS, ACE of SPADES, SEVEN of CLUBS, KING of CLUBS, ACE of CLUBS]
  Basic Bot 1 → [NINE of DIAMONDS, JACK of DIAMONDS, TWO of SPADES, TEN of SPADES, ACE of HEARTS, TEN of CLUBS, FIVE of DIAMONDS]
  Basic Bot 2 → [FIVE of CLUBS, SIX of DIAMONDS, TWO of HEARTS, JACK of SPADES, NINE of HEARTS]
  Basic Bot 3 → [FOUR of HEARTS, SIX of HEARTS, EIGHT of HEARTS, JACK of HEARTS, TWO of CLUBS, SEVEN of SPADES, KING of SPADES, FIVE of SPADES]

STEP 48: Basic Bot 2 turn purge: [SIX of DIAMONDS, SIX of HEARTS]
  Player 1 → [ACE of DIAMONDS, TWO of DIAMONDS, FOUR of DIAMONDS, FIVE of HEARTS, EIGHT of DIAMONDS, ACE of SPADES, SEVEN of CLUBS, KING of CLUBS, ACE of CLUBS]
  Basic Bot 1 → [NINE of DIAMONDS, JACK of DIAMONDS, TWO of SPADES, TEN of SPADES, ACE of HEARTS, TEN of CLUBS, FIVE of DIAMONDS]
  Basic Bot 2 → [FIVE of CLUBS, TWO of HEARTS, NINE of HEARTS, JACK of SPADES]
  Basic Bot 3 → [FOUR of HEARTS, EIGHT of HEARTS, JACK of HEARTS, TWO of CLUBS, SEVEN of SPADES, KING of SPADES, FIVE of SPADES]

STEP 49: Basic Bot 3 turn purge: []
  Player 1 → [ACE of DIAMONDS, TWO of DIAMONDS, FOUR of DIAMONDS, FIVE of HEARTS, EIGHT of DIAMONDS, ACE of SPADES, SEVEN of CLUBS, KING of CLUBS]
  Basic Bot 1 → [NINE of DIAMONDS, JACK of DIAMONDS, TWO of SPADES, TEN of SPADES, ACE of HEARTS, TEN of CLUBS, FIVE of DIAMONDS]
  Basic Bot 2 → [FIVE of CLUBS, TWO of HEARTS, NINE of HEARTS, JACK of SPADES]
  Basic Bot 3 → [TWO of CLUBS, FOUR of HEARTS, EIGHT of HEARTS, JACK of HEARTS, FIVE of SPADES, SEVEN of SPADES, KING of SPADES, ACE of CLUBS]

STEP 50: Player 1 turn purge: []
  Player 1 → [ACE of DIAMONDS, TWO of DIAMONDS, FOUR of DIAMONDS, FIVE of HEARTS, EIGHT of DIAMONDS, ACE of SPADES, SEVEN of CLUBS, KING of CLUBS, TEN of SPADES]
  Basic Bot 1 → [NINE of DIAMONDS, JACK of DIAMONDS, TWO of SPADES, ACE of HEARTS, TEN of CLUBS, FIVE of DIAMONDS]
  Basic Bot 2 → [FIVE of CLUBS, TWO of HEARTS, NINE of HEARTS, JACK of SPADES]
  Basic Bot 3 → [TWO of CLUBS, FOUR of HEARTS, EIGHT of HEARTS, JACK of HEARTS, FIVE of SPADES, SEVEN of SPADES, KING of SPADES, ACE of CLUBS]

STEP 51: Basic Bot 1 turn purge: []
  Player 1 → [ACE of DIAMONDS, TWO of DIAMONDS, FOUR of DIAMONDS, FIVE of HEARTS, EIGHT of DIAMONDS, ACE of SPADES, SEVEN of CLUBS, KING of CLUBS, TEN of SPADES]
  Basic Bot 1 → [ACE of HEARTS, FIVE of DIAMONDS, NINE of DIAMONDS, JACK of DIAMONDS, TWO of SPADES, TEN of CLUBS, TWO of HEARTS]
  Basic Bot 2 → [FIVE of CLUBS, NINE of HEARTS, JACK of SPADES]
  Basic Bot 3 → [TWO of CLUBS, FOUR of HEARTS, EIGHT of HEARTS, JACK of HEARTS, FIVE of SPADES, SEVEN of SPADES, KING of SPADES, ACE of CLUBS]

STEP 52: Basic Bot 2 turn purge: []
  Player 1 → [ACE of DIAMONDS, TWO of DIAMONDS, FOUR of DIAMONDS, FIVE of HEARTS, EIGHT of DIAMONDS, ACE of SPADES, SEVEN of CLUBS, KING of CLUBS, TEN of SPADES]
  Basic Bot 1 → [ACE of HEARTS, FIVE of DIAMONDS, NINE of DIAMONDS, JACK of DIAMONDS, TWO of SPADES, TEN of CLUBS, TWO of HEARTS]
  Basic Bot 2 → [NINE of HEARTS, FIVE of CLUBS, JACK of SPADES, JACK of HEARTS]
  Basic Bot 3 → [TWO of CLUBS, FOUR of HEARTS, EIGHT of HEARTS, FIVE of SPADES, SEVEN of SPADES, KING of SPADES, ACE of CLUBS]

STEP 53: Basic Bot 3 turn purge: [ACE of CLUBS, ACE of SPADES]
  Player 1 → [ACE of DIAMONDS, TWO of DIAMONDS, FOUR of DIAMONDS, FIVE of HEARTS, EIGHT of DIAMONDS, SEVEN of CLUBS, KING of CLUBS, TEN of SPADES]
  Basic Bot 1 → [ACE of HEARTS, FIVE of DIAMONDS, NINE of DIAMONDS, JACK of DIAMONDS, TWO of SPADES, TEN of CLUBS, TWO of HEARTS]
  Basic Bot 2 → [NINE of HEARTS, FIVE of CLUBS, JACK of SPADES, JACK of HEARTS]
  Basic Bot 3 → [TWO of CLUBS, FOUR of HEARTS, EIGHT of HEARTS, FIVE of SPADES, SEVEN of SPADES, KING of SPADES]

STEP 54: Player 1 turn purge: []
  Player 1 → [ACE of DIAMONDS, TWO of DIAMONDS, FOUR of DIAMONDS, FIVE of HEARTS, EIGHT of DIAMONDS, SEVEN of CLUBS, KING of CLUBS, TEN of SPADES, NINE of DIAMONDS]
  Basic Bot 1 → [ACE of HEARTS, FIVE of DIAMONDS, JACK of DIAMONDS, TWO of SPADES, TEN of CLUBS, TWO of HEARTS]
  Basic Bot 2 → [NINE of HEARTS, FIVE of CLUBS, JACK of SPADES, JACK of HEARTS]
  Basic Bot 3 → [TWO of CLUBS, FOUR of HEARTS, EIGHT of HEARTS, FIVE of SPADES, SEVEN of SPADES, KING of SPADES]

STEP 55: Basic Bot 1 turn purge: []
  Player 1 → [ACE of DIAMONDS, TWO of DIAMONDS, FOUR of DIAMONDS, FIVE of HEARTS, EIGHT of DIAMONDS, SEVEN of CLUBS, KING of CLUBS, TEN of SPADES, NINE of DIAMONDS]
  Basic Bot 1 → [ACE of HEARTS, FIVE of DIAMONDS, JACK of DIAMONDS, TWO of SPADES, TEN of CLUBS, TWO of HEARTS, JACK of HEARTS]
  Basic Bot 2 → [NINE of HEARTS, FIVE of CLUBS, JACK of SPADES]
  Basic Bot 3 → [TWO of CLUBS, FOUR of HEARTS, EIGHT of HEARTS, FIVE of SPADES, SEVEN of SPADES, KING of SPADES]

STEP 56: Basic Bot 2 turn purge: []
  Player 1 → [ACE of DIAMONDS, TWO of DIAMONDS, FOUR of DIAMONDS, FIVE of HEARTS, EIGHT of DIAMONDS, SEVEN of CLUBS, KING of CLUBS, TEN of SPADES, NINE of DIAMONDS]
  Basic Bot 1 → [ACE of HEARTS, FIVE of DIAMONDS, JACK of DIAMONDS, TWO of SPADES, TEN of CLUBS, TWO of HEARTS, JACK of HEARTS]
  Basic Bot 2 → [FIVE of CLUBS, NINE of HEARTS, JACK of SPADES, SEVEN of SPADES]
  Basic Bot 3 → [TWO of CLUBS, FOUR of HEARTS, EIGHT of HEARTS, FIVE of SPADES, KING of SPADES]

STEP 57: Basic Bot 3 turn purge: []
  Player 1 → [TWO of DIAMONDS, FOUR of DIAMONDS, FIVE of HEARTS, EIGHT of DIAMONDS, SEVEN of CLUBS, KING of CLUBS, TEN of SPADES, NINE of DIAMONDS]
  Basic Bot 1 → [ACE of HEARTS, FIVE of DIAMONDS, JACK of DIAMONDS, TWO of SPADES, TEN of CLUBS, TWO of HEARTS, JACK of HEARTS]
  Basic Bot 2 → [FIVE of CLUBS, NINE of HEARTS, JACK of SPADES, SEVEN of SPADES]
  Basic Bot 3 → [TWO of CLUBS, FOUR of HEARTS, FIVE of SPADES, EIGHT of HEARTS, KING of SPADES, ACE of DIAMONDS]

STEP 58: Player 1 turn purge: []
  Player 1 → [TWO of DIAMONDS, FOUR of DIAMONDS, FIVE of HEARTS, EIGHT of DIAMONDS, SEVEN of CLUBS, KING of CLUBS, TEN of SPADES, NINE of DIAMONDS, TEN of CLUBS]
  Basic Bot 1 → [ACE of HEARTS, FIVE of DIAMONDS, JACK of DIAMONDS, TWO of SPADES, TWO of HEARTS, JACK of HEARTS]
  Basic Bot 2 → [FIVE of CLUBS, NINE of HEARTS, JACK of SPADES, SEVEN of SPADES]
  Basic Bot 3 → [TWO of CLUBS, FOUR of HEARTS, FIVE of SPADES, EIGHT of HEARTS, KING of SPADES, ACE of DIAMONDS]

STEP 59: Basic Bot 1 turn purge: []
  Player 1 → [TWO of DIAMONDS, FOUR of DIAMONDS, FIVE of HEARTS, EIGHT of DIAMONDS, SEVEN of CLUBS, KING of CLUBS, TEN of SPADES, NINE of DIAMONDS, TEN of CLUBS]
  Basic Bot 1 → [ACE of HEARTS, FIVE of DIAMONDS, JACK of DIAMONDS, TWO of SPADES, TWO of HEARTS, JACK of HEARTS, NINE of HEARTS]
  Basic Bot 2 → [FIVE of CLUBS, JACK of SPADES, SEVEN of SPADES]
  Basic Bot 3 → [TWO of CLUBS, FOUR of HEARTS, FIVE of SPADES, EIGHT of HEARTS, KING of SPADES, ACE of DIAMONDS]

STEP 60: Basic Bot 2 turn purge: []
  Player 1 → [TWO of DIAMONDS, FOUR of DIAMONDS, FIVE of HEARTS, EIGHT of DIAMONDS, SEVEN of CLUBS, KING of CLUBS, TEN of SPADES, NINE of DIAMONDS, TEN of CLUBS]
  Basic Bot 1 → [ACE of HEARTS, FIVE of DIAMONDS, JACK of DIAMONDS, TWO of SPADES, TWO of HEARTS, JACK of HEARTS, NINE of HEARTS]
  Basic Bot 2 → [FIVE of CLUBS, SEVEN of SPADES, JACK of SPADES, ACE of DIAMONDS]
  Basic Bot 3 → [TWO of CLUBS, FOUR of HEARTS, FIVE of SPADES, EIGHT of HEARTS, KING of SPADES]

STEP 61: Basic Bot 3 turn purge: []
  Player 1 → [TWO of DIAMONDS, FOUR of DIAMONDS, EIGHT of DIAMONDS, SEVEN of CLUBS, KING of CLUBS, TEN of SPADES, NINE of DIAMONDS, TEN of CLUBS]
  Basic Bot 1 → [ACE of HEARTS, FIVE of DIAMONDS, JACK of DIAMONDS, TWO of SPADES, TWO of HEARTS, JACK of HEARTS, NINE of HEARTS]
  Basic Bot 2 → [FIVE of CLUBS, SEVEN of SPADES, JACK of SPADES, ACE of DIAMONDS]
  Basic Bot 3 → [FOUR of HEARTS, EIGHT of HEARTS, TWO of CLUBS, FIVE of SPADES, KING of SPADES, FIVE of HEARTS]

STEP 62: Player 1 turn purge: [TEN of SPADES, TEN of CLUBS]
  Player 1 → [TWO of DIAMONDS, FOUR of DIAMONDS, EIGHT of DIAMONDS, SEVEN of CLUBS, KING of CLUBS, NINE of DIAMONDS, TWO of HEARTS]
  Basic Bot 1 → [ACE of HEARTS, FIVE of DIAMONDS, JACK of DIAMONDS, TWO of SPADES, JACK of HEARTS, NINE of HEARTS]
  Basic Bot 2 → [FIVE of CLUBS, SEVEN of SPADES, JACK of SPADES, ACE of DIAMONDS]
  Basic Bot 3 → [FOUR of HEARTS, EIGHT of HEARTS, TWO of CLUBS, FIVE of SPADES, KING of SPADES, FIVE of HEARTS]

STEP 63: Basic Bot 1 turn purge: []
  Player 1 → [TWO of DIAMONDS, FOUR of DIAMONDS, EIGHT of DIAMONDS, SEVEN of CLUBS, KING of CLUBS, NINE of DIAMONDS, TWO of HEARTS]
  Basic Bot 1 → [ACE of HEARTS, FIVE of DIAMONDS, JACK of DIAMONDS, TWO of SPADES, JACK of HEARTS, NINE of HEARTS, JACK of SPADES]
  Basic Bot 2 → [FIVE of CLUBS, SEVEN of SPADES, ACE of DIAMONDS]
  Basic Bot 3 → [FOUR of HEARTS, EIGHT of HEARTS, TWO of CLUBS, FIVE of SPADES, KING of SPADES, FIVE of HEARTS]

STEP 64: Basic Bot 2 turn purge: []
  Player 1 → [TWO of DIAMONDS, FOUR of DIAMONDS, EIGHT of DIAMONDS, SEVEN of CLUBS, KING of CLUBS, NINE of DIAMONDS, TWO of HEARTS]
  Basic Bot 1 → [ACE of HEARTS, FIVE of DIAMONDS, JACK of DIAMONDS, TWO of SPADES, JACK of HEARTS, NINE of HEARTS, JACK of SPADES]
  Basic Bot 2 → [ACE of DIAMONDS, FIVE of CLUBS, SEVEN of SPADES, FOUR of HEARTS]
  Basic Bot 3 → [EIGHT of HEARTS, TWO of CLUBS, FIVE of SPADES, KING of SPADES, FIVE of HEARTS]

STEP 65: Basic Bot 3 turn purge: []
  Player 1 → [TWO of DIAMONDS, FOUR of DIAMONDS, EIGHT of DIAMONDS, SEVEN of CLUBS, KING of CLUBS, NINE of DIAMONDS]
  Basic Bot 1 → [ACE of HEARTS, FIVE of DIAMONDS, JACK of DIAMONDS, TWO of SPADES, JACK of HEARTS, NINE of HEARTS, JACK of SPADES]
  Basic Bot 2 → [ACE of DIAMONDS, FIVE of CLUBS, SEVEN of SPADES, FOUR of HEARTS]
  Basic Bot 3 → [TWO of CLUBS, FIVE of HEARTS, FIVE of SPADES, EIGHT of HEARTS, KING of SPADES, TWO of HEARTS]

STEP 66: Player 1 turn purge: []
  Player 1 → [TWO of DIAMONDS, FOUR of DIAMONDS, EIGHT of DIAMONDS, SEVEN of CLUBS, KING of CLUBS, NINE of DIAMONDS, ACE of HEARTS]
  Basic Bot 1 → [FIVE of DIAMONDS, JACK of DIAMONDS, TWO of SPADES, JACK of HEARTS, NINE of HEARTS, JACK of SPADES]
  Basic Bot 2 → [ACE of DIAMONDS, FIVE of CLUBS, SEVEN of SPADES, FOUR of HEARTS]
  Basic Bot 3 → [TWO of CLUBS, FIVE of HEARTS, FIVE of SPADES, EIGHT of HEARTS, KING of SPADES, TWO of HEARTS]

STEP 67: Basic Bot 1 turn purge: []
  Player 1 → [TWO of DIAMONDS, FOUR of DIAMONDS, EIGHT of DIAMONDS, SEVEN of CLUBS, KING of CLUBS, NINE of DIAMONDS, ACE of HEARTS]
  Basic Bot 1 → [FIVE of DIAMONDS, JACK of DIAMONDS, TWO of SPADES, JACK of HEARTS, NINE of HEARTS, JACK of SPADES, FIVE of CLUBS]
  Basic Bot 2 → [ACE of DIAMONDS, SEVEN of SPADES, FOUR of HEARTS]
  Basic Bot 3 → [TWO of CLUBS, FIVE of HEARTS, FIVE of SPADES, EIGHT of HEARTS, KING of SPADES, TWO of HEARTS]

STEP 68: Basic Bot 2 turn purge: []
  Player 1 → [TWO of DIAMONDS, FOUR of DIAMONDS, EIGHT of DIAMONDS, SEVEN of CLUBS, KING of CLUBS, NINE of DIAMONDS, ACE of HEARTS]
  Basic Bot 1 → [FIVE of DIAMONDS, JACK of DIAMONDS, TWO of SPADES, JACK of HEARTS, NINE of HEARTS, JACK of SPADES, FIVE of CLUBS]
  Basic Bot 2 → [ACE of DIAMONDS, FOUR of HEARTS, SEVEN of SPADES, TWO of CLUBS]
  Basic Bot 3 → [FIVE of HEARTS, FIVE of SPADES, EIGHT of HEARTS, KING of SPADES, TWO of HEARTS]

STEP 69: Basic Bot 3 turn purge: [KING of SPADES, KING of CLUBS]
  Player 1 → [TWO of DIAMONDS, FOUR of DIAMONDS, EIGHT of DIAMONDS, SEVEN of CLUBS, NINE of DIAMONDS, ACE of HEARTS]
  Basic Bot 1 → [FIVE of DIAMONDS, JACK of DIAMONDS, TWO of SPADES, JACK of HEARTS, NINE of HEARTS, JACK of SPADES, FIVE of CLUBS]
  Basic Bot 2 → [ACE of DIAMONDS, FOUR of HEARTS, SEVEN of SPADES, TWO of CLUBS]
  Basic Bot 3 → [TWO of HEARTS, FIVE of HEARTS, EIGHT of HEARTS, FIVE of SPADES]

STEP 70: Player 1 turn purge: []
  Player 1 → [TWO of DIAMONDS, FOUR of DIAMONDS, EIGHT of DIAMONDS, SEVEN of CLUBS, NINE of DIAMONDS, ACE of HEARTS, FIVE of CLUBS]
  Basic Bot 1 → [FIVE of DIAMONDS, JACK of DIAMONDS, TWO of SPADES, JACK of HEARTS, NINE of HEARTS, JACK of SPADES]
  Basic Bot 2 → [ACE of DIAMONDS, FOUR of HEARTS, SEVEN of SPADES, TWO of CLUBS]
  Basic Bot 3 → [TWO of HEARTS, FIVE of HEARTS, EIGHT of HEARTS, FIVE of SPADES]

STEP 71: Basic Bot 1 turn purge: []
  Player 1 → [TWO of DIAMONDS, FOUR of DIAMONDS, EIGHT of DIAMONDS, SEVEN of CLUBS, NINE of DIAMONDS, ACE of HEARTS, FIVE of CLUBS]
  Basic Bot 1 → [FIVE of DIAMONDS, JACK of DIAMONDS, TWO of SPADES, JACK of HEARTS, NINE of HEARTS, JACK of SPADES, FOUR of HEARTS]
  Basic Bot 2 → [ACE of DIAMONDS, SEVEN of SPADES, TWO of CLUBS]
  Basic Bot 3 → [TWO of HEARTS, FIVE of HEARTS, EIGHT of HEARTS, FIVE of SPADES]

STEP 72: Basic Bot 2 turn purge: []
  Player 1 → [TWO of DIAMONDS, FOUR of DIAMONDS, EIGHT of DIAMONDS, SEVEN of CLUBS, NINE of DIAMONDS, ACE of HEARTS, FIVE of CLUBS]
  Basic Bot 1 → [FIVE of DIAMONDS, JACK of DIAMONDS, TWO of SPADES, JACK of HEARTS, NINE of HEARTS, JACK of SPADES, FOUR of HEARTS]
  Basic Bot 2 → [ACE of DIAMONDS, TWO of CLUBS, SEVEN of SPADES, EIGHT of HEARTS]
  Basic Bot 3 → [TWO of HEARTS, FIVE of HEARTS, FIVE of SPADES]

STEP 73: Basic Bot 3 turn purge: []
  Player 1 → [TWO of DIAMONDS, FOUR of DIAMONDS, SEVEN of CLUBS, NINE of DIAMONDS, ACE of HEARTS, FIVE of CLUBS]
  Basic Bot 1 → [FIVE of DIAMONDS, JACK of DIAMONDS, TWO of SPADES, JACK of HEARTS, NINE of HEARTS, JACK of SPADES, FOUR of HEARTS]
  Basic Bot 2 → [ACE of DIAMONDS, TWO of CLUBS, SEVEN of SPADES, EIGHT of HEARTS]
  Basic Bot 3 → [TWO of HEARTS, FIVE of HEARTS, FIVE of SPADES, EIGHT of DIAMONDS]

STEP 74: Player 1 turn purge: []
  Player 1 → [TWO of DIAMONDS, FOUR of DIAMONDS, SEVEN of CLUBS, NINE of DIAMONDS, ACE of HEARTS, FIVE of CLUBS, NINE of HEARTS]
  Basic Bot 1 → [FIVE of DIAMONDS, JACK of DIAMONDS, TWO of SPADES, JACK of HEARTS, JACK of SPADES, FOUR of HEARTS]
  Basic Bot 2 → [ACE of DIAMONDS, TWO of CLUBS, SEVEN of SPADES, EIGHT of HEARTS]
  Basic Bot 3 → [TWO of HEARTS, FIVE of HEARTS, FIVE of SPADES, EIGHT of DIAMONDS]

STEP 75: Basic Bot 1 turn purge: []
  Player 1 → [TWO of DIAMONDS, FOUR of DIAMONDS, SEVEN of CLUBS, NINE of DIAMONDS, ACE of HEARTS, FIVE of CLUBS, NINE of HEARTS]
  Basic Bot 1 → [FIVE of DIAMONDS, JACK of DIAMONDS, TWO of SPADES, JACK of HEARTS, JACK of SPADES, FOUR of HEARTS, TWO of CLUBS]
  Basic Bot 2 → [ACE of DIAMONDS, SEVEN of SPADES, EIGHT of HEARTS]
  Basic Bot 3 → [TWO of HEARTS, FIVE of HEARTS, FIVE of SPADES, EIGHT of DIAMONDS]

STEP 76: Basic Bot 2 turn purge: []
  Player 1 → [TWO of DIAMONDS, FOUR of DIAMONDS, SEVEN of CLUBS, NINE of DIAMONDS, ACE of HEARTS, FIVE of CLUBS, NINE of HEARTS]
  Basic Bot 1 → [FIVE of DIAMONDS, JACK of DIAMONDS, TWO of SPADES, JACK of HEARTS, JACK of SPADES, FOUR of HEARTS, TWO of CLUBS]
  Basic Bot 2 → [ACE of DIAMONDS, SEVEN of SPADES, EIGHT of HEARTS, FIVE of HEARTS]
  Basic Bot 3 → [TWO of HEARTS, FIVE of SPADES, EIGHT of DIAMONDS]

STEP 77: Basic Bot 3 turn purge: []
  Player 1 → [TWO of DIAMONDS, FOUR of DIAMONDS, NINE of DIAMONDS, ACE of HEARTS, FIVE of CLUBS, NINE of HEARTS]
  Basic Bot 1 → [FIVE of DIAMONDS, JACK of DIAMONDS, TWO of SPADES, JACK of HEARTS, JACK of SPADES, FOUR of HEARTS, TWO of CLUBS]
  Basic Bot 2 → [ACE of DIAMONDS, SEVEN of SPADES, EIGHT of HEARTS, FIVE of HEARTS]
  Basic Bot 3 → [TWO of HEARTS, EIGHT of DIAMONDS, FIVE of SPADES, SEVEN of CLUBS]

STEP 78: Player 1 turn purge: [NINE of DIAMONDS, NINE of HEARTS]
  Player 1 → [TWO of DIAMONDS, FOUR of DIAMONDS, ACE of HEARTS, FIVE of CLUBS, TWO of CLUBS]
  Basic Bot 1 → [FIVE of DIAMONDS, JACK of DIAMONDS, TWO of SPADES, JACK of HEARTS, JACK of SPADES, FOUR of HEARTS]
  Basic Bot 2 → [ACE of DIAMONDS, SEVEN of SPADES, EIGHT of HEARTS, FIVE of HEARTS]
  Basic Bot 3 → [TWO of HEARTS, EIGHT of DIAMONDS, FIVE of SPADES, SEVEN of CLUBS]

STEP 79: Basic Bot 1 turn purge: [JACK of DIAMONDS, JACK of HEARTS]
  Player 1 → [TWO of DIAMONDS, FOUR of DIAMONDS, ACE of HEARTS, FIVE of CLUBS, TWO of CLUBS]
  Basic Bot 1 → [TWO of SPADES, FOUR of HEARTS, FIVE of DIAMONDS, JACK of SPADES, SEVEN of SPADES]
  Basic Bot 2 → [ACE of DIAMONDS, EIGHT of HEARTS, FIVE of HEARTS]
  Basic Bot 3 → [TWO of HEARTS, EIGHT of DIAMONDS, FIVE of SPADES, SEVEN of CLUBS]

STEP 80: Basic Bot 2 turn purge: []
  Player 1 → [TWO of DIAMONDS, FOUR of DIAMONDS, ACE of HEARTS, FIVE of CLUBS, TWO of CLUBS]
  Basic Bot 1 → [TWO of SPADES, FOUR of HEARTS, FIVE of DIAMONDS, JACK of SPADES, SEVEN of SPADES]
  Basic Bot 2 → [ACE of DIAMONDS, FIVE of HEARTS, EIGHT of HEARTS, TWO of HEARTS]
  Basic Bot 3 → [EIGHT of DIAMONDS, FIVE of SPADES, SEVEN of CLUBS]

STEP 81: Basic Bot 3 turn purge: []
  Player 1 → [FOUR of DIAMONDS, ACE of HEARTS, FIVE of CLUBS, TWO of CLUBS]
  Basic Bot 1 → [TWO of SPADES, FOUR of HEARTS, FIVE of DIAMONDS, JACK of SPADES, SEVEN of SPADES]
  Basic Bot 2 → [ACE of DIAMONDS, FIVE of HEARTS, EIGHT of HEARTS, TWO of HEARTS]
  Basic Bot 3 → [SEVEN of CLUBS, EIGHT of DIAMONDS, FIVE of SPADES, TWO of DIAMONDS]

STEP 82: Player 1 turn purge: []
  Player 1 → [FOUR of DIAMONDS, ACE of HEARTS, FIVE of CLUBS, TWO of CLUBS, FIVE of DIAMONDS]
  Basic Bot 1 → [TWO of SPADES, FOUR of HEARTS, JACK of SPADES, SEVEN of SPADES]
  Basic Bot 2 → [ACE of DIAMONDS, FIVE of HEARTS, EIGHT of HEARTS, TWO of HEARTS]
  Basic Bot 3 → [SEVEN of CLUBS, EIGHT of DIAMONDS, FIVE of SPADES, TWO of DIAMONDS]

STEP 83: Basic Bot 1 turn purge: []
  Player 1 → [FOUR of DIAMONDS, ACE of HEARTS, FIVE of CLUBS, TWO of CLUBS, FIVE of DIAMONDS]
  Basic Bot 1 → [TWO of SPADES, FOUR of HEARTS, SEVEN of SPADES, JACK of SPADES, TWO of HEARTS]
  Basic Bot 2 → [ACE of DIAMONDS, FIVE of HEARTS, EIGHT of HEARTS]
  Basic Bot 3 → [SEVEN of CLUBS, EIGHT of DIAMONDS, FIVE of SPADES, TWO of DIAMONDS]

STEP 84: Basic Bot 2 turn purge: []
  Player 1 → [FOUR of DIAMONDS, ACE of HEARTS, FIVE of CLUBS, TWO of CLUBS, FIVE of DIAMONDS]
  Basic Bot 1 → [TWO of SPADES, FOUR of HEARTS, SEVEN of SPADES, JACK of SPADES, TWO of HEARTS]
  Basic Bot 2 → [ACE of DIAMONDS, FIVE of HEARTS, EIGHT of HEARTS, SEVEN of CLUBS]
  Basic Bot 3 → [EIGHT of DIAMONDS, FIVE of SPADES, TWO of DIAMONDS]

STEP 85: Basic Bot 3 turn purge: []
  Player 1 → [FOUR of DIAMONDS, ACE of HEARTS, FIVE of CLUBS, TWO of CLUBS]
  Basic Bot 1 → [TWO of SPADES, FOUR of HEARTS, SEVEN of SPADES, JACK of SPADES, TWO of HEARTS]
  Basic Bot 2 → [ACE of DIAMONDS, FIVE of HEARTS, EIGHT of HEARTS, SEVEN of CLUBS]
  Basic Bot 3 → [TWO of DIAMONDS, EIGHT of DIAMONDS, FIVE of SPADES, FIVE of DIAMONDS]

STEP 86: Player 1 turn purge: []
  Player 1 → [FOUR of DIAMONDS, ACE of HEARTS, FIVE of CLUBS, TWO of CLUBS, TWO of SPADES]
  Basic Bot 1 → [FOUR of HEARTS, SEVEN of SPADES, JACK of SPADES, TWO of HEARTS]
  Basic Bot 2 → [ACE of DIAMONDS, FIVE of HEARTS, EIGHT of HEARTS, SEVEN of CLUBS]
  Basic Bot 3 → [TWO of DIAMONDS, EIGHT of DIAMONDS, FIVE of SPADES, FIVE of DIAMONDS]

STEP 87: Basic Bot 1 turn purge: []
  Player 1 → [FOUR of DIAMONDS, ACE of HEARTS, FIVE of CLUBS, TWO of CLUBS, TWO of SPADES]
  Basic Bot 1 → [FOUR of HEARTS, SEVEN of SPADES, JACK of SPADES, TWO of HEARTS, EIGHT of HEARTS]
  Basic Bot 2 → [ACE of DIAMONDS, FIVE of HEARTS, SEVEN of CLUBS]
  Basic Bot 3 → [TWO of DIAMONDS, EIGHT of DIAMONDS, FIVE of SPADES, FIVE of DIAMONDS]

STEP 88: Basic Bot 2 turn purge: []
  Player 1 → [FOUR of DIAMONDS, ACE of HEARTS, FIVE of CLUBS, TWO of CLUBS, TWO of SPADES]
  Basic Bot 1 → [FOUR of HEARTS, SEVEN of SPADES, JACK of SPADES, TWO of HEARTS, EIGHT of HEARTS]
  Basic Bot 2 → [SEVEN of CLUBS, ACE of DIAMONDS, FIVE of HEARTS, TWO of DIAMONDS]
  Basic Bot 3 → [EIGHT of DIAMONDS, FIVE of SPADES, FIVE of DIAMONDS]

STEP 89: Basic Bot 3 turn purge: []
  Player 1 → [ACE of HEARTS, FIVE of CLUBS, TWO of CLUBS, TWO of SPADES]
  Basic Bot 1 → [FOUR of HEARTS, SEVEN of SPADES, JACK of SPADES, TWO of HEARTS, EIGHT of HEARTS]
  Basic Bot 2 → [SEVEN of CLUBS, ACE of DIAMONDS, FIVE of HEARTS, TWO of DIAMONDS]
  Basic Bot 3 → [FIVE of DIAMONDS, FIVE of SPADES, EIGHT of DIAMONDS, FOUR of DIAMONDS]

STEP 90: Player 1 turn purge: [TWO of CLUBS, TWO of SPADES]
  Player 1 → [ACE of HEARTS, FIVE of CLUBS, FOUR of HEARTS]
  Basic Bot 1 → [SEVEN of SPADES, JACK of SPADES, TWO of HEARTS, EIGHT of HEARTS]
  Basic Bot 2 → [SEVEN of CLUBS, ACE of DIAMONDS, FIVE of HEARTS, TWO of DIAMONDS]
  Basic Bot 3 → [FIVE of DIAMONDS, FIVE of SPADES, EIGHT of DIAMONDS, FOUR of DIAMONDS]

STEP 91: Basic Bot 1 turn purge: []
  Player 1 → [ACE of HEARTS, FIVE of CLUBS, FOUR of HEARTS]
  Basic Bot 1 → [SEVEN of SPADES, JACK of SPADES, TWO of HEARTS, EIGHT of HEARTS, ACE of DIAMONDS]
  Basic Bot 2 → [SEVEN of CLUBS, FIVE of HEARTS, TWO of DIAMONDS]
  Basic Bot 3 → [FIVE of DIAMONDS, FIVE of SPADES, EIGHT of DIAMONDS, FOUR of DIAMONDS]

STEP 92: Basic Bot 2 turn purge: []
  Player 1 → [ACE of HEARTS, FIVE of CLUBS, FOUR of HEARTS]
  Basic Bot 1 → [SEVEN of SPADES, JACK of SPADES, TWO of HEARTS, EIGHT of HEARTS, ACE of DIAMONDS]
  Basic Bot 2 → [SEVEN of CLUBS, TWO of DIAMONDS, FIVE of HEARTS, FIVE of SPADES]
  Basic Bot 3 → [FIVE of DIAMONDS, EIGHT of DIAMONDS, FOUR of DIAMONDS]

STEP 93: Basic Bot 3 turn purge: []
  Player 1 → [FIVE of CLUBS, FOUR of HEARTS]
  Basic Bot 1 → [SEVEN of SPADES, JACK of SPADES, TWO of HEARTS, EIGHT of HEARTS, ACE of DIAMONDS]
  Basic Bot 2 → [SEVEN of CLUBS, TWO of DIAMONDS, FIVE of HEARTS, FIVE of SPADES]
  Basic Bot 3 → [FOUR of DIAMONDS, FIVE of DIAMONDS, EIGHT of DIAMONDS, ACE of HEARTS]

STEP 94: Player 1 turn purge: []
  Player 1 → [FIVE of CLUBS, FOUR of HEARTS, SEVEN of SPADES]
  Basic Bot 1 → [JACK of SPADES, TWO of HEARTS, EIGHT of HEARTS, ACE of DIAMONDS]
  Basic Bot 2 → [SEVEN of CLUBS, TWO of DIAMONDS, FIVE of HEARTS, FIVE of SPADES]
  Basic Bot 3 → [FOUR of DIAMONDS, FIVE of DIAMONDS, EIGHT of DIAMONDS, ACE of HEARTS]

STEP 95: Basic Bot 1 turn purge: []
  Player 1 → [FIVE of CLUBS, FOUR of HEARTS, SEVEN of SPADES]
  Basic Bot 1 → [ACE of DIAMONDS, TWO of HEARTS, EIGHT of HEARTS, JACK of SPADES, SEVEN of CLUBS]
  Basic Bot 2 → [TWO of DIAMONDS, FIVE of HEARTS, FIVE of SPADES]
  Basic Bot 3 → [FOUR of DIAMONDS, FIVE of DIAMONDS, EIGHT of DIAMONDS, ACE of HEARTS]

STEP 96: Basic Bot 2 turn purge: []
  Player 1 → [FIVE of CLUBS, FOUR of HEARTS, SEVEN of SPADES]
  Basic Bot 1 → [ACE of DIAMONDS, TWO of HEARTS, EIGHT of HEARTS, JACK of SPADES, SEVEN of CLUBS]
  Basic Bot 2 → [TWO of DIAMONDS, FIVE of HEARTS, FIVE of SPADES, ACE of HEARTS]
  Basic Bot 3 → [FOUR of DIAMONDS, FIVE of DIAMONDS, EIGHT of DIAMONDS]

STEP 97: Basic Bot 3 turn purge: []
  Player 1 → [FIVE of CLUBS, FOUR of HEARTS]
  Basic Bot 1 → [ACE of DIAMONDS, TWO of HEARTS, EIGHT of HEARTS, JACK of SPADES, SEVEN of CLUBS]
  Basic Bot 2 → [TWO of DIAMONDS, FIVE of HEARTS, FIVE of SPADES, ACE of HEARTS]
  Basic Bot 3 → [FOUR of DIAMONDS, FIVE of DIAMONDS, EIGHT of DIAMONDS, SEVEN of SPADES]

STEP 98: Player 1 turn purge: []
  Player 1 → [FIVE of CLUBS, FOUR of HEARTS, SEVEN of CLUBS]
  Basic Bot 1 → [ACE of DIAMONDS, TWO of HEARTS, EIGHT of HEARTS, JACK of SPADES]
  Basic Bot 2 → [TWO of DIAMONDS, FIVE of HEARTS, FIVE of SPADES, ACE of HEARTS]
  Basic Bot 3 → [FOUR of DIAMONDS, FIVE of DIAMONDS, EIGHT of DIAMONDS, SEVEN of SPADES]

STEP 99: Basic Bot 1 turn purge: []
  Player 1 → [FIVE of CLUBS, FOUR of HEARTS, SEVEN of CLUBS]
  Basic Bot 1 → [ACE of DIAMONDS, TWO of HEARTS, EIGHT of HEARTS, JACK of SPADES, FIVE of HEARTS]
  Basic Bot 2 → [TWO of DIAMONDS, FIVE of SPADES, ACE of HEARTS]
  Basic Bot 3 → [FOUR of DIAMONDS, FIVE of DIAMONDS, EIGHT of DIAMONDS, SEVEN of SPADES]

STEP 100: Basic Bot 2 turn purge: []
  Player 1 → [FIVE of CLUBS, FOUR of HEARTS, SEVEN of CLUBS]
  Basic Bot 1 → [ACE of DIAMONDS, TWO of HEARTS, EIGHT of HEARTS, JACK of SPADES, FIVE of HEARTS]
  Basic Bot 2 → [ACE of HEARTS, TWO of DIAMONDS, FIVE of SPADES, FOUR of DIAMONDS]
  Basic Bot 3 → [FIVE of DIAMONDS, EIGHT of DIAMONDS, SEVEN of SPADES]

STEP 101: Basic Bot 3 turn purge: []
  Player 1 → [FIVE of CLUBS, SEVEN of CLUBS]
  Basic Bot 1 → [ACE of DIAMONDS, TWO of HEARTS, EIGHT of HEARTS, JACK of SPADES, FIVE of HEARTS]
  Basic Bot 2 → [ACE of HEARTS, TWO of DIAMONDS, FIVE of SPADES, FOUR of DIAMONDS]
  Basic Bot 3 → [FIVE of DIAMONDS, EIGHT of DIAMONDS, SEVEN of SPADES, FOUR of HEARTS]

STEP 102: Player 1 turn purge: []
  Player 1 → [FIVE of CLUBS, SEVEN of CLUBS, EIGHT of HEARTS]
  Basic Bot 1 → [ACE of DIAMONDS, TWO of HEARTS, JACK of SPADES, FIVE of HEARTS]
  Basic Bot 2 → [ACE of HEARTS, TWO of DIAMONDS, FIVE of SPADES, FOUR of DIAMONDS]
  Basic Bot 3 → [FIVE of DIAMONDS, EIGHT of DIAMONDS, SEVEN of SPADES, FOUR of HEARTS]

STEP 103: Basic Bot 1 turn purge: [TWO of HEARTS, TWO of DIAMONDS]
  Player 1 → [FIVE of CLUBS, SEVEN of CLUBS, EIGHT of HEARTS]
  Basic Bot 1 → [ACE of DIAMONDS, FIVE of HEARTS, JACK of SPADES]
  Basic Bot 2 → [ACE of HEARTS, FIVE of SPADES, FOUR of DIAMONDS]
  Basic Bot 3 → [FIVE of DIAMONDS, EIGHT of DIAMONDS, SEVEN of SPADES, FOUR of HEARTS]

STEP 104: Basic Bot 2 turn purge: []
  Player 1 → [FIVE of CLUBS, SEVEN of CLUBS, EIGHT of HEARTS]
  Basic Bot 1 → [ACE of DIAMONDS, FIVE of HEARTS, JACK of SPADES]
  Basic Bot 2 → [ACE of HEARTS, FOUR of DIAMONDS, FIVE of SPADES, SEVEN of SPADES]
  Basic Bot 3 → [FIVE of DIAMONDS, EIGHT of DIAMONDS, FOUR of HEARTS]

STEP 105: Basic Bot 3 turn purge: []
  Player 1 → [FIVE of CLUBS, EIGHT of HEARTS]
  Basic Bot 1 → [ACE of DIAMONDS, FIVE of HEARTS, JACK of SPADES]
  Basic Bot 2 → [ACE of HEARTS, FOUR of DIAMONDS, FIVE of SPADES, SEVEN of SPADES]
  Basic Bot 3 → [FOUR of HEARTS, FIVE of DIAMONDS, EIGHT of DIAMONDS, SEVEN of CLUBS]

STEP 106: Player 1 turn purge: []
  Player 1 → [FIVE of CLUBS, EIGHT of HEARTS, ACE of DIAMONDS]
  Basic Bot 1 → [FIVE of HEARTS, JACK of SPADES]
  Basic Bot 2 → [ACE of HEARTS, FOUR of DIAMONDS, FIVE of SPADES, SEVEN of SPADES]
  Basic Bot 3 → [FOUR of HEARTS, FIVE of DIAMONDS, EIGHT of DIAMONDS, SEVEN of CLUBS]

STEP 107: Basic Bot 1 turn purge: []
  Player 1 → [FIVE of CLUBS, EIGHT of HEARTS, ACE of DIAMONDS]
  Basic Bot 1 → [FIVE of HEARTS, JACK of SPADES, FIVE of SPADES]
  Basic Bot 2 → [ACE of HEARTS, FOUR of DIAMONDS, SEVEN of SPADES]
  Basic Bot 3 → [FOUR of HEARTS, FIVE of DIAMONDS, EIGHT of DIAMONDS, SEVEN of CLUBS]

STEP 108: Basic Bot 2 turn purge: [FOUR of DIAMONDS, FOUR of HEARTS]
  Player 1 → [FIVE of CLUBS, EIGHT of HEARTS, ACE of DIAMONDS]
  Basic Bot 1 → [FIVE of HEARTS, JACK of SPADES, FIVE of SPADES]
  Basic Bot 2 → [ACE of HEARTS, SEVEN of SPADES]
  Basic Bot 3 → [FIVE of DIAMONDS, EIGHT of DIAMONDS, SEVEN of CLUBS]

STEP 109: Basic Bot 3 turn purge: []
  Player 1 → [FIVE of CLUBS, EIGHT of HEARTS]
  Basic Bot 1 → [FIVE of HEARTS, JACK of SPADES, FIVE of SPADES]
  Basic Bot 2 → [ACE of HEARTS, SEVEN of SPADES]
  Basic Bot 3 → [FIVE of DIAMONDS, EIGHT of DIAMONDS, SEVEN of CLUBS, ACE of DIAMONDS]

STEP 110: Player 1 turn purge: []
  Player 1 → [FIVE of CLUBS, EIGHT of HEARTS, JACK of SPADES]
  Basic Bot 1 → [FIVE of HEARTS, FIVE of SPADES]
  Basic Bot 2 → [ACE of HEARTS, SEVEN of SPADES]
  Basic Bot 3 → [FIVE of DIAMONDS, EIGHT of DIAMONDS, SEVEN of CLUBS, ACE of DIAMONDS]

STEP 111: Basic Bot 1 turn purge: []
  Player 1 → [FIVE of CLUBS, EIGHT of HEARTS, JACK of SPADES]
  Basic Bot 1 → [FIVE of HEARTS, FIVE of SPADES, ACE of HEARTS]
  Basic Bot 2 → [SEVEN of SPADES]
  Basic Bot 3 → [FIVE of DIAMONDS, EIGHT of DIAMONDS, SEVEN of CLUBS, ACE of DIAMONDS]

STEP 112: Basic Bot 2 turn purge: []
  Player 1 → [FIVE of CLUBS, EIGHT of HEARTS, JACK of SPADES]
  Basic Bot 1 → [FIVE of HEARTS, FIVE of SPADES, ACE of HEARTS]
  Basic Bot 2 → [SEVEN of SPADES, EIGHT of DIAMONDS]
  Basic Bot 3 → [FIVE of DIAMONDS, SEVEN of CLUBS, ACE of DIAMONDS]

STEP 113: Basic Bot 3 turn purge: []
  Player 1 → [FIVE of CLUBS, EIGHT of HEARTS]
  Basic Bot 1 → [FIVE of HEARTS, FIVE of SPADES, ACE of HEARTS]
  Basic Bot 2 → [SEVEN of SPADES, EIGHT of DIAMONDS]
  Basic Bot 3 → [ACE of DIAMONDS, FIVE of DIAMONDS, SEVEN of CLUBS, JACK of SPADES]

STEP 114: Player 1 turn purge: []
  Player 1 → [FIVE of CLUBS, EIGHT of HEARTS, FIVE of HEARTS]
  Basic Bot 1 → [FIVE of SPADES, ACE of HEARTS]
  Basic Bot 2 → [SEVEN of SPADES, EIGHT of DIAMONDS]
  Basic Bot 3 → [ACE of DIAMONDS, FIVE of DIAMONDS, SEVEN of CLUBS, JACK of SPADES]

STEP 115: Basic Bot 1 turn purge: []
  Player 1 → [FIVE of CLUBS, EIGHT of HEARTS, FIVE of HEARTS]
  Basic Bot 1 → [FIVE of SPADES, ACE of HEARTS, SEVEN of SPADES]
  Basic Bot 2 → [EIGHT of DIAMONDS]
  Basic Bot 3 → [ACE of DIAMONDS, FIVE of DIAMONDS, SEVEN of CLUBS, JACK of SPADES]

STEP 116: Basic Bot 2 turn purge: []
  Player 1 → [FIVE of CLUBS, EIGHT of HEARTS, FIVE of HEARTS]
  Basic Bot 1 → [FIVE of SPADES, ACE of HEARTS, SEVEN of SPADES]
  Basic Bot 2 → [EIGHT of DIAMONDS, SEVEN of CLUBS]
  Basic Bot 3 → [ACE of DIAMONDS, FIVE of DIAMONDS, JACK of SPADES]

STEP 117: Basic Bot 3 turn purge: [FIVE of DIAMONDS, FIVE of HEARTS]
  Player 1 → [FIVE of CLUBS, EIGHT of HEARTS]
  Basic Bot 1 → [FIVE of SPADES, ACE of HEARTS, SEVEN of SPADES]
  Basic Bot 2 → [EIGHT of DIAMONDS, SEVEN of CLUBS]
  Basic Bot 3 → [ACE of DIAMONDS, JACK of SPADES]

STEP 118: Player 1 turn purge: []
  Player 1 → [FIVE of CLUBS, EIGHT of HEARTS, ACE of HEARTS]
  Basic Bot 1 → [FIVE of SPADES, SEVEN of SPADES]
  Basic Bot 2 → [EIGHT of DIAMONDS, SEVEN of CLUBS]
  Basic Bot 3 → [ACE of DIAMONDS, JACK of SPADES]

STEP 119: Basic Bot 1 turn purge: []
  Player 1 → [FIVE of CLUBS, EIGHT of HEARTS, ACE of HEARTS]
  Basic Bot 1 → [FIVE of SPADES, SEVEN of SPADES, SEVEN of CLUBS]
  Basic Bot 2 → [EIGHT of DIAMONDS]
  Basic Bot 3 → [ACE of DIAMONDS, JACK of SPADES]

STEP 120: Basic Bot 2 turn purge: []
  Player 1 → [FIVE of CLUBS, EIGHT of HEARTS, ACE of HEARTS]
  Basic Bot 1 → [FIVE of SPADES, SEVEN of SPADES, SEVEN of CLUBS]
  Basic Bot 2 → [EIGHT of DIAMONDS, ACE of DIAMONDS]
  Basic Bot 3 → [JACK of SPADES]

STEP 121: Basic Bot 3 turn purge: []
  Player 1 → [FIVE of CLUBS, ACE of HEARTS]
  Basic Bot 1 → [FIVE of SPADES, SEVEN of SPADES, SEVEN of CLUBS]
  Basic Bot 2 → [EIGHT of DIAMONDS, ACE of DIAMONDS]
  Basic Bot 3 → [JACK of SPADES, EIGHT of HEARTS]

STEP 122: Player 1 turn purge: []
  Player 1 → [FIVE of CLUBS, ACE of HEARTS, FIVE of SPADES]
  Basic Bot 1 → [SEVEN of SPADES, SEVEN of CLUBS]
  Basic Bot 2 → [EIGHT of DIAMONDS, ACE of DIAMONDS]
  Basic Bot 3 → [JACK of SPADES, EIGHT of HEARTS]

STEP 123: Basic Bot 1 turn purge: [SEVEN of SPADES, SEVEN of CLUBS]
  Player 1 → [FIVE of CLUBS, ACE of HEARTS, FIVE of SPADES]
  Basic Bot 1 → [EIGHT of DIAMONDS]
  Basic Bot 2 → [ACE of DIAMONDS]
  Basic Bot 3 → [JACK of SPADES, EIGHT of HEARTS]

STEP 124: Basic Bot 2 turn purge: []
  Player 1 → [FIVE of CLUBS, ACE of HEARTS, FIVE of SPADES]
  Basic Bot 1 → [EIGHT of DIAMONDS]
  Basic Bot 2 → [ACE of DIAMONDS, EIGHT of HEARTS]
  Basic Bot 3 → [JACK of SPADES]

STEP 125: Basic Bot 3 turn purge: []
  Player 1 → [FIVE of CLUBS, FIVE of SPADES]
  Basic Bot 1 → [EIGHT of DIAMONDS]
  Basic Bot 2 → [ACE of DIAMONDS, EIGHT of HEARTS]
  Basic Bot 3 → [JACK of SPADES, ACE of HEARTS]

STEP 126: Player 1 turn purge: [FIVE of CLUBS, FIVE of SPADES]
  Player 1 → []
  Basic Bot 1 → [EIGHT of DIAMONDS]
  Basic Bot 2 → [ACE of DIAMONDS, EIGHT of HEARTS]
  Basic Bot 3 → [JACK of SPADES, ACE of HEARTS]

STEP 127: Basic Bot 1 turn purge: [EIGHT of DIAMONDS, EIGHT of HEARTS]
  Player 1 → []
  Basic Bot 1 → []
  Basic Bot 2 → [ACE of DIAMONDS]
  Basic Bot 3 → [JACK of SPADES, ACE of HEARTS]

STEP 128: Basic Bot 2 turn purge: [ACE of DIAMONDS, ACE of HEARTS]
  Player 1 → []
  Basic Bot 1 → []
  Basic Bot 2 → []
  Basic Bot 3 → [JACK of SPADES]

STEP 129: Game over
  Player 1 → []
  Basic Bot 1 → []
  Basic Bot 2 → []
  Basic Bot 3 → [JACK of SPADES]

End of replay at 2025-05-07 12:04:28
